 
****************************************
Report : clocks
Design : SYS_TOP_DFT
Version: K-2015.06
Date   : Thu Oct  9 04:40:06 2025
****************************************

Attributes:
    d - dont_touch_network
    f - fix_hold
    p - propagated_clock
    G - generated_clock
    g - lib_generated_clock

Clock          Period   Waveform            Attrs     Sources
--------------------------------------------------------------------------------
ALU_CLK         10.00   {0 5}               G d       {U0_CLK_GATE/GATED_CLK}
REF_CLK         10.00   {0 5}               d         {REF_CLK}
SCAN_CLK       100.00   {0 50}              d         {scan_clk}
UART_CLK       271.27   {0 135.633}         d         {UART_CLK}
UART_RX_CLK    271.27   {0 135.633}         G d       {U1_ClkDiv/o_div_clk}
UART_TX_CLK   8680.54   {0 4340.27}         G d       {U0_ClkDiv/o_div_clk}
--------------------------------------------------------------------------------

Generated     Master         Generated      Master         Waveform
Clock         Source         Source         Clock          Modification
--------------------------------------------------------------------------------
ALU_CLK       REF_CLK        {U0_CLK_GATE/GATED_CLK}
                                            REF_CLK        divide_by(1)
UART_RX_CLK   UART_CLK       {U1_ClkDiv/o_div_clk}
                                            UART_CLK       divide_by(1)
UART_TX_CLK   UART_CLK       {U0_ClkDiv/o_div_clk}
                                            UART_CLK       divide_by(32)
--------------------------------------------------------------------------------
1
