 
****************************************
Report : timing
        -path full
        -delay min
        -max_paths 20
Design : SYS_TOP_DFT
Version: K-2015.06
Date   : Thu Oct  9 04:40:06 2025
****************************************

Operating Conditions: scmetro_tsmc_cl013g_rvt_ff_1p32v_m40c   Library: scmetro_tsmc_cl013g_rvt_ff_1p32v_m40c
Wire Load Model Mode: top

  Startpoint: U0_ALU/ALU_OUT_reg[14]
              (rising edge-triggered flip-flop clocked by ALU_CLK)
  Endpoint: U0_ALU/ALU_OUT_reg[15]
            (rising edge-triggered flip-flop clocked by ALU_CLK)
  Path Group: ALU_CLK
  Path Type: min

  Point                                                   Incr       Path
  --------------------------------------------------------------------------
  clock ALU_CLK (rise edge)                               0.00       0.00
  clock network delay (ideal)                             0.00       0.00
  U0_ALU/ALU_OUT_reg[14]/CK (SDFFRQX2M)                   0.00       0.00 r
  U0_ALU/ALU_OUT_reg[14]/Q (SDFFRQX2M)                    0.35       0.35 r
  U0_ALU/ALU_OUT_reg[15]/SI (SDFFRQX2M)                   0.00       0.35 r
  data arrival time                                                  0.35

  clock ALU_CLK (rise edge)                               0.00       0.00
  clock network delay (ideal)                             0.00       0.00
  clock uncertainty                                       0.10       0.10
  U0_ALU/ALU_OUT_reg[15]/CK (SDFFRQX2M)                   0.00       0.10 r
  library hold time                                      -0.18      -0.08
  data required time                                                -0.08
  --------------------------------------------------------------------------
  data required time                                                -0.08
  data arrival time                                                 -0.35
  --------------------------------------------------------------------------
  slack (MET)                                                        0.43


  Startpoint: U0_ALU/ALU_OUT_reg[13]
              (rising edge-triggered flip-flop clocked by ALU_CLK)
  Endpoint: U0_ALU/ALU_OUT_reg[14]
            (rising edge-triggered flip-flop clocked by ALU_CLK)
  Path Group: ALU_CLK
  Path Type: min

  Point                                                   Incr       Path
  --------------------------------------------------------------------------
  clock ALU_CLK (rise edge)                               0.00       0.00
  clock network delay (ideal)                             0.00       0.00
  U0_ALU/ALU_OUT_reg[13]/CK (SDFFRQX2M)                   0.00       0.00 r
  U0_ALU/ALU_OUT_reg[13]/Q (SDFFRQX2M)                    0.35       0.35 r
  U0_ALU/ALU_OUT_reg[14]/SI (SDFFRQX2M)                   0.00       0.35 r
  data arrival time                                                  0.35

  clock ALU_CLK (rise edge)                               0.00       0.00
  clock network delay (ideal)                             0.00       0.00
  clock uncertainty                                       0.10       0.10
  U0_ALU/ALU_OUT_reg[14]/CK (SDFFRQX2M)                   0.00       0.10 r
  library hold time                                      -0.18      -0.08
  data required time                                                -0.08
  --------------------------------------------------------------------------
  data required time                                                -0.08
  data arrival time                                                 -0.35
  --------------------------------------------------------------------------
  slack (MET)                                                        0.43


  Startpoint: U0_ALU/ALU_OUT_reg[12]
              (rising edge-triggered flip-flop clocked by ALU_CLK)
  Endpoint: U0_ALU/ALU_OUT_reg[13]
            (rising edge-triggered flip-flop clocked by ALU_CLK)
  Path Group: ALU_CLK
  Path Type: min

  Point                                                   Incr       Path
  --------------------------------------------------------------------------
  clock ALU_CLK (rise edge)                               0.00       0.00
  clock network delay (ideal)                             0.00       0.00
  U0_ALU/ALU_OUT_reg[12]/CK (SDFFRQX2M)                   0.00       0.00 r
  U0_ALU/ALU_OUT_reg[12]/Q (SDFFRQX2M)                    0.35       0.35 r
  U0_ALU/ALU_OUT_reg[13]/SI (SDFFRQX2M)                   0.00       0.35 r
  data arrival time                                                  0.35

  clock ALU_CLK (rise edge)                               0.00       0.00
  clock network delay (ideal)                             0.00       0.00
  clock uncertainty                                       0.10       0.10
  U0_ALU/ALU_OUT_reg[13]/CK (SDFFRQX2M)                   0.00       0.10 r
  library hold time                                      -0.18      -0.08
  data required time                                                -0.08
  --------------------------------------------------------------------------
  data required time                                                -0.08
  data arrival time                                                 -0.35
  --------------------------------------------------------------------------
  slack (MET)                                                        0.43


  Startpoint: U0_ALU/ALU_OUT_reg[11]
              (rising edge-triggered flip-flop clocked by ALU_CLK)
  Endpoint: U0_ALU/ALU_OUT_reg[12]
            (rising edge-triggered flip-flop clocked by ALU_CLK)
  Path Group: ALU_CLK
  Path Type: min

  Point                                                   Incr       Path
  --------------------------------------------------------------------------
  clock ALU_CLK (rise edge)                               0.00       0.00
  clock network delay (ideal)                             0.00       0.00
  U0_ALU/ALU_OUT_reg[11]/CK (SDFFRQX2M)                   0.00       0.00 r
  U0_ALU/ALU_OUT_reg[11]/Q (SDFFRQX2M)                    0.35       0.35 r
  U0_ALU/ALU_OUT_reg[12]/SI (SDFFRQX2M)                   0.00       0.35 r
  data arrival time                                                  0.35

  clock ALU_CLK (rise edge)                               0.00       0.00
  clock network delay (ideal)                             0.00       0.00
  clock uncertainty                                       0.10       0.10
  U0_ALU/ALU_OUT_reg[12]/CK (SDFFRQX2M)                   0.00       0.10 r
  library hold time                                      -0.18      -0.08
  data required time                                                -0.08
  --------------------------------------------------------------------------
  data required time                                                -0.08
  data arrival time                                                 -0.35
  --------------------------------------------------------------------------
  slack (MET)                                                        0.43


  Startpoint: U0_ALU/ALU_OUT_reg[10]
              (rising edge-triggered flip-flop clocked by ALU_CLK)
  Endpoint: U0_ALU/ALU_OUT_reg[11]
            (rising edge-triggered flip-flop clocked by ALU_CLK)
  Path Group: ALU_CLK
  Path Type: min

  Point                                                   Incr       Path
  --------------------------------------------------------------------------
  clock ALU_CLK (rise edge)                               0.00       0.00
  clock network delay (ideal)                             0.00       0.00
  U0_ALU/ALU_OUT_reg[10]/CK (SDFFRQX2M)                   0.00       0.00 r
  U0_ALU/ALU_OUT_reg[10]/Q (SDFFRQX2M)                    0.35       0.35 r
  U0_ALU/ALU_OUT_reg[11]/SI (SDFFRQX2M)                   0.00       0.35 r
  data arrival time                                                  0.35

  clock ALU_CLK (rise edge)                               0.00       0.00
  clock network delay (ideal)                             0.00       0.00
  clock uncertainty                                       0.10       0.10
  U0_ALU/ALU_OUT_reg[11]/CK (SDFFRQX2M)                   0.00       0.10 r
  library hold time                                      -0.18      -0.08
  data required time                                                -0.08
  --------------------------------------------------------------------------
  data required time                                                -0.08
  data arrival time                                                 -0.35
  --------------------------------------------------------------------------
  slack (MET)                                                        0.43


  Startpoint: U0_ALU/ALU_OUT_reg[9]
              (rising edge-triggered flip-flop clocked by ALU_CLK)
  Endpoint: U0_ALU/ALU_OUT_reg[10]
            (rising edge-triggered flip-flop clocked by ALU_CLK)
  Path Group: ALU_CLK
  Path Type: min

  Point                                                   Incr       Path
  --------------------------------------------------------------------------
  clock ALU_CLK (rise edge)                               0.00       0.00
  clock network delay (ideal)                             0.00       0.00
  U0_ALU/ALU_OUT_reg[9]/CK (SDFFRQX2M)                    0.00       0.00 r
  U0_ALU/ALU_OUT_reg[9]/Q (SDFFRQX2M)                     0.35       0.35 r
  U0_ALU/ALU_OUT_reg[10]/SI (SDFFRQX2M)                   0.00       0.35 r
  data arrival time                                                  0.35

  clock ALU_CLK (rise edge)                               0.00       0.00
  clock network delay (ideal)                             0.00       0.00
  clock uncertainty                                       0.10       0.10
  U0_ALU/ALU_OUT_reg[10]/CK (SDFFRQX2M)                   0.00       0.10 r
  library hold time                                      -0.18      -0.08
  data required time                                                -0.08
  --------------------------------------------------------------------------
  data required time                                                -0.08
  data arrival time                                                 -0.35
  --------------------------------------------------------------------------
  slack (MET)                                                        0.43


  Startpoint: U0_ALU/ALU_OUT_reg[8]
              (rising edge-triggered flip-flop clocked by ALU_CLK)
  Endpoint: U0_ALU/ALU_OUT_reg[9]
            (rising edge-triggered flip-flop clocked by ALU_CLK)
  Path Group: ALU_CLK
  Path Type: min

  Point                                                   Incr       Path
  --------------------------------------------------------------------------
  clock ALU_CLK (rise edge)                               0.00       0.00
  clock network delay (ideal)                             0.00       0.00
  U0_ALU/ALU_OUT_reg[8]/CK (SDFFRQX2M)                    0.00       0.00 r
  U0_ALU/ALU_OUT_reg[8]/Q (SDFFRQX2M)                     0.35       0.35 r
  U0_ALU/ALU_OUT_reg[9]/SI (SDFFRQX2M)                    0.00       0.35 r
  data arrival time                                                  0.35

  clock ALU_CLK (rise edge)                               0.00       0.00
  clock network delay (ideal)                             0.00       0.00
  clock uncertainty                                       0.10       0.10
  U0_ALU/ALU_OUT_reg[9]/CK (SDFFRQX2M)                    0.00       0.10 r
  library hold time                                      -0.18      -0.08
  data required time                                                -0.08
  --------------------------------------------------------------------------
  data required time                                                -0.08
  data arrival time                                                 -0.35
  --------------------------------------------------------------------------
  slack (MET)                                                        0.43


  Startpoint: U0_ALU/ALU_OUT_reg[7]
              (rising edge-triggered flip-flop clocked by ALU_CLK)
  Endpoint: U0_ALU/ALU_OUT_reg[8]
            (rising edge-triggered flip-flop clocked by ALU_CLK)
  Path Group: ALU_CLK
  Path Type: min

  Point                                                   Incr       Path
  --------------------------------------------------------------------------
  clock ALU_CLK (rise edge)                               0.00       0.00
  clock network delay (ideal)                             0.00       0.00
  U0_ALU/ALU_OUT_reg[7]/CK (SDFFRQX2M)                    0.00       0.00 r
  U0_ALU/ALU_OUT_reg[7]/Q (SDFFRQX2M)                     0.35       0.35 r
  U0_ALU/ALU_OUT_reg[8]/SI (SDFFRQX2M)                    0.00       0.35 r
  data arrival time                                                  0.35

  clock ALU_CLK (rise edge)                               0.00       0.00
  clock network delay (ideal)                             0.00       0.00
  clock uncertainty                                       0.10       0.10
  U0_ALU/ALU_OUT_reg[8]/CK (SDFFRQX2M)                    0.00       0.10 r
  library hold time                                      -0.18      -0.08
  data required time                                                -0.08
  --------------------------------------------------------------------------
  data required time                                                -0.08
  data arrival time                                                 -0.35
  --------------------------------------------------------------------------
  slack (MET)                                                        0.43


  Startpoint: U0_ALU/ALU_OUT_reg[6]
              (rising edge-triggered flip-flop clocked by ALU_CLK)
  Endpoint: U0_ALU/ALU_OUT_reg[7]
            (rising edge-triggered flip-flop clocked by ALU_CLK)
  Path Group: ALU_CLK
  Path Type: min

  Point                                                   Incr       Path
  --------------------------------------------------------------------------
  clock ALU_CLK (rise edge)                               0.00       0.00
  clock network delay (ideal)                             0.00       0.00
  U0_ALU/ALU_OUT_reg[6]/CK (SDFFRQX2M)                    0.00       0.00 r
  U0_ALU/ALU_OUT_reg[6]/Q (SDFFRQX2M)                     0.35       0.35 r
  U0_ALU/ALU_OUT_reg[7]/SI (SDFFRQX2M)                    0.00       0.35 r
  data arrival time                                                  0.35

  clock ALU_CLK (rise edge)                               0.00       0.00
  clock network delay (ideal)                             0.00       0.00
  clock uncertainty                                       0.10       0.10
  U0_ALU/ALU_OUT_reg[7]/CK (SDFFRQX2M)                    0.00       0.10 r
  library hold time                                      -0.18      -0.08
  data required time                                                -0.08
  --------------------------------------------------------------------------
  data required time                                                -0.08
  data arrival time                                                 -0.35
  --------------------------------------------------------------------------
  slack (MET)                                                        0.43


  Startpoint: U0_ALU/ALU_OUT_reg[5]
              (rising edge-triggered flip-flop clocked by ALU_CLK)
  Endpoint: U0_ALU/ALU_OUT_reg[6]
            (rising edge-triggered flip-flop clocked by ALU_CLK)
  Path Group: ALU_CLK
  Path Type: min

  Point                                                   Incr       Path
  --------------------------------------------------------------------------
  clock ALU_CLK (rise edge)                               0.00       0.00
  clock network delay (ideal)                             0.00       0.00
  U0_ALU/ALU_OUT_reg[5]/CK (SDFFRQX2M)                    0.00       0.00 r
  U0_ALU/ALU_OUT_reg[5]/Q (SDFFRQX2M)                     0.35       0.35 r
  U0_ALU/ALU_OUT_reg[6]/SI (SDFFRQX2M)                    0.00       0.35 r
  data arrival time                                                  0.35

  clock ALU_CLK (rise edge)                               0.00       0.00
  clock network delay (ideal)                             0.00       0.00
  clock uncertainty                                       0.10       0.10
  U0_ALU/ALU_OUT_reg[6]/CK (SDFFRQX2M)                    0.00       0.10 r
  library hold time                                      -0.18      -0.08
  data required time                                                -0.08
  --------------------------------------------------------------------------
  data required time                                                -0.08
  data arrival time                                                 -0.35
  --------------------------------------------------------------------------
  slack (MET)                                                        0.43


  Startpoint: U0_ALU/ALU_OUT_reg[4]
              (rising edge-triggered flip-flop clocked by ALU_CLK)
  Endpoint: U0_ALU/ALU_OUT_reg[5]
            (rising edge-triggered flip-flop clocked by ALU_CLK)
  Path Group: ALU_CLK
  Path Type: min

  Point                                                   Incr       Path
  --------------------------------------------------------------------------
  clock ALU_CLK (rise edge)                               0.00       0.00
  clock network delay (ideal)                             0.00       0.00
  U0_ALU/ALU_OUT_reg[4]/CK (SDFFRQX2M)                    0.00       0.00 r
  U0_ALU/ALU_OUT_reg[4]/Q (SDFFRQX2M)                     0.35       0.35 r
  U0_ALU/ALU_OUT_reg[5]/SI (SDFFRQX2M)                    0.00       0.35 r
  data arrival time                                                  0.35

  clock ALU_CLK (rise edge)                               0.00       0.00
  clock network delay (ideal)                             0.00       0.00
  clock uncertainty                                       0.10       0.10
  U0_ALU/ALU_OUT_reg[5]/CK (SDFFRQX2M)                    0.00       0.10 r
  library hold time                                      -0.18      -0.08
  data required time                                                -0.08
  --------------------------------------------------------------------------
  data required time                                                -0.08
  data arrival time                                                 -0.35
  --------------------------------------------------------------------------
  slack (MET)                                                        0.43


  Startpoint: U0_ALU/ALU_OUT_reg[3]
              (rising edge-triggered flip-flop clocked by ALU_CLK)
  Endpoint: U0_ALU/ALU_OUT_reg[4]
            (rising edge-triggered flip-flop clocked by ALU_CLK)
  Path Group: ALU_CLK
  Path Type: min

  Point                                                   Incr       Path
  --------------------------------------------------------------------------
  clock ALU_CLK (rise edge)                               0.00       0.00
  clock network delay (ideal)                             0.00       0.00
  U0_ALU/ALU_OUT_reg[3]/CK (SDFFRQX2M)                    0.00       0.00 r
  U0_ALU/ALU_OUT_reg[3]/Q (SDFFRQX2M)                     0.35       0.35 r
  U0_ALU/ALU_OUT_reg[4]/SI (SDFFRQX2M)                    0.00       0.35 r
  data arrival time                                                  0.35

  clock ALU_CLK (rise edge)                               0.00       0.00
  clock network delay (ideal)                             0.00       0.00
  clock uncertainty                                       0.10       0.10
  U0_ALU/ALU_OUT_reg[4]/CK (SDFFRQX2M)                    0.00       0.10 r
  library hold time                                      -0.18      -0.08
  data required time                                                -0.08
  --------------------------------------------------------------------------
  data required time                                                -0.08
  data arrival time                                                 -0.35
  --------------------------------------------------------------------------
  slack (MET)                                                        0.43


  Startpoint: U0_ALU/ALU_OUT_reg[2]
              (rising edge-triggered flip-flop clocked by ALU_CLK)
  Endpoint: U0_ALU/ALU_OUT_reg[3]
            (rising edge-triggered flip-flop clocked by ALU_CLK)
  Path Group: ALU_CLK
  Path Type: min

  Point                                                   Incr       Path
  --------------------------------------------------------------------------
  clock ALU_CLK (rise edge)                               0.00       0.00
  clock network delay (ideal)                             0.00       0.00
  U0_ALU/ALU_OUT_reg[2]/CK (SDFFRQX2M)                    0.00       0.00 r
  U0_ALU/ALU_OUT_reg[2]/Q (SDFFRQX2M)                     0.35       0.35 r
  U0_ALU/ALU_OUT_reg[3]/SI (SDFFRQX2M)                    0.00       0.35 r
  data arrival time                                                  0.35

  clock ALU_CLK (rise edge)                               0.00       0.00
  clock network delay (ideal)                             0.00       0.00
  clock uncertainty                                       0.10       0.10
  U0_ALU/ALU_OUT_reg[3]/CK (SDFFRQX2M)                    0.00       0.10 r
  library hold time                                      -0.18      -0.08
  data required time                                                -0.08
  --------------------------------------------------------------------------
  data required time                                                -0.08
  data arrival time                                                 -0.35
  --------------------------------------------------------------------------
  slack (MET)                                                        0.43


  Startpoint: U0_ALU/ALU_OUT_reg[1]
              (rising edge-triggered flip-flop clocked by ALU_CLK)
  Endpoint: U0_ALU/ALU_OUT_reg[2]
            (rising edge-triggered flip-flop clocked by ALU_CLK)
  Path Group: ALU_CLK
  Path Type: min

  Point                                                   Incr       Path
  --------------------------------------------------------------------------
  clock ALU_CLK (rise edge)                               0.00       0.00
  clock network delay (ideal)                             0.00       0.00
  U0_ALU/ALU_OUT_reg[1]/CK (SDFFRQX2M)                    0.00       0.00 r
  U0_ALU/ALU_OUT_reg[1]/Q (SDFFRQX2M)                     0.35       0.35 r
  U0_ALU/ALU_OUT_reg[2]/SI (SDFFRQX2M)                    0.00       0.35 r
  data arrival time                                                  0.35

  clock ALU_CLK (rise edge)                               0.00       0.00
  clock network delay (ideal)                             0.00       0.00
  clock uncertainty                                       0.10       0.10
  U0_ALU/ALU_OUT_reg[2]/CK (SDFFRQX2M)                    0.00       0.10 r
  library hold time                                      -0.18      -0.08
  data required time                                                -0.08
  --------------------------------------------------------------------------
  data required time                                                -0.08
  data arrival time                                                 -0.35
  --------------------------------------------------------------------------
  slack (MET)                                                        0.43


  Startpoint: U0_ALU/ALU_OUT_reg[0]
              (rising edge-triggered flip-flop clocked by ALU_CLK)
  Endpoint: U0_ALU/ALU_OUT_reg[1]
            (rising edge-triggered flip-flop clocked by ALU_CLK)
  Path Group: ALU_CLK
  Path Type: min

  Point                                                   Incr       Path
  --------------------------------------------------------------------------
  clock ALU_CLK (rise edge)                               0.00       0.00
  clock network delay (ideal)                             0.00       0.00
  U0_ALU/ALU_OUT_reg[0]/CK (SDFFRQX2M)                    0.00       0.00 r
  U0_ALU/ALU_OUT_reg[0]/Q (SDFFRQX2M)                     0.35       0.35 r
  U0_ALU/ALU_OUT_reg[1]/SI (SDFFRQX2M)                    0.00       0.35 r
  data arrival time                                                  0.35

  clock ALU_CLK (rise edge)                               0.00       0.00
  clock network delay (ideal)                             0.00       0.00
  clock uncertainty                                       0.10       0.10
  U0_ALU/ALU_OUT_reg[1]/CK (SDFFRQX2M)                    0.00       0.10 r
  library hold time                                      -0.18      -0.08
  data required time                                                -0.08
  --------------------------------------------------------------------------
  data required time                                                -0.08
  data arrival time                                                 -0.35
  --------------------------------------------------------------------------
  slack (MET)                                                        0.43


  Startpoint: U0_ALU/ALU_OUT_reg[15]
              (rising edge-triggered flip-flop clocked by ALU_CLK)
  Endpoint: U0_ALU/OUT_VALID_reg
            (rising edge-triggered flip-flop clocked by ALU_CLK)
  Path Group: ALU_CLK
  Path Type: min

  Point                                                   Incr       Path
  --------------------------------------------------------------------------
  clock ALU_CLK (rise edge)                               0.00       0.00
  clock network delay (ideal)                             0.00       0.00
  U0_ALU/ALU_OUT_reg[15]/CK (SDFFRQX2M)                   0.00       0.00 r
  U0_ALU/ALU_OUT_reg[15]/Q (SDFFRQX2M)                    0.35       0.35 r
  U0_ALU/OUT_VALID_reg/SI (SDFFRQX1M)                     0.00       0.35 r
  data arrival time                                                  0.35

  clock ALU_CLK (rise edge)                               0.00       0.00
  clock network delay (ideal)                             0.00       0.00
  clock uncertainty                                       0.10       0.10
  U0_ALU/OUT_VALID_reg/CK (SDFFRQX1M)                     0.00       0.10 r
  library hold time                                      -0.20      -0.10
  data required time                                                -0.10
  --------------------------------------------------------------------------
  data required time                                                -0.10
  data arrival time                                                 -0.35
  --------------------------------------------------------------------------
  slack (MET)                                                        0.45


  Startpoint: U0_ALU/OUT_VALID_reg
              (rising edge-triggered flip-flop clocked by ALU_CLK)
  Endpoint: U0_ALU/OUT_VALID_reg
            (rising edge-triggered flip-flop clocked by ALU_CLK)
  Path Group: ALU_CLK
  Path Type: min

  Point                                                   Incr       Path
  --------------------------------------------------------------------------
  clock ALU_CLK (rise edge)                               0.00       0.00
  clock network delay (ideal)                             0.00       0.00
  U0_ALU/OUT_VALID_reg/CK (SDFFRQX1M)                     0.00       0.00 r
  U0_ALU/OUT_VALID_reg/Q (SDFFRQX1M)                      0.42       0.42 r
  U0_ALU/OUT_VALID (ALU_test_1)                           0.00       0.42 r
  sys_cntrl_inst/out_valid (sys_ctrl_test_1)              0.00       0.42 r
  sys_cntrl_inst/U64/Y (NAND2X2M)                         0.09       0.51 f
  sys_cntrl_inst/U21/Y (NAND2X2M)                         0.10       0.61 r
  sys_cntrl_inst/en (sys_ctrl_test_1)                     0.00       0.61 r
  U0_ALU/EN (ALU_test_1)                                  0.00       0.61 r
  U0_ALU/OUT_VALID_reg/D (SDFFRQX1M)                      0.00       0.61 r
  data arrival time                                                  0.61

  clock ALU_CLK (rise edge)                               0.00       0.00
  clock network delay (ideal)                             0.00       0.00
  clock uncertainty                                       0.10       0.10
  U0_ALU/OUT_VALID_reg/CK (SDFFRQX1M)                     0.00       0.10 r
  library hold time                                      -0.19      -0.09
  data required time                                                -0.09
  --------------------------------------------------------------------------
  data required time                                                -0.09
  data arrival time                                                 -0.61
  --------------------------------------------------------------------------
  slack (MET)                                                        0.70


  Startpoint: U0_ALU/OUT_VALID_reg
              (rising edge-triggered flip-flop clocked by ALU_CLK)
  Endpoint: U0_ALU/ALU_OUT_reg[2]
            (rising edge-triggered flip-flop clocked by ALU_CLK)
  Path Group: ALU_CLK
  Path Type: min

  Point                                                   Incr       Path
  --------------------------------------------------------------------------
  clock ALU_CLK (rise edge)                               0.00       0.00
  clock network delay (ideal)                             0.00       0.00
  U0_ALU/OUT_VALID_reg/CK (SDFFRQX1M)                     0.00       0.00 r
  U0_ALU/OUT_VALID_reg/Q (SDFFRQX1M)                      0.42       0.42 r
  U0_ALU/OUT_VALID (ALU_test_1)                           0.00       0.42 r
  sys_cntrl_inst/out_valid (sys_ctrl_test_1)              0.00       0.42 r
  sys_cntrl_inst/U64/Y (NAND2X2M)                         0.09       0.51 f
  sys_cntrl_inst/U21/Y (NAND2X2M)                         0.10       0.61 r
  sys_cntrl_inst/en (sys_ctrl_test_1)                     0.00       0.61 r
  U0_ALU/EN (ALU_test_1)                                  0.00       0.61 r
  U0_ALU/U43/Y (INVX2M)                                   0.13       0.75 f
  U0_ALU/U58/Y (AOI31X2M)                                 0.09       0.83 r
  U0_ALU/ALU_OUT_reg[2]/D (SDFFRQX2M)                     0.00       0.83 r
  data arrival time                                                  0.83

  clock ALU_CLK (rise edge)                               0.00       0.00
  clock network delay (ideal)                             0.00       0.00
  clock uncertainty                                       0.10       0.10
  U0_ALU/ALU_OUT_reg[2]/CK (SDFFRQX2M)                    0.00       0.10 r
  library hold time                                      -0.17      -0.07
  data required time                                                -0.07
  --------------------------------------------------------------------------
  data required time                                                -0.07
  data arrival time                                                 -0.83
  --------------------------------------------------------------------------
  slack (MET)                                                        0.90


  Startpoint: U0_ALU/OUT_VALID_reg
              (rising edge-triggered flip-flop clocked by ALU_CLK)
  Endpoint: U0_ALU/ALU_OUT_reg[1]
            (rising edge-triggered flip-flop clocked by ALU_CLK)
  Path Group: ALU_CLK
  Path Type: min

  Point                                                   Incr       Path
  --------------------------------------------------------------------------
  clock ALU_CLK (rise edge)                               0.00       0.00
  clock network delay (ideal)                             0.00       0.00
  U0_ALU/OUT_VALID_reg/CK (SDFFRQX1M)                     0.00       0.00 r
  U0_ALU/OUT_VALID_reg/Q (SDFFRQX1M)                      0.42       0.42 r
  U0_ALU/OUT_VALID (ALU_test_1)                           0.00       0.42 r
  sys_cntrl_inst/out_valid (sys_ctrl_test_1)              0.00       0.42 r
  sys_cntrl_inst/U64/Y (NAND2X2M)                         0.09       0.51 f
  sys_cntrl_inst/U21/Y (NAND2X2M)                         0.10       0.61 r
  sys_cntrl_inst/en (sys_ctrl_test_1)                     0.00       0.61 r
  U0_ALU/EN (ALU_test_1)                                  0.00       0.61 r
  U0_ALU/U43/Y (INVX2M)                                   0.13       0.75 f
  U0_ALU/U86/Y (AOI31X2M)                                 0.09       0.83 r
  U0_ALU/ALU_OUT_reg[1]/D (SDFFRQX2M)                     0.00       0.83 r
  data arrival time                                                  0.83

  clock ALU_CLK (rise edge)                               0.00       0.00
  clock network delay (ideal)                             0.00       0.00
  clock uncertainty                                       0.10       0.10
  U0_ALU/ALU_OUT_reg[1]/CK (SDFFRQX2M)                    0.00       0.10 r
  library hold time                                      -0.17      -0.07
  data required time                                                -0.07
  --------------------------------------------------------------------------
  data required time                                                -0.07
  data arrival time                                                 -0.83
  --------------------------------------------------------------------------
  slack (MET)                                                        0.90


  Startpoint: U0_ALU/OUT_VALID_reg
              (rising edge-triggered flip-flop clocked by ALU_CLK)
  Endpoint: U0_ALU/ALU_OUT_reg[0]
            (rising edge-triggered flip-flop clocked by ALU_CLK)
  Path Group: ALU_CLK
  Path Type: min

  Point                                                   Incr       Path
  --------------------------------------------------------------------------
  clock ALU_CLK (rise edge)                               0.00       0.00
  clock network delay (ideal)                             0.00       0.00
  U0_ALU/OUT_VALID_reg/CK (SDFFRQX1M)                     0.00       0.00 r
  U0_ALU/OUT_VALID_reg/Q (SDFFRQX1M)                      0.42       0.42 r
  U0_ALU/OUT_VALID (ALU_test_1)                           0.00       0.42 r
  sys_cntrl_inst/out_valid (sys_ctrl_test_1)              0.00       0.42 r
  sys_cntrl_inst/U64/Y (NAND2X2M)                         0.09       0.51 f
  sys_cntrl_inst/U21/Y (NAND2X2M)                         0.10       0.61 r
  sys_cntrl_inst/en (sys_ctrl_test_1)                     0.00       0.61 r
  U0_ALU/EN (ALU_test_1)                                  0.00       0.61 r
  U0_ALU/U43/Y (INVX2M)                                   0.13       0.75 f
  U0_ALU/U82/Y (AOI31X2M)                                 0.09       0.83 r
  U0_ALU/ALU_OUT_reg[0]/D (SDFFRQX2M)                     0.00       0.83 r
  data arrival time                                                  0.83

  clock ALU_CLK (rise edge)                               0.00       0.00
  clock network delay (ideal)                             0.00       0.00
  clock uncertainty                                       0.10       0.10
  U0_ALU/ALU_OUT_reg[0]/CK (SDFFRQX2M)                    0.00       0.10 r
  library hold time                                      -0.17      -0.07
  data required time                                                -0.07
  --------------------------------------------------------------------------
  data required time                                                -0.07
  data arrival time                                                 -0.83
  --------------------------------------------------------------------------
  slack (MET)                                                        0.90


  Startpoint: U0_UART_FIFO/u_r2w_sync/meta_flop_reg[1]
              (rising edge-triggered flip-flop clocked by SCAN_CLK)
  Endpoint: U0_UART_FIFO/u_r2w_sync/sync_op_reg[1]
            (rising edge-triggered flip-flop clocked by SCAN_CLK)
  Path Group: SCAN_CLK
  Path Type: min

  Point                                                   Incr       Path
  --------------------------------------------------------------------------
  clock SCAN_CLK (rise edge)                              0.00       0.00
  clock network delay (ideal)                             0.00       0.00
  U0_UART_FIFO/u_r2w_sync/meta_flop_reg[1]/CK (SDFFRQX2M)
                                                          0.00       0.00 r
  U0_UART_FIFO/u_r2w_sync/meta_flop_reg[1]/Q (SDFFRQX2M)
                                                          0.34       0.34 r
  U0_UART_FIFO/u_r2w_sync/sync_op_reg[1]/D (SDFFRQX2M)
                                                          0.00       0.34 r
  data arrival time                                                  0.34

  clock SCAN_CLK (rise edge)                              0.00       0.00
  clock network delay (ideal)                             0.00       0.00
  clock uncertainty                                       0.10       0.10
  U0_UART_FIFO/u_r2w_sync/sync_op_reg[1]/CK (SDFFRQX2M)
                                                          0.00       0.10 r
  library hold time                                      -0.16      -0.06
  data required time                                                -0.06
  --------------------------------------------------------------------------
  data required time                                                -0.06
  data arrival time                                                 -0.34
  --------------------------------------------------------------------------
  slack (MET)                                                        0.41


  Startpoint: U0_UART_FIFO/u_r2w_sync/meta_flop_reg[0]
              (rising edge-triggered flip-flop clocked by SCAN_CLK)
  Endpoint: U0_UART_FIFO/u_r2w_sync/sync_op_reg[0]
            (rising edge-triggered flip-flop clocked by SCAN_CLK)
  Path Group: SCAN_CLK
  Path Type: min

  Point                                                   Incr       Path
  --------------------------------------------------------------------------
  clock SCAN_CLK (rise edge)                              0.00       0.00
  clock network delay (ideal)                             0.00       0.00
  U0_UART_FIFO/u_r2w_sync/meta_flop_reg[0]/CK (SDFFRQX2M)
                                                          0.00       0.00 r
  U0_UART_FIFO/u_r2w_sync/meta_flop_reg[0]/Q (SDFFRQX2M)
                                                          0.34       0.34 r
  U0_UART_FIFO/u_r2w_sync/sync_op_reg[0]/D (SDFFRQX2M)
                                                          0.00       0.34 r
  data arrival time                                                  0.34

  clock SCAN_CLK (rise edge)                              0.00       0.00
  clock network delay (ideal)                             0.00       0.00
  clock uncertainty                                       0.10       0.10
  U0_UART_FIFO/u_r2w_sync/sync_op_reg[0]/CK (SDFFRQX2M)
                                                          0.00       0.10 r
  library hold time                                      -0.16      -0.06
  data required time                                                -0.06
  --------------------------------------------------------------------------
  data required time                                                -0.06
  data arrival time                                                 -0.34
  --------------------------------------------------------------------------
  slack (MET)                                                        0.41


  Startpoint: U0_UART_FIFO/u_r2w_sync/meta_flop_reg[3]
              (rising edge-triggered flip-flop clocked by SCAN_CLK)
  Endpoint: U0_UART_FIFO/u_r2w_sync/sync_op_reg[3]
            (rising edge-triggered flip-flop clocked by SCAN_CLK)
  Path Group: SCAN_CLK
  Path Type: min

  Point                                                   Incr       Path
  --------------------------------------------------------------------------
  clock SCAN_CLK (rise edge)                              0.00       0.00
  clock network delay (ideal)                             0.00       0.00
  U0_UART_FIFO/u_r2w_sync/meta_flop_reg[3]/CK (SDFFRQX2M)
                                                          0.00       0.00 r
  U0_UART_FIFO/u_r2w_sync/meta_flop_reg[3]/Q (SDFFRQX2M)
                                                          0.34       0.34 r
  U0_UART_FIFO/u_r2w_sync/sync_op_reg[3]/D (SDFFRQX2M)
                                                          0.00       0.34 r
  data arrival time                                                  0.34

  clock SCAN_CLK (rise edge)                              0.00       0.00
  clock network delay (ideal)                             0.00       0.00
  clock uncertainty                                       0.10       0.10
  U0_UART_FIFO/u_r2w_sync/sync_op_reg[3]/CK (SDFFRQX2M)
                                                          0.00       0.10 r
  library hold time                                      -0.16      -0.06
  data required time                                                -0.06
  --------------------------------------------------------------------------
  data required time                                                -0.06
  data arrival time                                                 -0.34
  --------------------------------------------------------------------------
  slack (MET)                                                        0.41


  Startpoint: U0_UART_FIFO/u_r2w_sync/meta_flop_reg[2]
              (rising edge-triggered flip-flop clocked by SCAN_CLK)
  Endpoint: U0_UART_FIFO/u_r2w_sync/sync_op_reg[2]
            (rising edge-triggered flip-flop clocked by SCAN_CLK)
  Path Group: SCAN_CLK
  Path Type: min

  Point                                                   Incr       Path
  --------------------------------------------------------------------------
  clock SCAN_CLK (rise edge)                              0.00       0.00
  clock network delay (ideal)                             0.00       0.00
  U0_UART_FIFO/u_r2w_sync/meta_flop_reg[2]/CK (SDFFRQX2M)
                                                          0.00       0.00 r
  U0_UART_FIFO/u_r2w_sync/meta_flop_reg[2]/Q (SDFFRQX2M)
                                                          0.34       0.34 r
  U0_UART_FIFO/u_r2w_sync/sync_op_reg[2]/D (SDFFRQX2M)
                                                          0.00       0.34 r
  data arrival time                                                  0.34

  clock SCAN_CLK (rise edge)                              0.00       0.00
  clock network delay (ideal)                             0.00       0.00
  clock uncertainty                                       0.10       0.10
  U0_UART_FIFO/u_r2w_sync/sync_op_reg[2]/CK (SDFFRQX2M)
                                                          0.00       0.10 r
  library hold time                                      -0.16      -0.06
  data required time                                                -0.06
  --------------------------------------------------------------------------
  data required time                                                -0.06
  data arrival time                                                 -0.34
  --------------------------------------------------------------------------
  slack (MET)                                                        0.41


  Startpoint: U0_UART_FIFO/u_r2w_sync/meta_flop_reg[3]
              (rising edge-triggered flip-flop clocked by SCAN_CLK)
  Endpoint: U0_UART_FIFO/u_r2w_sync/sync_op_reg[0]
            (rising edge-triggered flip-flop clocked by SCAN_CLK)
  Path Group: SCAN_CLK
  Path Type: min

  Point                                                   Incr       Path
  --------------------------------------------------------------------------
  clock SCAN_CLK (rise edge)                              0.00       0.00
  clock network delay (ideal)                             0.00       0.00
  U0_UART_FIFO/u_r2w_sync/meta_flop_reg[3]/CK (SDFFRQX2M)
                                                          0.00       0.00 r
  U0_UART_FIFO/u_r2w_sync/meta_flop_reg[3]/Q (SDFFRQX2M)
                                                          0.34       0.34 r
  U0_UART_FIFO/u_r2w_sync/sync_op_reg[0]/SI (SDFFRQX2M)
                                                          0.00       0.34 r
  data arrival time                                                  0.34

  clock SCAN_CLK (rise edge)                              0.00       0.00
  clock network delay (ideal)                             0.00       0.00
  clock uncertainty                                       0.10       0.10
  U0_UART_FIFO/u_r2w_sync/sync_op_reg[0]/CK (SDFFRQX2M)
                                                          0.00       0.10 r
  library hold time                                      -0.18      -0.08
  data required time                                                -0.08
  --------------------------------------------------------------------------
  data required time                                                -0.08
  data arrival time                                                 -0.34
  --------------------------------------------------------------------------
  slack (MET)                                                        0.42


  Startpoint: U0_UART_FIFO/u_r2w_sync/meta_flop_reg[2]
              (rising edge-triggered flip-flop clocked by SCAN_CLK)
  Endpoint: U0_UART_FIFO/u_r2w_sync/meta_flop_reg[3]
            (rising edge-triggered flip-flop clocked by SCAN_CLK)
  Path Group: SCAN_CLK
  Path Type: min

  Point                                                   Incr       Path
  --------------------------------------------------------------------------
  clock SCAN_CLK (rise edge)                              0.00       0.00
  clock network delay (ideal)                             0.00       0.00
  U0_UART_FIFO/u_r2w_sync/meta_flop_reg[2]/CK (SDFFRQX2M)
                                                          0.00       0.00 r
  U0_UART_FIFO/u_r2w_sync/meta_flop_reg[2]/Q (SDFFRQX2M)
                                                          0.34       0.34 r
  U0_UART_FIFO/u_r2w_sync/meta_flop_reg[3]/SI (SDFFRQX2M)
                                                          0.00       0.34 r
  data arrival time                                                  0.34

  clock SCAN_CLK (rise edge)                              0.00       0.00
  clock network delay (ideal)                             0.00       0.00
  clock uncertainty                                       0.10       0.10
  U0_UART_FIFO/u_r2w_sync/meta_flop_reg[3]/CK (SDFFRQX2M)
                                                          0.00       0.10 r
  library hold time                                      -0.18      -0.08
  data required time                                                -0.08
  --------------------------------------------------------------------------
  data required time                                                -0.08
  data arrival time                                                 -0.34
  --------------------------------------------------------------------------
  slack (MET)                                                        0.42


  Startpoint: U0_UART_FIFO/u_r2w_sync/meta_flop_reg[1]
              (rising edge-triggered flip-flop clocked by SCAN_CLK)
  Endpoint: U0_UART_FIFO/u_r2w_sync/meta_flop_reg[2]
            (rising edge-triggered flip-flop clocked by SCAN_CLK)
  Path Group: SCAN_CLK
  Path Type: min

  Point                                                   Incr       Path
  --------------------------------------------------------------------------
  clock SCAN_CLK (rise edge)                              0.00       0.00
  clock network delay (ideal)                             0.00       0.00
  U0_UART_FIFO/u_r2w_sync/meta_flop_reg[1]/CK (SDFFRQX2M)
                                                          0.00       0.00 r
  U0_UART_FIFO/u_r2w_sync/meta_flop_reg[1]/Q (SDFFRQX2M)
                                                          0.34       0.34 r
  U0_UART_FIFO/u_r2w_sync/meta_flop_reg[2]/SI (SDFFRQX2M)
                                                          0.00       0.34 r
  data arrival time                                                  0.34

  clock SCAN_CLK (rise edge)                              0.00       0.00
  clock network delay (ideal)                             0.00       0.00
  clock uncertainty                                       0.10       0.10
  U0_UART_FIFO/u_r2w_sync/meta_flop_reg[2]/CK (SDFFRQX2M)
                                                          0.00       0.10 r
  library hold time                                      -0.18      -0.08
  data required time                                                -0.08
  --------------------------------------------------------------------------
  data required time                                                -0.08
  data arrival time                                                 -0.34
  --------------------------------------------------------------------------
  slack (MET)                                                        0.42


  Startpoint: U0_UART_FIFO/u_r2w_sync/meta_flop_reg[0]
              (rising edge-triggered flip-flop clocked by SCAN_CLK)
  Endpoint: U0_UART_FIFO/u_r2w_sync/meta_flop_reg[1]
            (rising edge-triggered flip-flop clocked by SCAN_CLK)
  Path Group: SCAN_CLK
  Path Type: min

  Point                                                   Incr       Path
  --------------------------------------------------------------------------
  clock SCAN_CLK (rise edge)                              0.00       0.00
  clock network delay (ideal)                             0.00       0.00
  U0_UART_FIFO/u_r2w_sync/meta_flop_reg[0]/CK (SDFFRQX2M)
                                                          0.00       0.00 r
  U0_UART_FIFO/u_r2w_sync/meta_flop_reg[0]/Q (SDFFRQX2M)
                                                          0.34       0.34 r
  U0_UART_FIFO/u_r2w_sync/meta_flop_reg[1]/SI (SDFFRQX2M)
                                                          0.00       0.34 r
  data arrival time                                                  0.34

  clock SCAN_CLK (rise edge)                              0.00       0.00
  clock network delay (ideal)                             0.00       0.00
  clock uncertainty                                       0.10       0.10
  U0_UART_FIFO/u_r2w_sync/meta_flop_reg[1]/CK (SDFFRQX2M)
                                                          0.00       0.10 r
  library hold time                                      -0.18      -0.08
  data required time                                                -0.08
  --------------------------------------------------------------------------
  data required time                                                -0.08
  data arrival time                                                 -0.34
  --------------------------------------------------------------------------
  slack (MET)                                                        0.42


  Startpoint: U0_RST_SYNC/sync_reg_reg[0]
              (rising edge-triggered flip-flop clocked by SCAN_CLK)
  Endpoint: U0_RST_SYNC/sync_reg_reg[1]
            (rising edge-triggered flip-flop clocked by SCAN_CLK)
  Path Group: SCAN_CLK
  Path Type: min

  Point                                                   Incr       Path
  --------------------------------------------------------------------------
  clock SCAN_CLK (rise edge)                              0.00       0.00
  clock network delay (ideal)                             0.00       0.00
  U0_RST_SYNC/sync_reg_reg[0]/CK (SDFFRQX2M)              0.00       0.00 r
  U0_RST_SYNC/sync_reg_reg[0]/Q (SDFFRQX2M)               0.34       0.34 r
  U0_RST_SYNC/sync_reg_reg[1]/D (SDFFRQX1M)               0.00       0.34 r
  data arrival time                                                  0.34

  clock SCAN_CLK (rise edge)                              0.00       0.00
  clock network delay (ideal)                             0.00       0.00
  clock uncertainty                                       0.10       0.10
  U0_RST_SYNC/sync_reg_reg[1]/CK (SDFFRQX1M)              0.00       0.10 r
  library hold time                                      -0.18      -0.08
  data required time                                                -0.08
  --------------------------------------------------------------------------
  data required time                                                -0.08
  data arrival time                                                 -0.34
  --------------------------------------------------------------------------
  slack (MET)                                                        0.42


  Startpoint: U1_RST_SYNC/sync_reg_reg[0]
              (rising edge-triggered flip-flop clocked by SCAN_CLK)
  Endpoint: U1_RST_SYNC/sync_reg_reg[1]
            (rising edge-triggered flip-flop clocked by SCAN_CLK)
  Path Group: SCAN_CLK
  Path Type: min

  Point                                                   Incr       Path
  --------------------------------------------------------------------------
  clock SCAN_CLK (rise edge)                              0.00       0.00
  clock network delay (ideal)                             0.00       0.00
  U1_RST_SYNC/sync_reg_reg[0]/CK (SDFFRQX2M)              0.00       0.00 r
  U1_RST_SYNC/sync_reg_reg[0]/Q (SDFFRQX2M)               0.34       0.34 r
  U1_RST_SYNC/sync_reg_reg[1]/D (SDFFRQX1M)               0.00       0.34 r
  data arrival time                                                  0.34

  clock SCAN_CLK (rise edge)                              0.00       0.00
  clock network delay (ideal)                             0.00       0.00
  clock uncertainty                                       0.10       0.10
  U1_RST_SYNC/sync_reg_reg[1]/CK (SDFFRQX1M)              0.00       0.10 r
  library hold time                                      -0.18      -0.08
  data required time                                                -0.08
  --------------------------------------------------------------------------
  data required time                                                -0.08
  data arrival time                                                 -0.34
  --------------------------------------------------------------------------
  slack (MET)                                                        0.42


  Startpoint: U0_ref_sync/sync_reg_reg[0]
              (rising edge-triggered flip-flop clocked by SCAN_CLK)
  Endpoint: U0_ref_sync/sync_reg_reg[1]
            (rising edge-triggered flip-flop clocked by SCAN_CLK)
  Path Group: SCAN_CLK
  Path Type: min

  Point                                                   Incr       Path
  --------------------------------------------------------------------------
  clock SCAN_CLK (rise edge)                              0.00       0.00
  clock network delay (ideal)                             0.00       0.00
  U0_ref_sync/sync_reg_reg[0]/CK (SDFFRQX2M)              0.00       0.00 r
  U0_ref_sync/sync_reg_reg[0]/Q (SDFFRQX2M)               0.34       0.34 r
  U0_ref_sync/sync_reg_reg[1]/D (SDFFRQX1M)               0.00       0.34 r
  data arrival time                                                  0.34

  clock SCAN_CLK (rise edge)                              0.00       0.00
  clock network delay (ideal)                             0.00       0.00
  clock uncertainty                                       0.10       0.10
  U0_ref_sync/sync_reg_reg[1]/CK (SDFFRQX1M)              0.00       0.10 r
  library hold time                                      -0.18      -0.08
  data required time                                                -0.08
  --------------------------------------------------------------------------
  data required time                                                -0.08
  data arrival time                                                 -0.34
  --------------------------------------------------------------------------
  slack (MET)                                                        0.42


  Startpoint: U0_UART_FIFO/u_fifo_rd/gray_rd_ptr_reg[2]
              (rising edge-triggered flip-flop clocked by SCAN_CLK)
  Endpoint: U0_UART_FIFO/u_r2w_sync/meta_flop_reg[2]
            (rising edge-triggered flip-flop clocked by SCAN_CLK)
  Path Group: SCAN_CLK
  Path Type: min

  Point                                                   Incr       Path
  --------------------------------------------------------------------------
  clock SCAN_CLK (rise edge)                              0.00       0.00
  clock network delay (ideal)                             0.00       0.00
  U0_UART_FIFO/u_fifo_rd/gray_rd_ptr_reg[2]/CK (SDFFRQX1M)
                                                          0.00       0.00 r
  U0_UART_FIFO/u_fifo_rd/gray_rd_ptr_reg[2]/Q (SDFFRQX1M)
                                                          0.36       0.36 r
  U0_UART_FIFO/u_fifo_rd/gray_rd_ptr[2] (fifo_rd_test_1)
                                                          0.00       0.36 r
  U0_UART_FIFO/u_r2w_sync/unsync_ip[2] (DF_Sync_DATA_SIZE4_test_0)
                                                          0.00       0.36 r
  U0_UART_FIFO/u_r2w_sync/meta_flop_reg[2]/D (SDFFRQX2M)
                                                          0.00       0.36 r
  data arrival time                                                  0.36

  clock SCAN_CLK (rise edge)                              0.00       0.00
  clock network delay (ideal)                             0.00       0.00
  clock uncertainty                                       0.10       0.10
  U0_UART_FIFO/u_r2w_sync/meta_flop_reg[2]/CK (SDFFRQX2M)
                                                          0.00       0.10 r
  library hold time                                      -0.17      -0.07
  data required time                                                -0.07
  --------------------------------------------------------------------------
  data required time                                                -0.07
  data arrival time                                                 -0.36
  --------------------------------------------------------------------------
  slack (MET)                                                        0.43


  Startpoint: U0_UART_FIFO/u_fifo_rd/gray_rd_ptr_reg[1]
              (rising edge-triggered flip-flop clocked by SCAN_CLK)
  Endpoint: U0_UART_FIFO/u_r2w_sync/meta_flop_reg[1]
            (rising edge-triggered flip-flop clocked by SCAN_CLK)
  Path Group: SCAN_CLK
  Path Type: min

  Point                                                   Incr       Path
  --------------------------------------------------------------------------
  clock SCAN_CLK (rise edge)                              0.00       0.00
  clock network delay (ideal)                             0.00       0.00
  U0_UART_FIFO/u_fifo_rd/gray_rd_ptr_reg[1]/CK (SDFFRQX1M)
                                                          0.00       0.00 r
  U0_UART_FIFO/u_fifo_rd/gray_rd_ptr_reg[1]/Q (SDFFRQX1M)
                                                          0.36       0.36 r
  U0_UART_FIFO/u_fifo_rd/gray_rd_ptr[1] (fifo_rd_test_1)
                                                          0.00       0.36 r
  U0_UART_FIFO/u_r2w_sync/unsync_ip[1] (DF_Sync_DATA_SIZE4_test_0)
                                                          0.00       0.36 r
  U0_UART_FIFO/u_r2w_sync/meta_flop_reg[1]/D (SDFFRQX2M)
                                                          0.00       0.36 r
  data arrival time                                                  0.36

  clock SCAN_CLK (rise edge)                              0.00       0.00
  clock network delay (ideal)                             0.00       0.00
  clock uncertainty                                       0.10       0.10
  U0_UART_FIFO/u_r2w_sync/meta_flop_reg[1]/CK (SDFFRQX2M)
                                                          0.00       0.10 r
  library hold time                                      -0.17      -0.07
  data required time                                                -0.07
  --------------------------------------------------------------------------
  data required time                                                -0.07
  data arrival time                                                 -0.36
  --------------------------------------------------------------------------
  slack (MET)                                                        0.43


  Startpoint: U0_UART_FIFO/u_fifo_rd/gray_rd_ptr_reg[0]
              (rising edge-triggered flip-flop clocked by SCAN_CLK)
  Endpoint: U0_UART_FIFO/u_r2w_sync/meta_flop_reg[0]
            (rising edge-triggered flip-flop clocked by SCAN_CLK)
  Path Group: SCAN_CLK
  Path Type: min

  Point                                                   Incr       Path
  --------------------------------------------------------------------------
  clock SCAN_CLK (rise edge)                              0.00       0.00
  clock network delay (ideal)                             0.00       0.00
  U0_UART_FIFO/u_fifo_rd/gray_rd_ptr_reg[0]/CK (SDFFRQX1M)
                                                          0.00       0.00 r
  U0_UART_FIFO/u_fifo_rd/gray_rd_ptr_reg[0]/Q (SDFFRQX1M)
                                                          0.36       0.36 r
  U0_UART_FIFO/u_fifo_rd/gray_rd_ptr[0] (fifo_rd_test_1)
                                                          0.00       0.36 r
  U0_UART_FIFO/u_r2w_sync/unsync_ip[0] (DF_Sync_DATA_SIZE4_test_0)
                                                          0.00       0.36 r
  U0_UART_FIFO/u_r2w_sync/meta_flop_reg[0]/D (SDFFRQX2M)
                                                          0.00       0.36 r
  data arrival time                                                  0.36

  clock SCAN_CLK (rise edge)                              0.00       0.00
  clock network delay (ideal)                             0.00       0.00
  clock uncertainty                                       0.10       0.10
  U0_UART_FIFO/u_r2w_sync/meta_flop_reg[0]/CK (SDFFRQX2M)
                                                          0.00       0.10 r
  library hold time                                      -0.17      -0.07
  data required time                                                -0.07
  --------------------------------------------------------------------------
  data required time                                                -0.07
  data arrival time                                                 -0.36
  --------------------------------------------------------------------------
  slack (MET)                                                        0.43


  Startpoint: U0_UART_FIFO/u_fifo_rd/gray_rd_ptr_reg[3]
              (rising edge-triggered flip-flop clocked by SCAN_CLK)
  Endpoint: U0_UART_FIFO/u_r2w_sync/meta_flop_reg[3]
            (rising edge-triggered flip-flop clocked by SCAN_CLK)
  Path Group: SCAN_CLK
  Path Type: min

  Point                                                   Incr       Path
  --------------------------------------------------------------------------
  clock SCAN_CLK (rise edge)                              0.00       0.00
  clock network delay (ideal)                             0.00       0.00
  U0_UART_FIFO/u_fifo_rd/gray_rd_ptr_reg[3]/CK (SDFFRQX1M)
                                                          0.00       0.00 r
  U0_UART_FIFO/u_fifo_rd/gray_rd_ptr_reg[3]/Q (SDFFRQX1M)
                                                          0.36       0.36 r
  U0_UART_FIFO/u_fifo_rd/gray_rd_ptr[3] (fifo_rd_test_1)
                                                          0.00       0.36 r
  U0_UART_FIFO/u_r2w_sync/unsync_ip[3] (DF_Sync_DATA_SIZE4_test_0)
                                                          0.00       0.36 r
  U0_UART_FIFO/u_r2w_sync/meta_flop_reg[3]/D (SDFFRQX2M)
                                                          0.00       0.36 r
  data arrival time                                                  0.36

  clock SCAN_CLK (rise edge)                              0.00       0.00
  clock network delay (ideal)                             0.00       0.00
  clock uncertainty                                       0.10       0.10
  U0_UART_FIFO/u_r2w_sync/meta_flop_reg[3]/CK (SDFFRQX2M)
                                                          0.00       0.10 r
  library hold time                                      -0.17      -0.07
  data required time                                                -0.07
  --------------------------------------------------------------------------
  data required time                                                -0.07
  data arrival time                                                 -0.36
  --------------------------------------------------------------------------
  slack (MET)                                                        0.43


  Startpoint: U0_RST_SYNC/sync_reg_reg[0]
              (rising edge-triggered flip-flop clocked by SCAN_CLK)
  Endpoint: U0_RST_SYNC/sync_reg_reg[1]
            (rising edge-triggered flip-flop clocked by SCAN_CLK)
  Path Group: SCAN_CLK
  Path Type: min

  Point                                                   Incr       Path
  --------------------------------------------------------------------------
  clock SCAN_CLK (rise edge)                              0.00       0.00
  clock network delay (ideal)                             0.00       0.00
  U0_RST_SYNC/sync_reg_reg[0]/CK (SDFFRQX2M)              0.00       0.00 r
  U0_RST_SYNC/sync_reg_reg[0]/Q (SDFFRQX2M)               0.34       0.34 r
  U0_RST_SYNC/sync_reg_reg[1]/SI (SDFFRQX1M)              0.00       0.34 r
  data arrival time                                                  0.34

  clock SCAN_CLK (rise edge)                              0.00       0.00
  clock network delay (ideal)                             0.00       0.00
  clock uncertainty                                       0.10       0.10
  U0_RST_SYNC/sync_reg_reg[1]/CK (SDFFRQX1M)              0.00       0.10 r
  library hold time                                      -0.20      -0.10
  data required time                                                -0.10
  --------------------------------------------------------------------------
  data required time                                                -0.10
  data arrival time                                                 -0.34
  --------------------------------------------------------------------------
  slack (MET)                                                        0.44


  Startpoint: U1_RST_SYNC/sync_reg_reg[0]
              (rising edge-triggered flip-flop clocked by SCAN_CLK)
  Endpoint: U1_RST_SYNC/sync_reg_reg[1]
            (rising edge-triggered flip-flop clocked by SCAN_CLK)
  Path Group: SCAN_CLK
  Path Type: min

  Point                                                   Incr       Path
  --------------------------------------------------------------------------
  clock SCAN_CLK (rise edge)                              0.00       0.00
  clock network delay (ideal)                             0.00       0.00
  U1_RST_SYNC/sync_reg_reg[0]/CK (SDFFRQX2M)              0.00       0.00 r
  U1_RST_SYNC/sync_reg_reg[0]/Q (SDFFRQX2M)               0.34       0.34 r
  U1_RST_SYNC/sync_reg_reg[1]/SI (SDFFRQX1M)              0.00       0.34 r
  data arrival time                                                  0.34

  clock SCAN_CLK (rise edge)                              0.00       0.00
  clock network delay (ideal)                             0.00       0.00
  clock uncertainty                                       0.10       0.10
  U1_RST_SYNC/sync_reg_reg[1]/CK (SDFFRQX1M)              0.00       0.10 r
  library hold time                                      -0.20      -0.10
  data required time                                                -0.10
  --------------------------------------------------------------------------
  data required time                                                -0.10
  data arrival time                                                 -0.34
  --------------------------------------------------------------------------
  slack (MET)                                                        0.44


  Startpoint: U0_ref_sync/sync_reg_reg[0]
              (rising edge-triggered flip-flop clocked by SCAN_CLK)
  Endpoint: U0_ref_sync/sync_reg_reg[1]
            (rising edge-triggered flip-flop clocked by SCAN_CLK)
  Path Group: SCAN_CLK
  Path Type: min

  Point                                                   Incr       Path
  --------------------------------------------------------------------------
  clock SCAN_CLK (rise edge)                              0.00       0.00
  clock network delay (ideal)                             0.00       0.00
  U0_ref_sync/sync_reg_reg[0]/CK (SDFFRQX2M)              0.00       0.00 r
  U0_ref_sync/sync_reg_reg[0]/Q (SDFFRQX2M)               0.34       0.34 r
  U0_ref_sync/sync_reg_reg[1]/SI (SDFFRQX1M)              0.00       0.34 r
  data arrival time                                                  0.34

  clock SCAN_CLK (rise edge)                              0.00       0.00
  clock network delay (ideal)                             0.00       0.00
  clock uncertainty                                       0.10       0.10
  U0_ref_sync/sync_reg_reg[1]/CK (SDFFRQX1M)              0.00       0.10 r
  library hold time                                      -0.20      -0.10
  data required time                                                -0.10
  --------------------------------------------------------------------------
  data required time                                                -0.10
  data arrival time                                                 -0.34
  --------------------------------------------------------------------------
  slack (MET)                                                        0.44


  Startpoint: U0_RegFile/RdData_reg[1]
              (rising edge-triggered flip-flop clocked by SCAN_CLK)
  Endpoint: U0_RegFile/RdData_reg[2]
            (rising edge-triggered flip-flop clocked by SCAN_CLK)
  Path Group: SCAN_CLK
  Path Type: min

  Point                                                   Incr       Path
  --------------------------------------------------------------------------
  clock SCAN_CLK (rise edge)                              0.00       0.00
  clock network delay (ideal)                             0.00       0.00
  U0_RegFile/RdData_reg[1]/CK (SDFFRQX2M)                 0.00       0.00 r
  U0_RegFile/RdData_reg[1]/Q (SDFFRQX2M)                  0.36       0.36 r
  U0_RegFile/RdData_reg[2]/SI (SDFFRQX2M)                 0.00       0.36 r
  data arrival time                                                  0.36

  clock SCAN_CLK (rise edge)                              0.00       0.00
  clock network delay (ideal)                             0.00       0.00
  clock uncertainty                                       0.10       0.10
  U0_RegFile/RdData_reg[2]/CK (SDFFRQX2M)                 0.00       0.10 r
  library hold time                                      -0.18      -0.08
  data required time                                                -0.08
  --------------------------------------------------------------------------
  data required time                                                -0.08
  data arrival time                                                 -0.36
  --------------------------------------------------------------------------
  slack (MET)                                                        0.44


  Startpoint: U0_RegFile/RdData_reg[0]
              (rising edge-triggered flip-flop clocked by SCAN_CLK)
  Endpoint: U0_RegFile/RdData_reg[1]
            (rising edge-triggered flip-flop clocked by SCAN_CLK)
  Path Group: SCAN_CLK
  Path Type: min

  Point                                                   Incr       Path
  --------------------------------------------------------------------------
  clock SCAN_CLK (rise edge)                              0.00       0.00
  clock network delay (ideal)                             0.00       0.00
  U0_RegFile/RdData_reg[0]/CK (SDFFRQX2M)                 0.00       0.00 r
  U0_RegFile/RdData_reg[0]/Q (SDFFRQX2M)                  0.36       0.36 r
  U0_RegFile/RdData_reg[1]/SI (SDFFRQX2M)                 0.00       0.36 r
  data arrival time                                                  0.36

  clock SCAN_CLK (rise edge)                              0.00       0.00
  clock network delay (ideal)                             0.00       0.00
  clock uncertainty                                       0.10       0.10
  U0_RegFile/RdData_reg[1]/CK (SDFFRQX2M)                 0.00       0.10 r
  library hold time                                      -0.18      -0.08
  data required time                                                -0.08
  --------------------------------------------------------------------------
  data required time                                                -0.08
  data arrival time                                                 -0.36
  --------------------------------------------------------------------------
  slack (MET)                                                        0.44


1
