Information: Propagating switching activity (low effort zero delay simulation). (PWR-6)
Warning: Design has unannotated primary inputs. (PWR-414)
Warning: Design has unannotated sequential cell outputs. (PWR-415)
 
****************************************
Report : power
        -hier
        -analysis_effort low
Design : SYS_TOP_DFT
Version: K-2015.06
Date   : Thu Oct  9 04:40:06 2025
****************************************


Library(s) Used:

    scmetro_tsmc_cl013g_rvt_ss_1p08v_125c (File: /home/IC/tsmc_fb_cl013g_sc/aci/sc-m/synopsys/scmetro_tsmc_cl013g_rvt_ss_1p08v_125c.db)


Operating Conditions: scmetro_tsmc_cl013g_rvt_ss_1p08v_125c   Library: scmetro_tsmc_cl013g_rvt_ss_1p08v_125c
Wire Load Model Mode: top


Global Operating Voltage = 1.08 
Power-specific unit information :
    Voltage Units = 1V
    Capacitance Units = 1.000000pf
    Time Units = 1ns
    Dynamic Power Units = 1mW    (derived from V,C,T units)
    Leakage Power Units = 1pW


--------------------------------------------------------------------------------
                                       Switch   Int      Leak     Total
Hierarchy                              Power    Power    Power    Power    %
--------------------------------------------------------------------------------
SYS_TOP_DFT                            2.96e-02    0.135 1.46e+07    0.179 100.0
  U0_CLK_GATE (CLK_GATE)               3.67e-03 4.86e-03 3.73e+04 8.56e-03   4.8
  U0_ALU (ALU_test_1)                  2.82e-04 3.03e-02 4.27e+06 3.49e-02  19.5
    mult_49 (ALU_DW02_mult_0)          1.42e-05 1.45e-05 1.65e+06 1.68e-03   0.9
    add_43 (ALU_DW01_add_0)            1.62e-06 1.57e-05 2.05e+05 2.22e-04   0.1
    sub_46 (ALU_DW01_sub_0)            1.82e-06 1.64e-05 2.48e+05 2.66e-04   0.1
    div_52 (ALU_DW_div_uns_0)          2.11e-05 9.22e-05 1.24e+06 1.35e-03   0.8
  U0_RegFile (RegFile_test_1)          6.42e-03 3.90e-02 3.62e+06 4.91e-02  27.4
  sys_cntrl_inst (sys_ctrl_test_1)     4.60e-04 3.27e-03 4.63e+05 4.19e-03   2.3
  U0_UART (UART_DATA_WIDTH8_test_1)    3.31e-03 1.69e-02 2.13e+06 2.24e-02  12.5
    U0_UART_RX (uart_rx_top_test_1)    2.18e-03 1.10e-02 1.55e+06 1.47e-02   8.2
      edge_bit_counter_inst (edge_bit_counter_test_1)
                                       5.92e-04 3.85e-03 3.99e+05 4.84e-03   2.7
      data_sampling_rx_inst (data_sampling_test_1)
                                       1.72e-04 1.24e-03 3.68e+05 1.78e-03   1.0
      deserializer_inst (Deserializer_test_1)
                                       2.43e-04 3.47e-03 2.97e+05 4.01e-03   2.2
      stop_check_inst (stop_check_test_1)
                                          0.000 2.61e-04 2.15e+04 2.82e-04   0.2
      start_check_inst (start_check_test_1)
                                       1.56e-06 2.87e-04 2.22e+04 3.10e-04   0.2
      parity_check_inst (parity_check_test_1)
                                       9.53e-05 4.60e-04 1.18e+05 6.73e-04   0.4
      uart_rx_fsm_inst (uart_rx_fsm_test_1)
                                       2.49e-04 1.37e-03 3.16e+05 1.94e-03   1.1
    U0_UART_TX (uart_top_test_1)       9.38e-04 5.86e-03 5.76e+05 7.38e-03   4.1
      mux_inst (uart_mux)              2.64e-05 1.00e-05 1.55e+04 5.19e-05   0.0
      serializer_int (serializer_test_1)
                                       7.47e-04 4.27e-03 3.32e+05 5.35e-03   3.0
      parity_int (parity_test_1)       1.48e-05 4.33e-04 1.14e+05 5.62e-04   0.3
      fsm_int (uart_fsm_test_1)        1.50e-04 1.15e-03 1.15e+05 1.41e-03   0.8
  U1_ClkDiv (ClkDiv_test_1)            4.78e-05 2.60e-03 5.78e+05 3.22e-03   1.8
    add_49 (ClkDiv_1_DW01_inc_0)          0.000    0.000 8.37e+04 8.37e-05   0.0
  U0_CLKDIV_MUX (CLKDIV_MUX)           8.81e-06 1.03e-05 4.62e+04 6.53e-05   0.0
  U0_ClkDiv (ClkDiv_test_0)            2.86e-04 3.51e-03 5.44e+05 4.35e-03   2.4
    add_49 (ClkDiv_0_DW01_inc_0)       1.40e-05 4.44e-05 8.34e+04 1.42e-04   0.1
  U0_PULSE_GEN (PULSE_GEN_test_1)      1.84e-06 6.22e-04 3.14e+04 6.56e-04   0.4
  U0_UART_FIFO (Async_fifo_D_SIZE8_P_SIZE4_F_DEPTH8_test_1)
                                       4.46e-03 2.73e-02 2.48e+06 3.43e-02  19.2
    u_r2w_sync (DF_Sync_DATA_SIZE4_test_0)
                                       1.98e-06 2.10e-03 1.07e+05 2.21e-03   1.2
    u_fifo_rd (fifo_rd_test_1)         3.55e-04 2.78e-03 2.61e+05 3.40e-03   1.9
    u_fifo_wr (fifo_wr_test_1)         1.44e-05 2.19e-03 2.52e+05 2.46e-03   1.4
    u_w2r_sync (DF_Sync_DATA_SIZE4_test_1)
                                       6.87e-08 2.11e-03 1.04e+05 2.21e-03   1.2
    u_fifo_mem (fifo_mem_A_SIZE3_D_SIZE8_F_DEPTH8_P_SIZE4_test_1)
                                       3.09e-03 1.80e-02 1.74e+06 2.29e-02  12.8
  U0_ref_sync (DATA_SYNC_NUM_STAGES2_BUS_WIDTH8_test_1)
                                          0.000 3.13e-03 2.05e+05 3.33e-03   1.9
  U1_RST_SYNC (RST_SYNC_NUM_STAGES2_test_1)
                                       1.28e-05 8.32e-04 2.84e+04 8.73e-04   0.5
  U0_RST_SYNC (RST_SYNC_NUM_STAGES2_test_0)
                                       7.60e-06 7.01e-04 2.83e+04 7.37e-04   0.4
  U0_sync_ref_rst_mux (mux2X1_5)       1.98e-05 8.59e-05 1.29e+04 1.19e-04   0.1
  U0_sync_uart_rst_mux (mux2X1_6)      1.98e-05 8.59e-05 1.31e+04 1.19e-04   0.1
  U0_uart_rx_clk_mux (mux2X1_2)        5.85e-04 1.89e-04 1.15e+04 7.86e-04   0.4
  U0_uart_tx_clk_mux (mux2X1_3)        7.58e-04 1.92e-04 1.15e+04 9.61e-04   0.5
  U0_uart_clk_mux (mux2X1_4)           5.18e-04 1.89e-04 1.15e+04 7.18e-04   0.4
  U0_rst_mux (mux2X1_0)                1.18e-04 9.26e-05 1.15e+04 2.22e-04   0.1
  U0_ref_clk_mux (mux2X1_1)            5.29e-03 4.13e-04 1.88e+04 5.72e-03   3.2
1
