 
****************************************
Report : timing
        -path full
        -delay max
        -max_paths 20
Design : SYS_TOP_DFT
Version: K-2015.06
Date   : Thu Oct  9 04:40:06 2025
****************************************

Operating Conditions: scmetro_tsmc_cl013g_rvt_ss_1p08v_125c   Library: scmetro_tsmc_cl013g_rvt_ss_1p08v_125c
Wire Load Model Mode: top

  Startpoint: U0_ALU/OUT_VALID_reg
              (rising edge-triggered flip-flop clocked by ALU_CLK)
  Endpoint: U0_ALU/ALU_OUT_reg[15]
            (rising edge-triggered flip-flop clocked by ALU_CLK)
  Path Group: ALU_CLK
  Path Type: max

  Point                                                   Incr       Path
  --------------------------------------------------------------------------
  clock ALU_CLK (rise edge)                               0.00       0.00
  clock network delay (ideal)                             0.00       0.00
  U0_ALU/OUT_VALID_reg/CK (SDFFRQX1M)                     0.00       0.00 r
  U0_ALU/OUT_VALID_reg/Q (SDFFRQX1M)                      0.46       0.46 f
  U0_ALU/OUT_VALID (ALU_test_1)                           0.00       0.46 f
  sys_cntrl_inst/out_valid (sys_ctrl_test_1)              0.00       0.46 f
  sys_cntrl_inst/U64/Y (NAND2X2M)                         0.11       0.56 r
  sys_cntrl_inst/U21/Y (NAND2X2M)                         0.09       0.65 f
  sys_cntrl_inst/en (sys_ctrl_test_1)                     0.00       0.65 f
  U0_ALU/EN (ALU_test_1)                                  0.00       0.65 f
  U0_ALU/U43/Y (INVX2M)                                   0.22       0.88 r
  U0_ALU/U24/Y (NOR2BX2M)                                 0.12       1.00 f
  U0_ALU/U31/Y (OAI2BB1X2M)                               0.16       1.16 f
  U0_ALU/ALU_OUT_reg[15]/D (SDFFRQX2M)                    0.00       1.16 f
  data arrival time                                                  1.16

  clock ALU_CLK (rise edge)                              10.00      10.00
  clock network delay (ideal)                             0.00      10.00
  clock uncertainty                                      -0.20       9.80
  U0_ALU/ALU_OUT_reg[15]/CK (SDFFRQX2M)                   0.00       9.80 r
  library setup time                                     -0.41       9.39
  data required time                                                 9.39
  --------------------------------------------------------------------------
  data required time                                                 9.39
  data arrival time                                                 -1.16
  --------------------------------------------------------------------------
  slack (MET)                                                        8.24


  Startpoint: U0_ALU/OUT_VALID_reg
              (rising edge-triggered flip-flop clocked by ALU_CLK)
  Endpoint: U0_ALU/ALU_OUT_reg[14]
            (rising edge-triggered flip-flop clocked by ALU_CLK)
  Path Group: ALU_CLK
  Path Type: max

  Point                                                   Incr       Path
  --------------------------------------------------------------------------
  clock ALU_CLK (rise edge)                               0.00       0.00
  clock network delay (ideal)                             0.00       0.00
  U0_ALU/OUT_VALID_reg/CK (SDFFRQX1M)                     0.00       0.00 r
  U0_ALU/OUT_VALID_reg/Q (SDFFRQX1M)                      0.46       0.46 f
  U0_ALU/OUT_VALID (ALU_test_1)                           0.00       0.46 f
  sys_cntrl_inst/out_valid (sys_ctrl_test_1)              0.00       0.46 f
  sys_cntrl_inst/U64/Y (NAND2X2M)                         0.11       0.56 r
  sys_cntrl_inst/U21/Y (NAND2X2M)                         0.09       0.65 f
  sys_cntrl_inst/en (sys_ctrl_test_1)                     0.00       0.65 f
  U0_ALU/EN (ALU_test_1)                                  0.00       0.65 f
  U0_ALU/U43/Y (INVX2M)                                   0.22       0.88 r
  U0_ALU/U24/Y (NOR2BX2M)                                 0.12       1.00 f
  U0_ALU/U30/Y (OAI2BB1X2M)                               0.16       1.16 f
  U0_ALU/ALU_OUT_reg[14]/D (SDFFRQX2M)                    0.00       1.16 f
  data arrival time                                                  1.16

  clock ALU_CLK (rise edge)                              10.00      10.00
  clock network delay (ideal)                             0.00      10.00
  clock uncertainty                                      -0.20       9.80
  U0_ALU/ALU_OUT_reg[14]/CK (SDFFRQX2M)                   0.00       9.80 r
  library setup time                                     -0.41       9.39
  data required time                                                 9.39
  --------------------------------------------------------------------------
  data required time                                                 9.39
  data arrival time                                                 -1.16
  --------------------------------------------------------------------------
  slack (MET)                                                        8.24


  Startpoint: U0_ALU/OUT_VALID_reg
              (rising edge-triggered flip-flop clocked by ALU_CLK)
  Endpoint: U0_ALU/ALU_OUT_reg[13]
            (rising edge-triggered flip-flop clocked by ALU_CLK)
  Path Group: ALU_CLK
  Path Type: max

  Point                                                   Incr       Path
  --------------------------------------------------------------------------
  clock ALU_CLK (rise edge)                               0.00       0.00
  clock network delay (ideal)                             0.00       0.00
  U0_ALU/OUT_VALID_reg/CK (SDFFRQX1M)                     0.00       0.00 r
  U0_ALU/OUT_VALID_reg/Q (SDFFRQX1M)                      0.46       0.46 f
  U0_ALU/OUT_VALID (ALU_test_1)                           0.00       0.46 f
  sys_cntrl_inst/out_valid (sys_ctrl_test_1)              0.00       0.46 f
  sys_cntrl_inst/U64/Y (NAND2X2M)                         0.11       0.56 r
  sys_cntrl_inst/U21/Y (NAND2X2M)                         0.09       0.65 f
  sys_cntrl_inst/en (sys_ctrl_test_1)                     0.00       0.65 f
  U0_ALU/EN (ALU_test_1)                                  0.00       0.65 f
  U0_ALU/U43/Y (INVX2M)                                   0.22       0.88 r
  U0_ALU/U24/Y (NOR2BX2M)                                 0.12       1.00 f
  U0_ALU/U29/Y (OAI2BB1X2M)                               0.16       1.16 f
  U0_ALU/ALU_OUT_reg[13]/D (SDFFRQX2M)                    0.00       1.16 f
  data arrival time                                                  1.16

  clock ALU_CLK (rise edge)                              10.00      10.00
  clock network delay (ideal)                             0.00      10.00
  clock uncertainty                                      -0.20       9.80
  U0_ALU/ALU_OUT_reg[13]/CK (SDFFRQX2M)                   0.00       9.80 r
  library setup time                                     -0.41       9.39
  data required time                                                 9.39
  --------------------------------------------------------------------------
  data required time                                                 9.39
  data arrival time                                                 -1.16
  --------------------------------------------------------------------------
  slack (MET)                                                        8.24


  Startpoint: U0_ALU/OUT_VALID_reg
              (rising edge-triggered flip-flop clocked by ALU_CLK)
  Endpoint: U0_ALU/ALU_OUT_reg[12]
            (rising edge-triggered flip-flop clocked by ALU_CLK)
  Path Group: ALU_CLK
  Path Type: max

  Point                                                   Incr       Path
  --------------------------------------------------------------------------
  clock ALU_CLK (rise edge)                               0.00       0.00
  clock network delay (ideal)                             0.00       0.00
  U0_ALU/OUT_VALID_reg/CK (SDFFRQX1M)                     0.00       0.00 r
  U0_ALU/OUT_VALID_reg/Q (SDFFRQX1M)                      0.46       0.46 f
  U0_ALU/OUT_VALID (ALU_test_1)                           0.00       0.46 f
  sys_cntrl_inst/out_valid (sys_ctrl_test_1)              0.00       0.46 f
  sys_cntrl_inst/U64/Y (NAND2X2M)                         0.11       0.56 r
  sys_cntrl_inst/U21/Y (NAND2X2M)                         0.09       0.65 f
  sys_cntrl_inst/en (sys_ctrl_test_1)                     0.00       0.65 f
  U0_ALU/EN (ALU_test_1)                                  0.00       0.65 f
  U0_ALU/U43/Y (INVX2M)                                   0.22       0.88 r
  U0_ALU/U24/Y (NOR2BX2M)                                 0.12       1.00 f
  U0_ALU/U28/Y (OAI2BB1X2M)                               0.16       1.16 f
  U0_ALU/ALU_OUT_reg[12]/D (SDFFRQX2M)                    0.00       1.16 f
  data arrival time                                                  1.16

  clock ALU_CLK (rise edge)                              10.00      10.00
  clock network delay (ideal)                             0.00      10.00
  clock uncertainty                                      -0.20       9.80
  U0_ALU/ALU_OUT_reg[12]/CK (SDFFRQX2M)                   0.00       9.80 r
  library setup time                                     -0.41       9.39
  data required time                                                 9.39
  --------------------------------------------------------------------------
  data required time                                                 9.39
  data arrival time                                                 -1.16
  --------------------------------------------------------------------------
  slack (MET)                                                        8.24


  Startpoint: U0_ALU/OUT_VALID_reg
              (rising edge-triggered flip-flop clocked by ALU_CLK)
  Endpoint: U0_ALU/ALU_OUT_reg[11]
            (rising edge-triggered flip-flop clocked by ALU_CLK)
  Path Group: ALU_CLK
  Path Type: max

  Point                                                   Incr       Path
  --------------------------------------------------------------------------
  clock ALU_CLK (rise edge)                               0.00       0.00
  clock network delay (ideal)                             0.00       0.00
  U0_ALU/OUT_VALID_reg/CK (SDFFRQX1M)                     0.00       0.00 r
  U0_ALU/OUT_VALID_reg/Q (SDFFRQX1M)                      0.46       0.46 f
  U0_ALU/OUT_VALID (ALU_test_1)                           0.00       0.46 f
  sys_cntrl_inst/out_valid (sys_ctrl_test_1)              0.00       0.46 f
  sys_cntrl_inst/U64/Y (NAND2X2M)                         0.11       0.56 r
  sys_cntrl_inst/U21/Y (NAND2X2M)                         0.09       0.65 f
  sys_cntrl_inst/en (sys_ctrl_test_1)                     0.00       0.65 f
  U0_ALU/EN (ALU_test_1)                                  0.00       0.65 f
  U0_ALU/U43/Y (INVX2M)                                   0.22       0.88 r
  U0_ALU/U24/Y (NOR2BX2M)                                 0.12       1.00 f
  U0_ALU/U27/Y (OAI2BB1X2M)                               0.16       1.16 f
  U0_ALU/ALU_OUT_reg[11]/D (SDFFRQX2M)                    0.00       1.16 f
  data arrival time                                                  1.16

  clock ALU_CLK (rise edge)                              10.00      10.00
  clock network delay (ideal)                             0.00      10.00
  clock uncertainty                                      -0.20       9.80
  U0_ALU/ALU_OUT_reg[11]/CK (SDFFRQX2M)                   0.00       9.80 r
  library setup time                                     -0.41       9.39
  data required time                                                 9.39
  --------------------------------------------------------------------------
  data required time                                                 9.39
  data arrival time                                                 -1.16
  --------------------------------------------------------------------------
  slack (MET)                                                        8.24


  Startpoint: U0_ALU/OUT_VALID_reg
              (rising edge-triggered flip-flop clocked by ALU_CLK)
  Endpoint: U0_ALU/ALU_OUT_reg[10]
            (rising edge-triggered flip-flop clocked by ALU_CLK)
  Path Group: ALU_CLK
  Path Type: max

  Point                                                   Incr       Path
  --------------------------------------------------------------------------
  clock ALU_CLK (rise edge)                               0.00       0.00
  clock network delay (ideal)                             0.00       0.00
  U0_ALU/OUT_VALID_reg/CK (SDFFRQX1M)                     0.00       0.00 r
  U0_ALU/OUT_VALID_reg/Q (SDFFRQX1M)                      0.46       0.46 f
  U0_ALU/OUT_VALID (ALU_test_1)                           0.00       0.46 f
  sys_cntrl_inst/out_valid (sys_ctrl_test_1)              0.00       0.46 f
  sys_cntrl_inst/U64/Y (NAND2X2M)                         0.11       0.56 r
  sys_cntrl_inst/U21/Y (NAND2X2M)                         0.09       0.65 f
  sys_cntrl_inst/en (sys_ctrl_test_1)                     0.00       0.65 f
  U0_ALU/EN (ALU_test_1)                                  0.00       0.65 f
  U0_ALU/U43/Y (INVX2M)                                   0.22       0.88 r
  U0_ALU/U24/Y (NOR2BX2M)                                 0.12       1.00 f
  U0_ALU/U26/Y (OAI2BB1X2M)                               0.16       1.16 f
  U0_ALU/ALU_OUT_reg[10]/D (SDFFRQX2M)                    0.00       1.16 f
  data arrival time                                                  1.16

  clock ALU_CLK (rise edge)                              10.00      10.00
  clock network delay (ideal)                             0.00      10.00
  clock uncertainty                                      -0.20       9.80
  U0_ALU/ALU_OUT_reg[10]/CK (SDFFRQX2M)                   0.00       9.80 r
  library setup time                                     -0.41       9.39
  data required time                                                 9.39
  --------------------------------------------------------------------------
  data required time                                                 9.39
  data arrival time                                                 -1.16
  --------------------------------------------------------------------------
  slack (MET)                                                        8.24


  Startpoint: U0_ALU/OUT_VALID_reg
              (rising edge-triggered flip-flop clocked by ALU_CLK)
  Endpoint: U0_ALU/ALU_OUT_reg[9]
            (rising edge-triggered flip-flop clocked by ALU_CLK)
  Path Group: ALU_CLK
  Path Type: max

  Point                                                   Incr       Path
  --------------------------------------------------------------------------
  clock ALU_CLK (rise edge)                               0.00       0.00
  clock network delay (ideal)                             0.00       0.00
  U0_ALU/OUT_VALID_reg/CK (SDFFRQX1M)                     0.00       0.00 r
  U0_ALU/OUT_VALID_reg/Q (SDFFRQX1M)                      0.46       0.46 f
  U0_ALU/OUT_VALID (ALU_test_1)                           0.00       0.46 f
  sys_cntrl_inst/out_valid (sys_ctrl_test_1)              0.00       0.46 f
  sys_cntrl_inst/U64/Y (NAND2X2M)                         0.11       0.56 r
  sys_cntrl_inst/U21/Y (NAND2X2M)                         0.09       0.65 f
  sys_cntrl_inst/en (sys_ctrl_test_1)                     0.00       0.65 f
  U0_ALU/EN (ALU_test_1)                                  0.00       0.65 f
  U0_ALU/U43/Y (INVX2M)                                   0.22       0.88 r
  U0_ALU/U24/Y (NOR2BX2M)                                 0.12       1.00 f
  U0_ALU/U25/Y (OAI2BB1X2M)                               0.16       1.16 f
  U0_ALU/ALU_OUT_reg[9]/D (SDFFRQX2M)                     0.00       1.16 f
  data arrival time                                                  1.16

  clock ALU_CLK (rise edge)                              10.00      10.00
  clock network delay (ideal)                             0.00      10.00
  clock uncertainty                                      -0.20       9.80
  U0_ALU/ALU_OUT_reg[9]/CK (SDFFRQX2M)                    0.00       9.80 r
  library setup time                                     -0.41       9.39
  data required time                                                 9.39
  --------------------------------------------------------------------------
  data required time                                                 9.39
  data arrival time                                                 -1.16
  --------------------------------------------------------------------------
  slack (MET)                                                        8.24


  Startpoint: U0_ALU/OUT_VALID_reg
              (rising edge-triggered flip-flop clocked by ALU_CLK)
  Endpoint: U0_ALU/ALU_OUT_reg[1]
            (rising edge-triggered flip-flop clocked by ALU_CLK)
  Path Group: ALU_CLK
  Path Type: max

  Point                                                   Incr       Path
  --------------------------------------------------------------------------
  clock ALU_CLK (rise edge)                               0.00       0.00
  clock network delay (ideal)                             0.00       0.00
  U0_ALU/OUT_VALID_reg/CK (SDFFRQX1M)                     0.00       0.00 r
  U0_ALU/OUT_VALID_reg/Q (SDFFRQX1M)                      0.46       0.46 f
  U0_ALU/OUT_VALID (ALU_test_1)                           0.00       0.46 f
  sys_cntrl_inst/out_valid (sys_ctrl_test_1)              0.00       0.46 f
  sys_cntrl_inst/U64/Y (NAND2X2M)                         0.11       0.56 r
  sys_cntrl_inst/U21/Y (NAND2X2M)                         0.09       0.65 f
  sys_cntrl_inst/en (sys_ctrl_test_1)                     0.00       0.65 f
  U0_ALU/EN (ALU_test_1)                                  0.00       0.65 f
  U0_ALU/U43/Y (INVX2M)                                   0.22       0.88 r
  U0_ALU/U86/Y (AOI31X2M)                                 0.06       0.94 f
  U0_ALU/ALU_OUT_reg[1]/D (SDFFRQX2M)                     0.00       0.94 f
  data arrival time                                                  0.94

  clock ALU_CLK (rise edge)                              10.00      10.00
  clock network delay (ideal)                             0.00      10.00
  clock uncertainty                                      -0.20       9.80
  U0_ALU/ALU_OUT_reg[1]/CK (SDFFRQX2M)                    0.00       9.80 r
  library setup time                                     -0.42       9.38
  data required time                                                 9.38
  --------------------------------------------------------------------------
  data required time                                                 9.38
  data arrival time                                                 -0.94
  --------------------------------------------------------------------------
  slack (MET)                                                        8.44


  Startpoint: U0_ALU/OUT_VALID_reg
              (rising edge-triggered flip-flop clocked by ALU_CLK)
  Endpoint: U0_ALU/ALU_OUT_reg[6]
            (rising edge-triggered flip-flop clocked by ALU_CLK)
  Path Group: ALU_CLK
  Path Type: max

  Point                                                   Incr       Path
  --------------------------------------------------------------------------
  clock ALU_CLK (rise edge)                               0.00       0.00
  clock network delay (ideal)                             0.00       0.00
  U0_ALU/OUT_VALID_reg/CK (SDFFRQX1M)                     0.00       0.00 r
  U0_ALU/OUT_VALID_reg/Q (SDFFRQX1M)                      0.46       0.46 f
  U0_ALU/OUT_VALID (ALU_test_1)                           0.00       0.46 f
  sys_cntrl_inst/out_valid (sys_ctrl_test_1)              0.00       0.46 f
  sys_cntrl_inst/U64/Y (NAND2X2M)                         0.11       0.56 r
  sys_cntrl_inst/U21/Y (NAND2X2M)                         0.09       0.65 f
  sys_cntrl_inst/en (sys_ctrl_test_1)                     0.00       0.65 f
  U0_ALU/EN (ALU_test_1)                                  0.00       0.65 f
  U0_ALU/U43/Y (INVX2M)                                   0.22       0.88 r
  U0_ALU/U74/Y (AOI31X2M)                                 0.06       0.94 f
  U0_ALU/ALU_OUT_reg[6]/D (SDFFRQX2M)                     0.00       0.94 f
  data arrival time                                                  0.94

  clock ALU_CLK (rise edge)                              10.00      10.00
  clock network delay (ideal)                             0.00      10.00
  clock uncertainty                                      -0.20       9.80
  U0_ALU/ALU_OUT_reg[6]/CK (SDFFRQX2M)                    0.00       9.80 r
  library setup time                                     -0.42       9.38
  data required time                                                 9.38
  --------------------------------------------------------------------------
  data required time                                                 9.38
  data arrival time                                                 -0.94
  --------------------------------------------------------------------------
  slack (MET)                                                        8.44


  Startpoint: U0_ALU/OUT_VALID_reg
              (rising edge-triggered flip-flop clocked by ALU_CLK)
  Endpoint: U0_ALU/ALU_OUT_reg[5]
            (rising edge-triggered flip-flop clocked by ALU_CLK)
  Path Group: ALU_CLK
  Path Type: max

  Point                                                   Incr       Path
  --------------------------------------------------------------------------
  clock ALU_CLK (rise edge)                               0.00       0.00
  clock network delay (ideal)                             0.00       0.00
  U0_ALU/OUT_VALID_reg/CK (SDFFRQX1M)                     0.00       0.00 r
  U0_ALU/OUT_VALID_reg/Q (SDFFRQX1M)                      0.46       0.46 f
  U0_ALU/OUT_VALID (ALU_test_1)                           0.00       0.46 f
  sys_cntrl_inst/out_valid (sys_ctrl_test_1)              0.00       0.46 f
  sys_cntrl_inst/U64/Y (NAND2X2M)                         0.11       0.56 r
  sys_cntrl_inst/U21/Y (NAND2X2M)                         0.09       0.65 f
  sys_cntrl_inst/en (sys_ctrl_test_1)                     0.00       0.65 f
  U0_ALU/EN (ALU_test_1)                                  0.00       0.65 f
  U0_ALU/U43/Y (INVX2M)                                   0.22       0.88 r
  U0_ALU/U70/Y (AOI31X2M)                                 0.06       0.94 f
  U0_ALU/ALU_OUT_reg[5]/D (SDFFRQX2M)                     0.00       0.94 f
  data arrival time                                                  0.94

  clock ALU_CLK (rise edge)                              10.00      10.00
  clock network delay (ideal)                             0.00      10.00
  clock uncertainty                                      -0.20       9.80
  U0_ALU/ALU_OUT_reg[5]/CK (SDFFRQX2M)                    0.00       9.80 r
  library setup time                                     -0.42       9.38
  data required time                                                 9.38
  --------------------------------------------------------------------------
  data required time                                                 9.38
  data arrival time                                                 -0.94
  --------------------------------------------------------------------------
  slack (MET)                                                        8.44


  Startpoint: U0_ALU/OUT_VALID_reg
              (rising edge-triggered flip-flop clocked by ALU_CLK)
  Endpoint: U0_ALU/ALU_OUT_reg[4]
            (rising edge-triggered flip-flop clocked by ALU_CLK)
  Path Group: ALU_CLK
  Path Type: max

  Point                                                   Incr       Path
  --------------------------------------------------------------------------
  clock ALU_CLK (rise edge)                               0.00       0.00
  clock network delay (ideal)                             0.00       0.00
  U0_ALU/OUT_VALID_reg/CK (SDFFRQX1M)                     0.00       0.00 r
  U0_ALU/OUT_VALID_reg/Q (SDFFRQX1M)                      0.46       0.46 f
  U0_ALU/OUT_VALID (ALU_test_1)                           0.00       0.46 f
  sys_cntrl_inst/out_valid (sys_ctrl_test_1)              0.00       0.46 f
  sys_cntrl_inst/U64/Y (NAND2X2M)                         0.11       0.56 r
  sys_cntrl_inst/U21/Y (NAND2X2M)                         0.09       0.65 f
  sys_cntrl_inst/en (sys_ctrl_test_1)                     0.00       0.65 f
  U0_ALU/EN (ALU_test_1)                                  0.00       0.65 f
  U0_ALU/U43/Y (INVX2M)                                   0.22       0.88 r
  U0_ALU/U66/Y (AOI31X2M)                                 0.06       0.94 f
  U0_ALU/ALU_OUT_reg[4]/D (SDFFRQX2M)                     0.00       0.94 f
  data arrival time                                                  0.94

  clock ALU_CLK (rise edge)                              10.00      10.00
  clock network delay (ideal)                             0.00      10.00
  clock uncertainty                                      -0.20       9.80
  U0_ALU/ALU_OUT_reg[4]/CK (SDFFRQX2M)                    0.00       9.80 r
  library setup time                                     -0.42       9.38
  data required time                                                 9.38
  --------------------------------------------------------------------------
  data required time                                                 9.38
  data arrival time                                                 -0.94
  --------------------------------------------------------------------------
  slack (MET)                                                        8.44


  Startpoint: U0_ALU/OUT_VALID_reg
              (rising edge-triggered flip-flop clocked by ALU_CLK)
  Endpoint: U0_ALU/ALU_OUT_reg[3]
            (rising edge-triggered flip-flop clocked by ALU_CLK)
  Path Group: ALU_CLK
  Path Type: max

  Point                                                   Incr       Path
  --------------------------------------------------------------------------
  clock ALU_CLK (rise edge)                               0.00       0.00
  clock network delay (ideal)                             0.00       0.00
  U0_ALU/OUT_VALID_reg/CK (SDFFRQX1M)                     0.00       0.00 r
  U0_ALU/OUT_VALID_reg/Q (SDFFRQX1M)                      0.46       0.46 f
  U0_ALU/OUT_VALID (ALU_test_1)                           0.00       0.46 f
  sys_cntrl_inst/out_valid (sys_ctrl_test_1)              0.00       0.46 f
  sys_cntrl_inst/U64/Y (NAND2X2M)                         0.11       0.56 r
  sys_cntrl_inst/U21/Y (NAND2X2M)                         0.09       0.65 f
  sys_cntrl_inst/en (sys_ctrl_test_1)                     0.00       0.65 f
  U0_ALU/EN (ALU_test_1)                                  0.00       0.65 f
  U0_ALU/U43/Y (INVX2M)                                   0.22       0.88 r
  U0_ALU/U62/Y (AOI31X2M)                                 0.06       0.94 f
  U0_ALU/ALU_OUT_reg[3]/D (SDFFRQX2M)                     0.00       0.94 f
  data arrival time                                                  0.94

  clock ALU_CLK (rise edge)                              10.00      10.00
  clock network delay (ideal)                             0.00      10.00
  clock uncertainty                                      -0.20       9.80
  U0_ALU/ALU_OUT_reg[3]/CK (SDFFRQX2M)                    0.00       9.80 r
  library setup time                                     -0.42       9.38
  data required time                                                 9.38
  --------------------------------------------------------------------------
  data required time                                                 9.38
  data arrival time                                                 -0.94
  --------------------------------------------------------------------------
  slack (MET)                                                        8.44


  Startpoint: U0_ALU/OUT_VALID_reg
              (rising edge-triggered flip-flop clocked by ALU_CLK)
  Endpoint: U0_ALU/ALU_OUT_reg[2]
            (rising edge-triggered flip-flop clocked by ALU_CLK)
  Path Group: ALU_CLK
  Path Type: max

  Point                                                   Incr       Path
  --------------------------------------------------------------------------
  clock ALU_CLK (rise edge)                               0.00       0.00
  clock network delay (ideal)                             0.00       0.00
  U0_ALU/OUT_VALID_reg/CK (SDFFRQX1M)                     0.00       0.00 r
  U0_ALU/OUT_VALID_reg/Q (SDFFRQX1M)                      0.46       0.46 f
  U0_ALU/OUT_VALID (ALU_test_1)                           0.00       0.46 f
  sys_cntrl_inst/out_valid (sys_ctrl_test_1)              0.00       0.46 f
  sys_cntrl_inst/U64/Y (NAND2X2M)                         0.11       0.56 r
  sys_cntrl_inst/U21/Y (NAND2X2M)                         0.09       0.65 f
  sys_cntrl_inst/en (sys_ctrl_test_1)                     0.00       0.65 f
  U0_ALU/EN (ALU_test_1)                                  0.00       0.65 f
  U0_ALU/U43/Y (INVX2M)                                   0.22       0.88 r
  U0_ALU/U58/Y (AOI31X2M)                                 0.06       0.94 f
  U0_ALU/ALU_OUT_reg[2]/D (SDFFRQX2M)                     0.00       0.94 f
  data arrival time                                                  0.94

  clock ALU_CLK (rise edge)                              10.00      10.00
  clock network delay (ideal)                             0.00      10.00
  clock uncertainty                                      -0.20       9.80
  U0_ALU/ALU_OUT_reg[2]/CK (SDFFRQX2M)                    0.00       9.80 r
  library setup time                                     -0.42       9.38
  data required time                                                 9.38
  --------------------------------------------------------------------------
  data required time                                                 9.38
  data arrival time                                                 -0.94
  --------------------------------------------------------------------------
  slack (MET)                                                        8.44


  Startpoint: U0_ALU/OUT_VALID_reg
              (rising edge-triggered flip-flop clocked by ALU_CLK)
  Endpoint: U0_ALU/ALU_OUT_reg[0]
            (rising edge-triggered flip-flop clocked by ALU_CLK)
  Path Group: ALU_CLK
  Path Type: max

  Point                                                   Incr       Path
  --------------------------------------------------------------------------
  clock ALU_CLK (rise edge)                               0.00       0.00
  clock network delay (ideal)                             0.00       0.00
  U0_ALU/OUT_VALID_reg/CK (SDFFRQX1M)                     0.00       0.00 r
  U0_ALU/OUT_VALID_reg/Q (SDFFRQX1M)                      0.46       0.46 f
  U0_ALU/OUT_VALID (ALU_test_1)                           0.00       0.46 f
  sys_cntrl_inst/out_valid (sys_ctrl_test_1)              0.00       0.46 f
  sys_cntrl_inst/U64/Y (NAND2X2M)                         0.11       0.56 r
  sys_cntrl_inst/U21/Y (NAND2X2M)                         0.09       0.65 f
  sys_cntrl_inst/en (sys_ctrl_test_1)                     0.00       0.65 f
  U0_ALU/EN (ALU_test_1)                                  0.00       0.65 f
  U0_ALU/U43/Y (INVX2M)                                   0.22       0.88 r
  U0_ALU/U82/Y (AOI31X2M)                                 0.06       0.94 f
  U0_ALU/ALU_OUT_reg[0]/D (SDFFRQX2M)                     0.00       0.94 f
  data arrival time                                                  0.94

  clock ALU_CLK (rise edge)                              10.00      10.00
  clock network delay (ideal)                             0.00      10.00
  clock uncertainty                                      -0.20       9.80
  U0_ALU/ALU_OUT_reg[0]/CK (SDFFRQX2M)                    0.00       9.80 r
  library setup time                                     -0.42       9.38
  data required time                                                 9.38
  --------------------------------------------------------------------------
  data required time                                                 9.38
  data arrival time                                                 -0.94
  --------------------------------------------------------------------------
  slack (MET)                                                        8.44


  Startpoint: U0_ALU/OUT_VALID_reg
              (rising edge-triggered flip-flop clocked by ALU_CLK)
  Endpoint: U0_ALU/ALU_OUT_reg[7]
            (rising edge-triggered flip-flop clocked by ALU_CLK)
  Path Group: ALU_CLK
  Path Type: max

  Point                                                   Incr       Path
  --------------------------------------------------------------------------
  clock ALU_CLK (rise edge)                               0.00       0.00
  clock network delay (ideal)                             0.00       0.00
  U0_ALU/OUT_VALID_reg/CK (SDFFRQX1M)                     0.00       0.00 r
  U0_ALU/OUT_VALID_reg/Q (SDFFRQX1M)                      0.46       0.46 f
  U0_ALU/OUT_VALID (ALU_test_1)                           0.00       0.46 f
  sys_cntrl_inst/out_valid (sys_ctrl_test_1)              0.00       0.46 f
  sys_cntrl_inst/U64/Y (NAND2X2M)                         0.11       0.56 r
  sys_cntrl_inst/U21/Y (NAND2X2M)                         0.09       0.65 f
  sys_cntrl_inst/en (sys_ctrl_test_1)                     0.00       0.65 f
  U0_ALU/EN (ALU_test_1)                                  0.00       0.65 f
  U0_ALU/U43/Y (INVX2M)                                   0.22       0.88 r
  U0_ALU/U78/Y (AOI31X2M)                                 0.06       0.94 f
  U0_ALU/ALU_OUT_reg[7]/D (SDFFRQX2M)                     0.00       0.94 f
  data arrival time                                                  0.94

  clock ALU_CLK (rise edge)                              10.00      10.00
  clock network delay (ideal)                             0.00      10.00
  clock uncertainty                                      -0.20       9.80
  U0_ALU/ALU_OUT_reg[7]/CK (SDFFRQX2M)                    0.00       9.80 r
  library setup time                                     -0.42       9.38
  data required time                                                 9.38
  --------------------------------------------------------------------------
  data required time                                                 9.38
  data arrival time                                                 -0.94
  --------------------------------------------------------------------------
  slack (MET)                                                        8.44


  Startpoint: U0_ALU/OUT_VALID_reg
              (rising edge-triggered flip-flop clocked by ALU_CLK)
  Endpoint: U0_ALU/ALU_OUT_reg[8]
            (rising edge-triggered flip-flop clocked by ALU_CLK)
  Path Group: ALU_CLK
  Path Type: max

  Point                                                   Incr       Path
  --------------------------------------------------------------------------
  clock ALU_CLK (rise edge)                               0.00       0.00
  clock network delay (ideal)                             0.00       0.00
  U0_ALU/OUT_VALID_reg/CK (SDFFRQX1M)                     0.00       0.00 r
  U0_ALU/OUT_VALID_reg/Q (SDFFRQX1M)                      0.46       0.46 f
  U0_ALU/OUT_VALID (ALU_test_1)                           0.00       0.46 f
  sys_cntrl_inst/out_valid (sys_ctrl_test_1)              0.00       0.46 f
  sys_cntrl_inst/U64/Y (NAND2X2M)                         0.11       0.56 r
  sys_cntrl_inst/U21/Y (NAND2X2M)                         0.09       0.65 f
  sys_cntrl_inst/en (sys_ctrl_test_1)                     0.00       0.65 f
  U0_ALU/EN (ALU_test_1)                                  0.00       0.65 f
  U0_ALU/U43/Y (INVX2M)                                   0.22       0.88 r
  U0_ALU/U90/Y (AOI21X2M)                                 0.06       0.94 f
  U0_ALU/ALU_OUT_reg[8]/D (SDFFRQX2M)                     0.00       0.94 f
  data arrival time                                                  0.94

  clock ALU_CLK (rise edge)                              10.00      10.00
  clock network delay (ideal)                             0.00      10.00
  clock uncertainty                                      -0.20       9.80
  U0_ALU/ALU_OUT_reg[8]/CK (SDFFRQX2M)                    0.00       9.80 r
  library setup time                                     -0.41       9.39
  data required time                                                 9.39
  --------------------------------------------------------------------------
  data required time                                                 9.39
  data arrival time                                                 -0.94
  --------------------------------------------------------------------------
  slack (MET)                                                        8.45


  Startpoint: U0_ALU/OUT_VALID_reg
              (rising edge-triggered flip-flop clocked by ALU_CLK)
  Endpoint: U0_ALU/OUT_VALID_reg
            (rising edge-triggered flip-flop clocked by ALU_CLK)
  Path Group: ALU_CLK
  Path Type: max

  Point                                                   Incr       Path
  --------------------------------------------------------------------------
  clock ALU_CLK (rise edge)                               0.00       0.00
  clock network delay (ideal)                             0.00       0.00
  U0_ALU/OUT_VALID_reg/CK (SDFFRQX1M)                     0.00       0.00 r
  U0_ALU/OUT_VALID_reg/Q (SDFFRQX1M)                      0.46       0.46 f
  U0_ALU/OUT_VALID (ALU_test_1)                           0.00       0.46 f
  sys_cntrl_inst/out_valid (sys_ctrl_test_1)              0.00       0.46 f
  sys_cntrl_inst/U64/Y (NAND2X2M)                         0.11       0.56 r
  sys_cntrl_inst/U21/Y (NAND2X2M)                         0.09       0.65 f
  sys_cntrl_inst/en (sys_ctrl_test_1)                     0.00       0.65 f
  U0_ALU/EN (ALU_test_1)                                  0.00       0.65 f
  U0_ALU/OUT_VALID_reg/D (SDFFRQX1M)                      0.00       0.65 f
  data arrival time                                                  0.65

  clock ALU_CLK (rise edge)                              10.00      10.00
  clock network delay (ideal)                             0.00      10.00
  clock uncertainty                                      -0.20       9.80
  U0_ALU/OUT_VALID_reg/CK (SDFFRQX1M)                     0.00       9.80 r
  library setup time                                     -0.42       9.38
  data required time                                                 9.38
  --------------------------------------------------------------------------
  data required time                                                 9.38
  data arrival time                                                 -0.65
  --------------------------------------------------------------------------
  slack (MET)                                                        8.73


  Startpoint: U0_ALU/ALU_OUT_reg[2]
              (rising edge-triggered flip-flop clocked by ALU_CLK)
  Endpoint: U0_ALU/ALU_OUT_reg[3]
            (rising edge-triggered flip-flop clocked by ALU_CLK)
  Path Group: ALU_CLK
  Path Type: max

  Point                                                   Incr       Path
  --------------------------------------------------------------------------
  clock ALU_CLK (rise edge)                               0.00       0.00
  clock network delay (ideal)                             0.00       0.00
  U0_ALU/ALU_OUT_reg[2]/CK (SDFFRQX2M)                    0.00       0.00 r
  U0_ALU/ALU_OUT_reg[2]/Q (SDFFRQX2M)                     0.42       0.42 f
  U0_ALU/ALU_OUT_reg[3]/SI (SDFFRQX2M)                    0.00       0.42 f
  data arrival time                                                  0.42

  clock ALU_CLK (rise edge)                              10.00      10.00
  clock network delay (ideal)                             0.00      10.00
  clock uncertainty                                      -0.20       9.80
  U0_ALU/ALU_OUT_reg[3]/CK (SDFFRQX2M)                    0.00       9.80 r
  library setup time                                     -0.52       9.28
  data required time                                                 9.28
  --------------------------------------------------------------------------
  data required time                                                 9.28
  data arrival time                                                 -0.42
  --------------------------------------------------------------------------
  slack (MET)                                                        8.86


  Startpoint: U0_ALU/ALU_OUT_reg[1]
              (rising edge-triggered flip-flop clocked by ALU_CLK)
  Endpoint: U0_ALU/ALU_OUT_reg[2]
            (rising edge-triggered flip-flop clocked by ALU_CLK)
  Path Group: ALU_CLK
  Path Type: max

  Point                                                   Incr       Path
  --------------------------------------------------------------------------
  clock ALU_CLK (rise edge)                               0.00       0.00
  clock network delay (ideal)                             0.00       0.00
  U0_ALU/ALU_OUT_reg[1]/CK (SDFFRQX2M)                    0.00       0.00 r
  U0_ALU/ALU_OUT_reg[1]/Q (SDFFRQX2M)                     0.42       0.42 f
  U0_ALU/ALU_OUT_reg[2]/SI (SDFFRQX2M)                    0.00       0.42 f
  data arrival time                                                  0.42

  clock ALU_CLK (rise edge)                              10.00      10.00
  clock network delay (ideal)                             0.00      10.00
  clock uncertainty                                      -0.20       9.80
  U0_ALU/ALU_OUT_reg[2]/CK (SDFFRQX2M)                    0.00       9.80 r
  library setup time                                     -0.52       9.28
  data required time                                                 9.28
  --------------------------------------------------------------------------
  data required time                                                 9.28
  data arrival time                                                 -0.42
  --------------------------------------------------------------------------
  slack (MET)                                                        8.86


  Startpoint: U0_ALU/ALU_OUT_reg[0]
              (rising edge-triggered flip-flop clocked by ALU_CLK)
  Endpoint: U0_ALU/ALU_OUT_reg[1]
            (rising edge-triggered flip-flop clocked by ALU_CLK)
  Path Group: ALU_CLK
  Path Type: max

  Point                                                   Incr       Path
  --------------------------------------------------------------------------
  clock ALU_CLK (rise edge)                               0.00       0.00
  clock network delay (ideal)                             0.00       0.00
  U0_ALU/ALU_OUT_reg[0]/CK (SDFFRQX2M)                    0.00       0.00 r
  U0_ALU/ALU_OUT_reg[0]/Q (SDFFRQX2M)                     0.42       0.42 f
  U0_ALU/ALU_OUT_reg[1]/SI (SDFFRQX2M)                    0.00       0.42 f
  data arrival time                                                  0.42

  clock ALU_CLK (rise edge)                              10.00      10.00
  clock network delay (ideal)                             0.00      10.00
  clock uncertainty                                      -0.20       9.80
  U0_ALU/ALU_OUT_reg[1]/CK (SDFFRQX2M)                    0.00       9.80 r
  library setup time                                     -0.52       9.28
  data required time                                                 9.28
  --------------------------------------------------------------------------
  data required time                                                 9.28
  data arrival time                                                 -0.42
  --------------------------------------------------------------------------
  slack (MET)                                                        8.86


  Startpoint: SE (input port clocked by SCAN_CLK)
  Endpoint: U0_UART/U0_UART_TX/serializer_int/count_reg[0]
            (rising edge-triggered flip-flop clocked by SCAN_CLK)
  Path Group: SCAN_CLK
  Path Type: max

  Point                                                   Incr       Path
  --------------------------------------------------------------------------
  clock SCAN_CLK (rise edge)                              0.00       0.00
  clock network delay (ideal)                             0.00       0.00
  input external delay                                   20.00      20.00 r
  SE (in)                                                 0.48      20.48 r
  U21/Y (INVXLM)                                          0.16      20.65 f
  U22/Y (INVXLM)                                          0.13      20.77 r
  U17/Y (DLY1X1M)                                         0.99      21.76 r
  U0_UART/test_se (UART_DATA_WIDTH8_test_1)               0.00      21.76 r
  U0_UART/U0_UART_TX/test_se (uart_top_test_1)            0.00      21.76 r
  U0_UART/U0_UART_TX/serializer_int/test_se (serializer_test_1)
                                                          0.00      21.76 r
  U0_UART/U0_UART_TX/serializer_int/U57/Y (INVXLM)        0.10      21.86 f
  U0_UART/U0_UART_TX/serializer_int/U58/Y (INVXLM)        0.50      22.36 r
  U0_UART/U0_UART_TX/serializer_int/count_reg[0]/SE (SDFFRQX1M)
                                                          0.00      22.36 r
  data arrival time                                                 22.36

  clock SCAN_CLK (rise edge)                            100.00     100.00
  clock network delay (ideal)                             0.00     100.00
  clock uncertainty                                      -0.20      99.80
  U0_UART/U0_UART_TX/serializer_int/count_reg[0]/CK (SDFFRQX1M)
                                                          0.00      99.80 r
  library setup time                                     -0.60      99.20
  data required time                                                99.20
  --------------------------------------------------------------------------
  data required time                                                99.20
  data arrival time                                                -22.36
  --------------------------------------------------------------------------
  slack (MET)                                                       76.84


  Startpoint: SE (input port clocked by SCAN_CLK)
  Endpoint: U0_UART/U0_UART_TX/serializer_int/count_reg[1]
            (rising edge-triggered flip-flop clocked by SCAN_CLK)
  Path Group: SCAN_CLK
  Path Type: max

  Point                                                   Incr       Path
  --------------------------------------------------------------------------
  clock SCAN_CLK (rise edge)                              0.00       0.00
  clock network delay (ideal)                             0.00       0.00
  input external delay                                   20.00      20.00 r
  SE (in)                                                 0.48      20.48 r
  U21/Y (INVXLM)                                          0.16      20.65 f
  U22/Y (INVXLM)                                          0.13      20.77 r
  U17/Y (DLY1X1M)                                         0.99      21.76 r
  U0_UART/test_se (UART_DATA_WIDTH8_test_1)               0.00      21.76 r
  U0_UART/U0_UART_TX/test_se (uart_top_test_1)            0.00      21.76 r
  U0_UART/U0_UART_TX/serializer_int/test_se (serializer_test_1)
                                                          0.00      21.76 r
  U0_UART/U0_UART_TX/serializer_int/U57/Y (INVXLM)        0.10      21.86 f
  U0_UART/U0_UART_TX/serializer_int/U58/Y (INVXLM)        0.50      22.36 r
  U0_UART/U0_UART_TX/serializer_int/count_reg[1]/SE (SDFFRQX1M)
                                                          0.00      22.36 r
  data arrival time                                                 22.36

  clock SCAN_CLK (rise edge)                            100.00     100.00
  clock network delay (ideal)                             0.00     100.00
  clock uncertainty                                      -0.20      99.80
  U0_UART/U0_UART_TX/serializer_int/count_reg[1]/CK (SDFFRQX1M)
                                                          0.00      99.80 r
  library setup time                                     -0.60      99.20
  data required time                                                99.20
  --------------------------------------------------------------------------
  data required time                                                99.20
  data arrival time                                                -22.36
  --------------------------------------------------------------------------
  slack (MET)                                                       76.84


  Startpoint: SE (input port clocked by SCAN_CLK)
  Endpoint: U0_UART/U0_UART_TX/serializer_int/ser_done_reg
            (rising edge-triggered flip-flop clocked by SCAN_CLK)
  Path Group: SCAN_CLK
  Path Type: max

  Point                                                   Incr       Path
  --------------------------------------------------------------------------
  clock SCAN_CLK (rise edge)                              0.00       0.00
  clock network delay (ideal)                             0.00       0.00
  input external delay                                   20.00      20.00 r
  SE (in)                                                 0.48      20.48 r
  U21/Y (INVXLM)                                          0.16      20.65 f
  U22/Y (INVXLM)                                          0.13      20.77 r
  U17/Y (DLY1X1M)                                         0.99      21.76 r
  U0_UART/test_se (UART_DATA_WIDTH8_test_1)               0.00      21.76 r
  U0_UART/U0_UART_TX/test_se (uart_top_test_1)            0.00      21.76 r
  U0_UART/U0_UART_TX/serializer_int/test_se (serializer_test_1)
                                                          0.00      21.76 r
  U0_UART/U0_UART_TX/serializer_int/U57/Y (INVXLM)        0.10      21.86 f
  U0_UART/U0_UART_TX/serializer_int/U58/Y (INVXLM)        0.50      22.36 r
  U0_UART/U0_UART_TX/serializer_int/ser_done_reg/SE (SDFFRQX1M)
                                                          0.00      22.36 r
  data arrival time                                                 22.36

  clock SCAN_CLK (rise edge)                            100.00     100.00
  clock network delay (ideal)                             0.00     100.00
  clock uncertainty                                      -0.20      99.80
  U0_UART/U0_UART_TX/serializer_int/ser_done_reg/CK (SDFFRQX1M)
                                                          0.00      99.80 r
  library setup time                                     -0.60      99.20
  data required time                                                99.20
  --------------------------------------------------------------------------
  data required time                                                99.20
  data arrival time                                                -22.36
  --------------------------------------------------------------------------
  slack (MET)                                                       76.84


  Startpoint: SE (input port clocked by SCAN_CLK)
  Endpoint: U0_UART/U0_UART_TX/serializer_int/ser_data_reg
            (rising edge-triggered flip-flop clocked by SCAN_CLK)
  Path Group: SCAN_CLK
  Path Type: max

  Point                                                   Incr       Path
  --------------------------------------------------------------------------
  clock SCAN_CLK (rise edge)                              0.00       0.00
  clock network delay (ideal)                             0.00       0.00
  input external delay                                   20.00      20.00 r
  SE (in)                                                 0.48      20.48 r
  U21/Y (INVXLM)                                          0.16      20.65 f
  U22/Y (INVXLM)                                          0.13      20.77 r
  U17/Y (DLY1X1M)                                         0.99      21.76 r
  U0_UART/test_se (UART_DATA_WIDTH8_test_1)               0.00      21.76 r
  U0_UART/U0_UART_TX/test_se (uart_top_test_1)            0.00      21.76 r
  U0_UART/U0_UART_TX/serializer_int/test_se (serializer_test_1)
                                                          0.00      21.76 r
  U0_UART/U0_UART_TX/serializer_int/U57/Y (INVXLM)        0.10      21.86 f
  U0_UART/U0_UART_TX/serializer_int/U58/Y (INVXLM)        0.50      22.36 r
  U0_UART/U0_UART_TX/serializer_int/ser_data_reg/SE (SDFFRQX1M)
                                                          0.00      22.36 r
  data arrival time                                                 22.36

  clock SCAN_CLK (rise edge)                            100.00     100.00
  clock network delay (ideal)                             0.00     100.00
  clock uncertainty                                      -0.20      99.80
  U0_UART/U0_UART_TX/serializer_int/ser_data_reg/CK (SDFFRQX1M)
                                                          0.00      99.80 r
  library setup time                                     -0.60      99.20
  data required time                                                99.20
  --------------------------------------------------------------------------
  data required time                                                99.20
  data arrival time                                                -22.36
  --------------------------------------------------------------------------
  slack (MET)                                                       76.84


  Startpoint: SE (input port clocked by SCAN_CLK)
  Endpoint: U0_UART/U0_UART_TX/serializer_int/count_reg[2]
            (rising edge-triggered flip-flop clocked by SCAN_CLK)
  Path Group: SCAN_CLK
  Path Type: max

  Point                                                   Incr       Path
  --------------------------------------------------------------------------
  clock SCAN_CLK (rise edge)                              0.00       0.00
  clock network delay (ideal)                             0.00       0.00
  input external delay                                   20.00      20.00 r
  SE (in)                                                 0.48      20.48 r
  U21/Y (INVXLM)                                          0.16      20.65 f
  U22/Y (INVXLM)                                          0.13      20.77 r
  U17/Y (DLY1X1M)                                         0.99      21.76 r
  U0_UART/test_se (UART_DATA_WIDTH8_test_1)               0.00      21.76 r
  U0_UART/U0_UART_TX/test_se (uart_top_test_1)            0.00      21.76 r
  U0_UART/U0_UART_TX/serializer_int/test_se (serializer_test_1)
                                                          0.00      21.76 r
  U0_UART/U0_UART_TX/serializer_int/U57/Y (INVXLM)        0.10      21.86 f
  U0_UART/U0_UART_TX/serializer_int/U58/Y (INVXLM)        0.50      22.36 r
  U0_UART/U0_UART_TX/serializer_int/count_reg[2]/SE (SDFFRQX1M)
                                                          0.00      22.36 r
  data arrival time                                                 22.36

  clock SCAN_CLK (rise edge)                            100.00     100.00
  clock network delay (ideal)                             0.00     100.00
  clock uncertainty                                      -0.20      99.80
  U0_UART/U0_UART_TX/serializer_int/count_reg[2]/CK (SDFFRQX1M)
                                                          0.00      99.80 r
  library setup time                                     -0.60      99.20
  data required time                                                99.20
  --------------------------------------------------------------------------
  data required time                                                99.20
  data arrival time                                                -22.36
  --------------------------------------------------------------------------
  slack (MET)                                                       76.84


  Startpoint: SE (input port clocked by SCAN_CLK)
  Endpoint: U0_UART/U0_UART_TX/serializer_int/temp_ser_data_reg[6]
            (rising edge-triggered flip-flop clocked by SCAN_CLK)
  Path Group: SCAN_CLK
  Path Type: max

  Point                                                   Incr       Path
  --------------------------------------------------------------------------
  clock SCAN_CLK (rise edge)                              0.00       0.00
  clock network delay (ideal)                             0.00       0.00
  input external delay                                   20.00      20.00 r
  SE (in)                                                 0.48      20.48 r
  U21/Y (INVXLM)                                          0.16      20.65 f
  U22/Y (INVXLM)                                          0.13      20.77 r
  U17/Y (DLY1X1M)                                         0.99      21.76 r
  U0_UART/test_se (UART_DATA_WIDTH8_test_1)               0.00      21.76 r
  U0_UART/U0_UART_TX/test_se (uart_top_test_1)            0.00      21.76 r
  U0_UART/U0_UART_TX/serializer_int/test_se (serializer_test_1)
                                                          0.00      21.76 r
  U0_UART/U0_UART_TX/serializer_int/U57/Y (INVXLM)        0.10      21.86 f
  U0_UART/U0_UART_TX/serializer_int/U58/Y (INVXLM)        0.50      22.36 r
  U0_UART/U0_UART_TX/serializer_int/temp_ser_data_reg[6]/SE (SDFFRQX1M)
                                                          0.00      22.36 r
  data arrival time                                                 22.36

  clock SCAN_CLK (rise edge)                            100.00     100.00
  clock network delay (ideal)                             0.00     100.00
  clock uncertainty                                      -0.20      99.80
  U0_UART/U0_UART_TX/serializer_int/temp_ser_data_reg[6]/CK (SDFFRQX1M)
                                                          0.00      99.80 r
  library setup time                                     -0.60      99.20
  data required time                                                99.20
  --------------------------------------------------------------------------
  data required time                                                99.20
  data arrival time                                                -22.36
  --------------------------------------------------------------------------
  slack (MET)                                                       76.84


  Startpoint: SE (input port clocked by SCAN_CLK)
  Endpoint: U0_UART/U0_UART_TX/serializer_int/temp_ser_data_reg[5]
            (rising edge-triggered flip-flop clocked by SCAN_CLK)
  Path Group: SCAN_CLK
  Path Type: max

  Point                                                   Incr       Path
  --------------------------------------------------------------------------
  clock SCAN_CLK (rise edge)                              0.00       0.00
  clock network delay (ideal)                             0.00       0.00
  input external delay                                   20.00      20.00 r
  SE (in)                                                 0.48      20.48 r
  U21/Y (INVXLM)                                          0.16      20.65 f
  U22/Y (INVXLM)                                          0.13      20.77 r
  U17/Y (DLY1X1M)                                         0.99      21.76 r
  U0_UART/test_se (UART_DATA_WIDTH8_test_1)               0.00      21.76 r
  U0_UART/U0_UART_TX/test_se (uart_top_test_1)            0.00      21.76 r
  U0_UART/U0_UART_TX/serializer_int/test_se (serializer_test_1)
                                                          0.00      21.76 r
  U0_UART/U0_UART_TX/serializer_int/U57/Y (INVXLM)        0.10      21.86 f
  U0_UART/U0_UART_TX/serializer_int/U58/Y (INVXLM)        0.50      22.36 r
  U0_UART/U0_UART_TX/serializer_int/temp_ser_data_reg[5]/SE (SDFFRQX1M)
                                                          0.00      22.36 r
  data arrival time                                                 22.36

  clock SCAN_CLK (rise edge)                            100.00     100.00
  clock network delay (ideal)                             0.00     100.00
  clock uncertainty                                      -0.20      99.80
  U0_UART/U0_UART_TX/serializer_int/temp_ser_data_reg[5]/CK (SDFFRQX1M)
                                                          0.00      99.80 r
  library setup time                                     -0.60      99.20
  data required time                                                99.20
  --------------------------------------------------------------------------
  data required time                                                99.20
  data arrival time                                                -22.36
  --------------------------------------------------------------------------
  slack (MET)                                                       76.84


  Startpoint: SE (input port clocked by SCAN_CLK)
  Endpoint: U0_UART/U0_UART_TX/serializer_int/temp_ser_data_reg[1]
            (rising edge-triggered flip-flop clocked by SCAN_CLK)
  Path Group: SCAN_CLK
  Path Type: max

  Point                                                   Incr       Path
  --------------------------------------------------------------------------
  clock SCAN_CLK (rise edge)                              0.00       0.00
  clock network delay (ideal)                             0.00       0.00
  input external delay                                   20.00      20.00 r
  SE (in)                                                 0.48      20.48 r
  U21/Y (INVXLM)                                          0.16      20.65 f
  U22/Y (INVXLM)                                          0.13      20.77 r
  U17/Y (DLY1X1M)                                         0.99      21.76 r
  U0_UART/test_se (UART_DATA_WIDTH8_test_1)               0.00      21.76 r
  U0_UART/U0_UART_TX/test_se (uart_top_test_1)            0.00      21.76 r
  U0_UART/U0_UART_TX/serializer_int/test_se (serializer_test_1)
                                                          0.00      21.76 r
  U0_UART/U0_UART_TX/serializer_int/U57/Y (INVXLM)        0.10      21.86 f
  U0_UART/U0_UART_TX/serializer_int/U58/Y (INVXLM)        0.50      22.36 r
  U0_UART/U0_UART_TX/serializer_int/temp_ser_data_reg[1]/SE (SDFFRQX1M)
                                                          0.00      22.36 r
  data arrival time                                                 22.36

  clock SCAN_CLK (rise edge)                            100.00     100.00
  clock network delay (ideal)                             0.00     100.00
  clock uncertainty                                      -0.20      99.80
  U0_UART/U0_UART_TX/serializer_int/temp_ser_data_reg[1]/CK (SDFFRQX1M)
                                                          0.00      99.80 r
  library setup time                                     -0.60      99.20
  data required time                                                99.20
  --------------------------------------------------------------------------
  data required time                                                99.20
  data arrival time                                                -22.36
  --------------------------------------------------------------------------
  slack (MET)                                                       76.84


  Startpoint: SE (input port clocked by SCAN_CLK)
  Endpoint: U0_UART/U0_UART_TX/serializer_int/temp_ser_data_reg[4]
            (rising edge-triggered flip-flop clocked by SCAN_CLK)
  Path Group: SCAN_CLK
  Path Type: max

  Point                                                   Incr       Path
  --------------------------------------------------------------------------
  clock SCAN_CLK (rise edge)                              0.00       0.00
  clock network delay (ideal)                             0.00       0.00
  input external delay                                   20.00      20.00 r
  SE (in)                                                 0.48      20.48 r
  U21/Y (INVXLM)                                          0.16      20.65 f
  U22/Y (INVXLM)                                          0.13      20.77 r
  U17/Y (DLY1X1M)                                         0.99      21.76 r
  U0_UART/test_se (UART_DATA_WIDTH8_test_1)               0.00      21.76 r
  U0_UART/U0_UART_TX/test_se (uart_top_test_1)            0.00      21.76 r
  U0_UART/U0_UART_TX/serializer_int/test_se (serializer_test_1)
                                                          0.00      21.76 r
  U0_UART/U0_UART_TX/serializer_int/U57/Y (INVXLM)        0.10      21.86 f
  U0_UART/U0_UART_TX/serializer_int/U58/Y (INVXLM)        0.50      22.36 r
  U0_UART/U0_UART_TX/serializer_int/temp_ser_data_reg[4]/SE (SDFFRQX1M)
                                                          0.00      22.36 r
  data arrival time                                                 22.36

  clock SCAN_CLK (rise edge)                            100.00     100.00
  clock network delay (ideal)                             0.00     100.00
  clock uncertainty                                      -0.20      99.80
  U0_UART/U0_UART_TX/serializer_int/temp_ser_data_reg[4]/CK (SDFFRQX1M)
                                                          0.00      99.80 r
  library setup time                                     -0.60      99.20
  data required time                                                99.20
  --------------------------------------------------------------------------
  data required time                                                99.20
  data arrival time                                                -22.36
  --------------------------------------------------------------------------
  slack (MET)                                                       76.84


  Startpoint: SE (input port clocked by SCAN_CLK)
  Endpoint: U0_UART/U0_UART_TX/serializer_int/temp_ser_data_reg[0]
            (rising edge-triggered flip-flop clocked by SCAN_CLK)
  Path Group: SCAN_CLK
  Path Type: max

  Point                                                   Incr       Path
  --------------------------------------------------------------------------
  clock SCAN_CLK (rise edge)                              0.00       0.00
  clock network delay (ideal)                             0.00       0.00
  input external delay                                   20.00      20.00 r
  SE (in)                                                 0.48      20.48 r
  U21/Y (INVXLM)                                          0.16      20.65 f
  U22/Y (INVXLM)                                          0.13      20.77 r
  U17/Y (DLY1X1M)                                         0.99      21.76 r
  U0_UART/test_se (UART_DATA_WIDTH8_test_1)               0.00      21.76 r
  U0_UART/U0_UART_TX/test_se (uart_top_test_1)            0.00      21.76 r
  U0_UART/U0_UART_TX/serializer_int/test_se (serializer_test_1)
                                                          0.00      21.76 r
  U0_UART/U0_UART_TX/serializer_int/U57/Y (INVXLM)        0.10      21.86 f
  U0_UART/U0_UART_TX/serializer_int/U58/Y (INVXLM)        0.50      22.36 r
  U0_UART/U0_UART_TX/serializer_int/temp_ser_data_reg[0]/SE (SDFFRQX1M)
                                                          0.00      22.36 r
  data arrival time                                                 22.36

  clock SCAN_CLK (rise edge)                            100.00     100.00
  clock network delay (ideal)                             0.00     100.00
  clock uncertainty                                      -0.20      99.80
  U0_UART/U0_UART_TX/serializer_int/temp_ser_data_reg[0]/CK (SDFFRQX1M)
                                                          0.00      99.80 r
  library setup time                                     -0.60      99.20
  data required time                                                99.20
  --------------------------------------------------------------------------
  data required time                                                99.20
  data arrival time                                                -22.36
  --------------------------------------------------------------------------
  slack (MET)                                                       76.84


  Startpoint: SE (input port clocked by SCAN_CLK)
  Endpoint: U0_UART/U0_UART_TX/serializer_int/temp_ser_data_reg[3]
            (rising edge-triggered flip-flop clocked by SCAN_CLK)
  Path Group: SCAN_CLK
  Path Type: max

  Point                                                   Incr       Path
  --------------------------------------------------------------------------
  clock SCAN_CLK (rise edge)                              0.00       0.00
  clock network delay (ideal)                             0.00       0.00
  input external delay                                   20.00      20.00 r
  SE (in)                                                 0.48      20.48 r
  U21/Y (INVXLM)                                          0.16      20.65 f
  U22/Y (INVXLM)                                          0.13      20.77 r
  U17/Y (DLY1X1M)                                         0.99      21.76 r
  U0_UART/test_se (UART_DATA_WIDTH8_test_1)               0.00      21.76 r
  U0_UART/U0_UART_TX/test_se (uart_top_test_1)            0.00      21.76 r
  U0_UART/U0_UART_TX/serializer_int/test_se (serializer_test_1)
                                                          0.00      21.76 r
  U0_UART/U0_UART_TX/serializer_int/U57/Y (INVXLM)        0.10      21.86 f
  U0_UART/U0_UART_TX/serializer_int/U58/Y (INVXLM)        0.50      22.36 r
  U0_UART/U0_UART_TX/serializer_int/temp_ser_data_reg[3]/SE (SDFFRQX1M)
                                                          0.00      22.36 r
  data arrival time                                                 22.36

  clock SCAN_CLK (rise edge)                            100.00     100.00
  clock network delay (ideal)                             0.00     100.00
  clock uncertainty                                      -0.20      99.80
  U0_UART/U0_UART_TX/serializer_int/temp_ser_data_reg[3]/CK (SDFFRQX1M)
                                                          0.00      99.80 r
  library setup time                                     -0.60      99.20
  data required time                                                99.20
  --------------------------------------------------------------------------
  data required time                                                99.20
  data arrival time                                                -22.36
  --------------------------------------------------------------------------
  slack (MET)                                                       76.84


  Startpoint: SE (input port clocked by SCAN_CLK)
  Endpoint: U0_UART/U0_UART_TX/serializer_int/temp_ser_data_reg[2]
            (rising edge-triggered flip-flop clocked by SCAN_CLK)
  Path Group: SCAN_CLK
  Path Type: max

  Point                                                   Incr       Path
  --------------------------------------------------------------------------
  clock SCAN_CLK (rise edge)                              0.00       0.00
  clock network delay (ideal)                             0.00       0.00
  input external delay                                   20.00      20.00 r
  SE (in)                                                 0.48      20.48 r
  U21/Y (INVXLM)                                          0.16      20.65 f
  U22/Y (INVXLM)                                          0.13      20.77 r
  U17/Y (DLY1X1M)                                         0.99      21.76 r
  U0_UART/test_se (UART_DATA_WIDTH8_test_1)               0.00      21.76 r
  U0_UART/U0_UART_TX/test_se (uart_top_test_1)            0.00      21.76 r
  U0_UART/U0_UART_TX/serializer_int/test_se (serializer_test_1)
                                                          0.00      21.76 r
  U0_UART/U0_UART_TX/serializer_int/U57/Y (INVXLM)        0.10      21.86 f
  U0_UART/U0_UART_TX/serializer_int/U58/Y (INVXLM)        0.50      22.36 r
  U0_UART/U0_UART_TX/serializer_int/temp_ser_data_reg[2]/SE (SDFFRQX1M)
                                                          0.00      22.36 r
  data arrival time                                                 22.36

  clock SCAN_CLK (rise edge)                            100.00     100.00
  clock network delay (ideal)                             0.00     100.00
  clock uncertainty                                      -0.20      99.80
  U0_UART/U0_UART_TX/serializer_int/temp_ser_data_reg[2]/CK (SDFFRQX1M)
                                                          0.00      99.80 r
  library setup time                                     -0.60      99.20
  data required time                                                99.20
  --------------------------------------------------------------------------
  data required time                                                99.20
  data arrival time                                                -22.36
  --------------------------------------------------------------------------
  slack (MET)                                                       76.84


  Startpoint: SE (input port clocked by SCAN_CLK)
  Endpoint: U0_UART/U0_UART_TX/serializer_int/temp_ser_data_reg[7]
            (rising edge-triggered flip-flop clocked by SCAN_CLK)
  Path Group: SCAN_CLK
  Path Type: max

  Point                                                   Incr       Path
  --------------------------------------------------------------------------
  clock SCAN_CLK (rise edge)                              0.00       0.00
  clock network delay (ideal)                             0.00       0.00
  input external delay                                   20.00      20.00 r
  SE (in)                                                 0.48      20.48 r
  U21/Y (INVXLM)                                          0.16      20.65 f
  U22/Y (INVXLM)                                          0.13      20.77 r
  U17/Y (DLY1X1M)                                         0.99      21.76 r
  U0_UART/test_se (UART_DATA_WIDTH8_test_1)               0.00      21.76 r
  U0_UART/U0_UART_TX/test_se (uart_top_test_1)            0.00      21.76 r
  U0_UART/U0_UART_TX/serializer_int/test_se (serializer_test_1)
                                                          0.00      21.76 r
  U0_UART/U0_UART_TX/serializer_int/U57/Y (INVXLM)        0.10      21.86 f
  U0_UART/U0_UART_TX/serializer_int/U58/Y (INVXLM)        0.50      22.36 r
  U0_UART/U0_UART_TX/serializer_int/temp_ser_data_reg[7]/SE (SDFFRQX1M)
                                                          0.00      22.36 r
  data arrival time                                                 22.36

  clock SCAN_CLK (rise edge)                            100.00     100.00
  clock network delay (ideal)                             0.00     100.00
  clock uncertainty                                      -0.20      99.80
  U0_UART/U0_UART_TX/serializer_int/temp_ser_data_reg[7]/CK (SDFFRQX1M)
                                                          0.00      99.80 r
  library setup time                                     -0.60      99.20
  data required time                                                99.20
  --------------------------------------------------------------------------
  data required time                                                99.20
  data arrival time                                                -22.36
  --------------------------------------------------------------------------
  slack (MET)                                                       76.84


  Startpoint: SE (input port clocked by SCAN_CLK)
  Endpoint: U1_ClkDiv/odd_edge_tog_reg
            (rising edge-triggered flip-flop clocked by SCAN_CLK)
  Path Group: SCAN_CLK
  Path Type: max

  Point                                                   Incr       Path
  --------------------------------------------------------------------------
  clock SCAN_CLK (rise edge)                              0.00       0.00
  clock network delay (ideal)                             0.00       0.00
  input external delay                                   20.00      20.00 r
  SE (in)                                                 0.48      20.48 r
  U21/Y (INVXLM)                                          0.16      20.65 f
  U24/Y (INVXLM)                                          0.56      21.20 r
  U19/Y (INVXLM)                                          0.09      21.30 f
  U20/Y (INVXLM)                                          0.62      21.91 r
  U1_ClkDiv/test_se (ClkDiv_test_1)                       0.00      21.91 r
  U1_ClkDiv/odd_edge_tog_reg/SE (SDFFSQX1M)               0.00      21.91 r
  data arrival time                                                 21.91

  clock SCAN_CLK (rise edge)                            100.00     100.00
  clock network delay (ideal)                             0.00     100.00
  clock uncertainty                                      -0.20      99.80
  U1_ClkDiv/odd_edge_tog_reg/CK (SDFFSQX1M)               0.00      99.80 r
  library setup time                                     -0.64      99.16
  data required time                                                99.16
  --------------------------------------------------------------------------
  data required time                                                99.16
  data arrival time                                                -21.91
  --------------------------------------------------------------------------
  slack (MET)                                                       77.24


  Startpoint: SE (input port clocked by SCAN_CLK)
  Endpoint: U1_ClkDiv/count_reg[0]
            (rising edge-triggered flip-flop clocked by SCAN_CLK)
  Path Group: SCAN_CLK
  Path Type: max

  Point                                                   Incr       Path
  --------------------------------------------------------------------------
  clock SCAN_CLK (rise edge)                              0.00       0.00
  clock network delay (ideal)                             0.00       0.00
  input external delay                                   20.00      20.00 r
  SE (in)                                                 0.48      20.48 r
  U21/Y (INVXLM)                                          0.16      20.65 f
  U24/Y (INVXLM)                                          0.56      21.20 r
  U19/Y (INVXLM)                                          0.09      21.30 f
  U20/Y (INVXLM)                                          0.62      21.91 r
  U1_ClkDiv/test_se (ClkDiv_test_1)                       0.00      21.91 r
  U1_ClkDiv/count_reg[0]/SE (SDFFRQX2M)                   0.00      21.91 r
  data arrival time                                                 21.91

  clock SCAN_CLK (rise edge)                            100.00     100.00
  clock network delay (ideal)                             0.00     100.00
  clock uncertainty                                      -0.20      99.80
  U1_ClkDiv/count_reg[0]/CK (SDFFRQX2M)                   0.00      99.80 r
  library setup time                                     -0.61      99.19
  data required time                                                99.19
  --------------------------------------------------------------------------
  data required time                                                99.19
  data arrival time                                                -21.91
  --------------------------------------------------------------------------
  slack (MET)                                                       77.27


  Startpoint: SE (input port clocked by SCAN_CLK)
  Endpoint: U1_ClkDiv/count_reg[5]
            (rising edge-triggered flip-flop clocked by SCAN_CLK)
  Path Group: SCAN_CLK
  Path Type: max

  Point                                                   Incr       Path
  --------------------------------------------------------------------------
  clock SCAN_CLK (rise edge)                              0.00       0.00
  clock network delay (ideal)                             0.00       0.00
  input external delay                                   20.00      20.00 r
  SE (in)                                                 0.48      20.48 r
  U21/Y (INVXLM)                                          0.16      20.65 f
  U24/Y (INVXLM)                                          0.56      21.20 r
  U19/Y (INVXLM)                                          0.09      21.30 f
  U20/Y (INVXLM)                                          0.62      21.91 r
  U1_ClkDiv/test_se (ClkDiv_test_1)                       0.00      21.91 r
  U1_ClkDiv/count_reg[5]/SE (SDFFRQX2M)                   0.00      21.91 r
  data arrival time                                                 21.91

  clock SCAN_CLK (rise edge)                            100.00     100.00
  clock network delay (ideal)                             0.00     100.00
  clock uncertainty                                      -0.20      99.80
  U1_ClkDiv/count_reg[5]/CK (SDFFRQX2M)                   0.00      99.80 r
  library setup time                                     -0.61      99.19
  data required time                                                99.19
  --------------------------------------------------------------------------
  data required time                                                99.19
  data arrival time                                                -21.91
  --------------------------------------------------------------------------
  slack (MET)                                                       77.27


  Startpoint: SE (input port clocked by SCAN_CLK)
  Endpoint: U1_ClkDiv/count_reg[4]
            (rising edge-triggered flip-flop clocked by SCAN_CLK)
  Path Group: SCAN_CLK
  Path Type: max

  Point                                                   Incr       Path
  --------------------------------------------------------------------------
  clock SCAN_CLK (rise edge)                              0.00       0.00
  clock network delay (ideal)                             0.00       0.00
  input external delay                                   20.00      20.00 r
  SE (in)                                                 0.48      20.48 r
  U21/Y (INVXLM)                                          0.16      20.65 f
  U24/Y (INVXLM)                                          0.56      21.20 r
  U19/Y (INVXLM)                                          0.09      21.30 f
  U20/Y (INVXLM)                                          0.62      21.91 r
  U1_ClkDiv/test_se (ClkDiv_test_1)                       0.00      21.91 r
  U1_ClkDiv/count_reg[4]/SE (SDFFRQX2M)                   0.00      21.91 r
  data arrival time                                                 21.91

  clock SCAN_CLK (rise edge)                            100.00     100.00
  clock network delay (ideal)                             0.00     100.00
  clock uncertainty                                      -0.20      99.80
  U1_ClkDiv/count_reg[4]/CK (SDFFRQX2M)                   0.00      99.80 r
  library setup time                                     -0.61      99.19
  data required time                                                99.19
  --------------------------------------------------------------------------
  data required time                                                99.19
  data arrival time                                                -21.91
  --------------------------------------------------------------------------
  slack (MET)                                                       77.27


  Startpoint: SE (input port clocked by SCAN_CLK)
  Endpoint: U1_ClkDiv/count_reg[3]
            (rising edge-triggered flip-flop clocked by SCAN_CLK)
  Path Group: SCAN_CLK
  Path Type: max

  Point                                                   Incr       Path
  --------------------------------------------------------------------------
  clock SCAN_CLK (rise edge)                              0.00       0.00
  clock network delay (ideal)                             0.00       0.00
  input external delay                                   20.00      20.00 r
  SE (in)                                                 0.48      20.48 r
  U21/Y (INVXLM)                                          0.16      20.65 f
  U24/Y (INVXLM)                                          0.56      21.20 r
  U19/Y (INVXLM)                                          0.09      21.30 f
  U20/Y (INVXLM)                                          0.62      21.91 r
  U1_ClkDiv/test_se (ClkDiv_test_1)                       0.00      21.91 r
  U1_ClkDiv/count_reg[3]/SE (SDFFRQX2M)                   0.00      21.91 r
  data arrival time                                                 21.91

  clock SCAN_CLK (rise edge)                            100.00     100.00
  clock network delay (ideal)                             0.00     100.00
  clock uncertainty                                      -0.20      99.80
  U1_ClkDiv/count_reg[3]/CK (SDFFRQX2M)                   0.00      99.80 r
  library setup time                                     -0.61      99.19
  data required time                                                99.19
  --------------------------------------------------------------------------
  data required time                                                99.19
  data arrival time                                                -21.91
  --------------------------------------------------------------------------
  slack (MET)                                                       77.27


  Startpoint: SE (input port clocked by SCAN_CLK)
  Endpoint: U1_ClkDiv/count_reg[2]
            (rising edge-triggered flip-flop clocked by SCAN_CLK)
  Path Group: SCAN_CLK
  Path Type: max

  Point                                                   Incr       Path
  --------------------------------------------------------------------------
  clock SCAN_CLK (rise edge)                              0.00       0.00
  clock network delay (ideal)                             0.00       0.00
  input external delay                                   20.00      20.00 r
  SE (in)                                                 0.48      20.48 r
  U21/Y (INVXLM)                                          0.16      20.65 f
  U24/Y (INVXLM)                                          0.56      21.20 r
  U19/Y (INVXLM)                                          0.09      21.30 f
  U20/Y (INVXLM)                                          0.62      21.91 r
  U1_ClkDiv/test_se (ClkDiv_test_1)                       0.00      21.91 r
  U1_ClkDiv/count_reg[2]/SE (SDFFRQX2M)                   0.00      21.91 r
  data arrival time                                                 21.91

  clock SCAN_CLK (rise edge)                            100.00     100.00
  clock network delay (ideal)                             0.00     100.00
  clock uncertainty                                      -0.20      99.80
  U1_ClkDiv/count_reg[2]/CK (SDFFRQX2M)                   0.00      99.80 r
  library setup time                                     -0.61      99.19
  data required time                                                99.19
  --------------------------------------------------------------------------
  data required time                                                99.19
  data arrival time                                                -21.91
  --------------------------------------------------------------------------
  slack (MET)                                                       77.27


  Startpoint: SE (input port clocked by SCAN_CLK)
  Endpoint: U1_ClkDiv/count_reg[1]
            (rising edge-triggered flip-flop clocked by SCAN_CLK)
  Path Group: SCAN_CLK
  Path Type: max

  Point                                                   Incr       Path
  --------------------------------------------------------------------------
  clock SCAN_CLK (rise edge)                              0.00       0.00
  clock network delay (ideal)                             0.00       0.00
  input external delay                                   20.00      20.00 r
  SE (in)                                                 0.48      20.48 r
  U21/Y (INVXLM)                                          0.16      20.65 f
  U24/Y (INVXLM)                                          0.56      21.20 r
  U19/Y (INVXLM)                                          0.09      21.30 f
  U20/Y (INVXLM)                                          0.62      21.91 r
  U1_ClkDiv/test_se (ClkDiv_test_1)                       0.00      21.91 r
  U1_ClkDiv/count_reg[1]/SE (SDFFRQX2M)                   0.00      21.91 r
  data arrival time                                                 21.91

  clock SCAN_CLK (rise edge)                            100.00     100.00
  clock network delay (ideal)                             0.00     100.00
  clock uncertainty                                      -0.20      99.80
  U1_ClkDiv/count_reg[1]/CK (SDFFRQX2M)                   0.00      99.80 r
  library setup time                                     -0.61      99.19
  data required time                                                99.19
  --------------------------------------------------------------------------
  data required time                                                99.19
  data arrival time                                                -21.91
  --------------------------------------------------------------------------
  slack (MET)                                                       77.27


1
