 
****************************************
Report : area
Design : SYS_TOP
Version: K-2015.06
Date   : Wed Oct  8 06:38:54 2025
****************************************

Library(s) Used:

    scmetro_tsmc_cl013g_rvt_ss_1p08v_125c (File: /home/IC/Labs/SYSTEM/std_cells/scmetro_tsmc_cl013g_rvt_ss_1p08v_125c.db)

Number of ports:                          779
Number of nets:                          2810
Number of cells:                         1969
Number of combinational cells:           1568
Number of sequential cells:               363
Number of macros/black boxes:               0
Number of buf/inv:                        394
Number of references:                      16

Combinational area:              13550.877371
Buf/Inv area:                     1887.426832
Noncombinational area:            9230.034838
Macro/Black Box area:                0.000000
Net Interconnect area:          726043.599579

Total cell area:                 22780.912208
Total area:                     748824.511787

Hierarchical area distribution
------------------------------

                                  Global cell area            Local cell area
                                  -------------------  ----------------------------- 
Hierarchical cell                 Absolute    Percent  Combi-      Noncombi-  Black-
                                  Total       Total    national    national   boxes   Design
--------------------------------  ----------  -------  ----------  ---------  ------  -----------------------------------------
SYS_TOP                           22780.9122    100.0     29.4175     0.0000  0.0000  SYS_TOP
U0_ALU                             5798.7776     25.5   1267.3059   461.2664  0.0000  ALU
U0_ALU/add_43                       231.8099      1.0    231.8099     0.0000  0.0000  ALU_DW01_add_0
U0_ALU/div_52                      1423.8070      6.3   1423.8070     0.0000  0.0000  ALU_DW_div_uns_0
U0_ALU/mult_49                     2151.0076      9.4   1908.6074     0.0000  0.0000  ALU_DW02_mult_0
U0_ALU/mult_49/FS_1                 242.4002      1.1    242.4002     0.0000  0.0000  ALU_DW01_add_1
U0_ALU/sub_46                       263.5808      1.2    263.5808     0.0000  0.0000  ALU_DW01_sub_0
U0_CLKDIV_MUX                       123.5535      0.5    123.5535     0.0000  0.0000  CLKDIV_MUX
U0_CLK_GATE                          40.0078      0.2      0.0000    40.0078  0.0000  CLK_GATE
U0_ClkDiv                           768.3851      3.4    442.4392   234.1633  0.0000  ClkDiv_0
U0_ClkDiv/add_49                     91.7826      0.4     91.7826     0.0000  0.0000  ClkDiv_0_DW01_inc_0
U0_PULSE_GEN                         57.6583      0.3      5.8835    51.7748  0.0000  PULSE_GEN
U0_RST_SYNC                          51.7748      0.2      0.0000    51.7748  0.0000  RST_SYNC_NUM_STAGES2_0
U0_RegFile                         6192.9722     27.2   2411.0583  3781.9138  0.0000  RegFile
U0_UART                            3332.4144     14.6      7.0602     0.0000  0.0000  UART_DATA_WIDTH8
U0_UART/U0_UART_RX                 2368.6971     10.4      8.2369     0.0000  0.0000  uart_rx_top
U0_UART/U0_UART_RX/data_sampling_rx_inst
                                    377.7207      1.7    300.0585    77.6622  0.0000  data_sampling
U0_UART/U0_UART_RX/deserializer_inst
                                    448.3227      2.0    241.2235   207.0992  0.0000  Deserializer
U0_UART/U0_UART_RX/edge_bit_counter_inst
                                    706.0200      3.1    425.9654   280.0546  0.0000  edge_bit_counter
U0_UART/U0_UART_RX/parity_check_inst
                                    140.0273      0.6    114.1399    25.8874  0.0000  parity_check
U0_UART/U0_UART_RX/start_check_inst
                                     37.6544      0.2     11.7670    25.8874  0.0000  start_check
U0_UART/U0_UART_RX/stop_check_inst
                                     49.4214      0.2     23.5340    25.8874  0.0000  stop_check
U0_UART/U0_UART_RX/uart_rx_fsm_inst
                                    601.2937      2.6    523.6315    77.6622  0.0000  uart_rx_fsm
U0_UART/U0_UART_TX                  956.6571      4.2      7.0602     0.0000  0.0000  uart_top
U0_UART/U0_UART_TX/fsm_int          201.2157      0.9    123.5535    77.6622  0.0000  uart_fsm
U0_UART/U0_UART_TX/mux_inst          30.5942      0.1     30.5942     0.0000  0.0000  uart_mux
U0_UART/U0_UART_TX/parity_int       125.9069      0.6    100.0195    25.8874  0.0000  parity
U0_UART/U0_UART_TX/serializer_int   591.8801      2.6    254.1672   337.7129  0.0000  serializer
U0_UART_FIFO                       4176.1083     18.3     14.1204     0.0000  0.0000  Async_fifo_D_SIZE8_P_SIZE4_F_DEPTH8
U0_UART_FIFO/u_fifo_mem            2933.5131     12.9   1201.4107  1732.1024  0.0000  fifo_mem_A_SIZE3_D_SIZE8_F_DEPTH8_P_SIZE4
U0_UART_FIFO/u_fifo_rd              390.6644      1.7    177.6817   212.9827  0.0000  fifo_rd
U0_UART_FIFO/u_fifo_wr              407.1382      1.8    174.1516   232.9866  0.0000  fifo_wr
U0_UART_FIFO/u_r2w_sync             215.3361      0.9      8.2369   207.0992  0.0000  DF_Sync_DATA_SIZE4_1
U0_UART_FIFO/u_w2r_sync             215.3361      0.9      8.2369   207.0992  0.0000  DF_Sync_DATA_SIZE4_0
U0_ref_sync                         418.9052      1.8     89.4292   329.4760  0.0000  DATA_SYNC_NUM_STAGES2_BUS_WIDTH8
U1_ClkDiv                           771.9152      3.4    431.8489   248.2837  0.0000  ClkDiv_1
U1_ClkDiv/add_49                     91.7826      0.4     91.7826     0.0000  0.0000  ClkDiv_1_DW01_inc_0
U1_RST_SYNC                          51.7748      0.2      0.0000    51.7748  0.0000  RST_SYNC_NUM_STAGES2_1
sys_cntrl_inst                      967.2474      4.2    741.3210   225.9264  0.0000  sys_ctrl
--------------------------------  ----------  -------  ----------  ---------  ------  -----------------------------------------
Total                                                  13550.8774  9230.0348  0.0000

1
