Loading db file '/home/IC/Labs/SYSTEM/std_cells/scmetro_tsmc_cl013g_rvt_ss_1p08v_125c.db'
Information: Propagating switching activity (low effort zero delay simulation). (PWR-6)
Warning: Design has unannotated primary inputs. (PWR-414)
Warning: Design has unannotated sequential cell outputs. (PWR-415)
 
****************************************
Report : power
        -hier
        -analysis_effort low
Design : SYS_TOP
Version: K-2015.06
Date   : Wed Oct  8 06:38:55 2025
****************************************


Library(s) Used:

    scmetro_tsmc_cl013g_rvt_ss_1p08v_125c (File: /home/IC/Labs/SYSTEM/std_cells/scmetro_tsmc_cl013g_rvt_ss_1p08v_125c.db)


Operating Conditions: scmetro_tsmc_cl013g_rvt_ss_1p08v_125c   Library: scmetro_tsmc_cl013g_rvt_ss_1p08v_125c
Wire Load Model Mode: top

Design        Wire Load Model            Library
------------------------------------------------
SYS_TOP                tsmc13_wl30       scmetro_tsmc_cl013g_rvt_ss_1p08v_125c


Global Operating Voltage = 1.08 
Power-specific unit information :
    Voltage Units = 1V
    Capacitance Units = 1.000000pf
    Time Units = 1ns
    Dynamic Power Units = 1mW    (derived from V,C,T units)
    Leakage Power Units = 1pW


--------------------------------------------------------------------------------
                                       Switch   Int      Leak     Total
Hierarchy                              Power    Power    Power    Power    %
--------------------------------------------------------------------------------
SYS_TOP                                2.64e-04 5.64e-04 1.47e+07 1.55e-02 100.0
  U0_CLK_GATE (CLK_GATE)                  0.000 5.80e-06 3.20e+04 3.78e-05   0.2
  U0_ALU (ALU)                         4.36e-06 3.96e-07 4.65e+06 4.66e-03  30.1
    mult_49 (ALU_DW02_mult_0)             0.000    0.000 1.71e+06 1.71e-03  11.1
    add_43 (ALU_DW01_add_0)               0.000    0.000 2.05e+05 2.05e-04   1.3
    sub_46 (ALU_DW01_sub_0)               0.000    0.000 2.45e+05 2.45e-04   1.6
    div_52 (ALU_DW_div_uns_0)             0.000    0.000 1.35e+06 1.35e-03   8.7
  U0_RegFile (RegFile)                 3.36e-05 2.60e-04 3.42e+06 3.71e-03  23.9
  sys_cntrl_inst (sys_ctrl)            1.29e-07 1.45e-05 5.96e+05 6.11e-04   3.9
  U0_UART (UART_DATA_WIDTH8)           5.14e-05 5.97e-05 2.15e+06 2.26e-03  14.6
    U0_UART_RX (uart_rx_top)           4.54e-05 5.87e-05 1.58e+06 1.69e-03  10.9
      edge_bit_counter_inst (edge_bit_counter)
                                       2.53e-05 2.52e-05 4.70e+05 5.20e-04   3.4
      data_sampling_rx_inst (data_sampling)
                                       6.98e-06 6.87e-06 2.71e+05 2.85e-04   1.8
      deserializer_inst (Deserializer) 3.42e-06 1.40e-05 2.60e+05 2.77e-04   1.8
      stop_check_inst (stop_check)        0.000 1.67e-06 3.39e+04 3.56e-05   0.2
      start_check_inst (start_check)   3.90e-08 1.75e-06 1.96e+04 2.13e-05   0.1
      parity_check_inst (parity_check) 5.67e-08 1.69e-06 1.33e+05 1.34e-04   0.9
      uart_rx_fsm_inst (uart_rx_fsm)   7.82e-06 7.50e-06 3.89e+05 4.04e-04   2.6
    U0_UART_TX (uart_top)              5.34e-06 9.26e-07 5.63e+05 5.69e-04   3.7
      mux_inst (uart_mux)                 0.000    0.000 2.11e+04 2.11e-05   0.1
      serializer_int (serializer)      2.81e-06 6.46e-07 2.97e+05 3.00e-04   1.9
      parity_int (parity)                 0.000 3.35e-08 1.10e+05 1.10e-04   0.7
      fsm_int (uart_fsm)               1.38e-06 1.79e-07 1.30e+05 1.32e-04   0.8
  U1_ClkDiv (ClkDiv_1)                 1.16e-04 2.15e-05 6.10e+05 7.48e-04   4.8
    add_49 (ClkDiv_1_DW01_inc_0)          0.000    0.000 8.47e+04 8.47e-05   0.5
  U0_CLKDIV_MUX (CLKDIV_MUX)              0.000    0.000 7.71e+04 7.71e-05   0.5
  U0_ClkDiv (ClkDiv_0)                 2.33e-05 2.30e-05 5.64e+05 6.10e-04   3.9
    add_49 (ClkDiv_0_DW01_inc_0)       2.82e-06 6.13e-07 8.40e+04 8.75e-05   0.6
  U0_PULSE_GEN (PULSE_GEN)                0.000 6.70e-08 2.39e+04 2.39e-05   0.2
  U0_UART_FIFO (Async_fifo_D_SIZE8_P_SIZE4_F_DEPTH8)
                                       2.59e-05 1.47e-04 2.26e+06 2.44e-03  15.7
    u_r2w_sync (DF_Sync_DATA_SIZE4_1)  2.12e-06 1.34e-05 9.02e+04 1.06e-04   0.7
    u_fifo_rd (fifo_rd)                2.12e-06 3.57e-07 2.63e+05 2.65e-04   1.7
    u_fifo_wr (fifo_wr)                2.07e-06 1.56e-05 2.96e+05 3.14e-04   2.0
    u_w2r_sync (DF_Sync_DATA_SIZE4_0)  2.12e-06 3.62e-07 8.55e+04 8.80e-05   0.6
    u_fifo_mem (fifo_mem_A_SIZE3_D_SIZE8_F_DEPTH8_P_SIZE4)
                                       1.57e-05 1.17e-04 1.52e+06 1.65e-03  10.7
  U0_ref_sync (DATA_SYNC_NUM_STAGES2_BUS_WIDTH8)
                                       3.00e-06 2.17e-05 2.14e+05 2.39e-04   1.5
  U1_RST_SYNC (RST_SYNC_NUM_STAGES2_1) 4.35e-07 5.22e-06 2.53e+04 3.09e-05   0.2
  U0_RST_SYNC (RST_SYNC_NUM_STAGES2_0) 4.35e-07 5.22e-06 2.53e+04 3.09e-05   0.2
1
