                                        
                           Design Compiler Graphical 
                                 DC Ultra (TM)
                                  DFTMAX (TM)
                              Power Compiler (TM)
                                 DesignWare (R)
                                 DC Expert (TM)
                               Design Vision (TM)
                               HDL Compiler (TM)
                               VHDL Compiler (TM)
                                  DFT Compiler
                               Design Compiler(R)
                                        
                 Version K-2015.06 for linux64 - May 28, 2015 
                                        
                    Copyright (c) 1988 - 2015 Synopsys, Inc.
   This software and the associated documentation are proprietary to Synopsys,
 Inc. This software may only be used in accordance with the terms and conditions
 of a written license agreement with Synopsys, Inc. All other use, reproduction,
            or distribution of this software is strictly prohibited.
Initializing...
Initializing gui preferences from file  /home/IC/.synopsys_dv_prefs.tcl
set flattened 0
0
########################### Define Top Module ############################
set top_module SYS_TOP
SYS_TOP
##################### Define Working Library Directory ######################
define_design_lib work -path ./work
1
#####formality setup files####
set_svf system.svf
1
################## Design Compiler Library Files #setup ######################
puts "###########################################"
###########################################
puts "#      #setting Design Libraries           #"
#      #setting Design Libraries           #
puts "###########################################"
###########################################
#Add the path of the libraries to the search_path variable
lappend search_path /home/IC/Labs/SYSTEM/std_cells
. /opt/Synopsys/Synplify2015/libraries/syn /opt/Synopsys/Synplify2015/minpower/syn /opt/Synopsys/Synplify2015/dw/syn_ver /opt/Synopsys/Synplify2015/dw/sim_ver /home/IC/Labs/SYSTEM/std_cells
lappend search_path /home/IC/Labs/SYSTEM/rtl
. /opt/Synopsys/Synplify2015/libraries/syn /opt/Synopsys/Synplify2015/minpower/syn /opt/Synopsys/Synplify2015/dw/syn_ver /opt/Synopsys/Synplify2015/dw/sim_ver /home/IC/Labs/SYSTEM/std_cells /home/IC/Labs/SYSTEM/rtl
set SSLIB "scmetro_tsmc_cl013g_rvt_ss_1p08v_125c.db"
scmetro_tsmc_cl013g_rvt_ss_1p08v_125c.db
set TTLIB "scmetro_tsmc_cl013g_rvt_tt_1p2v_25c.db"
scmetro_tsmc_cl013g_rvt_tt_1p2v_25c.db
set FFLIB "scmetro_tsmc_cl013g_rvt_ff_1p32v_m40c.db"
scmetro_tsmc_cl013g_rvt_ff_1p32v_m40c.db
## Standard Cell libraries 
set target_library [list $SSLIB $TTLIB $FFLIB]
scmetro_tsmc_cl013g_rvt_ss_1p08v_125c.db scmetro_tsmc_cl013g_rvt_tt_1p2v_25c.db scmetro_tsmc_cl013g_rvt_ff_1p32v_m40c.db
## Standard Cell & Hard Macros libraries 
set link_library [list * $SSLIB $TTLIB $FFLIB]  
* scmetro_tsmc_cl013g_rvt_ss_1p08v_125c.db scmetro_tsmc_cl013g_rvt_tt_1p2v_25c.db scmetro_tsmc_cl013g_rvt_ff_1p32v_m40c.db
######################## Reading RTL Files #################################
puts "###########################################"
###########################################
puts "#             Reading RTL Files           #"
#             Reading RTL Files           #
puts "###########################################"
###########################################
set file_format verilog
verilog
analyze -format $file_format ALU.v
Running PRESTO HDLC
Compiling source file /home/IC/Labs/SYSTEM/rtl/ALU.v
Presto compilation completed successfully.
Loading db file '/home/IC/Labs/SYSTEM/std_cells/scmetro_tsmc_cl013g_rvt_ss_1p08v_125c.db'
Loading db file '/home/IC/Labs/SYSTEM/std_cells/scmetro_tsmc_cl013g_rvt_tt_1p2v_25c.db'
Loading db file '/home/IC/Labs/SYSTEM/std_cells/scmetro_tsmc_cl013g_rvt_ff_1p32v_m40c.db'
1
analyze -format $file_format DF_Sync.v
Running PRESTO HDLC
Compiling source file /home/IC/Labs/SYSTEM/rtl/DF_Sync.v
Presto compilation completed successfully.
1
analyze -format $file_format CLK_GATE.v
Running PRESTO HDLC
Compiling source file /home/IC/Labs/SYSTEM/rtl/CLK_GATE.v
Presto compilation completed successfully.
1
analyze -format $file_format ClkDiv.v
Running PRESTO HDLC
Compiling source file /home/IC/Labs/SYSTEM/rtl/ClkDiv.v
Presto compilation completed successfully.
1
analyze -format $file_format CLKDIV_MUX.v
Running PRESTO HDLC
Compiling source file /home/IC/Labs/SYSTEM/rtl/CLKDIV_MUX.v
Presto compilation completed successfully.
1
analyze -format $file_format data_sampling_rx.v
Running PRESTO HDLC
Compiling source file /home/IC/Labs/SYSTEM/rtl/data_sampling_rx.v
Presto compilation completed successfully.
1
analyze -format $file_format DATA_SYNC.v
Running PRESTO HDLC
Compiling source file /home/IC/Labs/SYSTEM/rtl/DATA_SYNC.v
Presto compilation completed successfully.
1
analyze -format $file_format deserializer_rx.v
Running PRESTO HDLC
Compiling source file /home/IC/Labs/SYSTEM/rtl/deserializer_rx.v
Presto compilation completed successfully.
1
analyze -format $file_format edge_bit_counter.v
Running PRESTO HDLC
Compiling source file /home/IC/Labs/SYSTEM/rtl/edge_bit_counter.v
Presto compilation completed successfully.
1
analyze -format $file_format parity_calc.v
Running PRESTO HDLC
Compiling source file /home/IC/Labs/SYSTEM/rtl/parity_calc.v
Presto compilation completed successfully.
1
analyze -format $file_format parity_check_rx.v
Running PRESTO HDLC
Compiling source file /home/IC/Labs/SYSTEM/rtl/parity_check_rx.v
Presto compilation completed successfully.
1
analyze -format $file_format PULSE_GEN.v
Running PRESTO HDLC
Compiling source file /home/IC/Labs/SYSTEM/rtl/PULSE_GEN.v
Presto compilation completed successfully.
1
analyze -format $file_format RegFile.v
Running PRESTO HDLC
Compiling source file /home/IC/Labs/SYSTEM/rtl/RegFile.v
Presto compilation completed successfully.
1
analyze -format $file_format RST_SYNC.v
Running PRESTO HDLC
Compiling source file /home/IC/Labs/SYSTEM/rtl/RST_SYNC.v
Presto compilation completed successfully.
1
analyze -format $file_format serializer.v
Running PRESTO HDLC
Compiling source file /home/IC/Labs/SYSTEM/rtl/serializer.v
Presto compilation completed successfully.
1
analyze -format $file_format stop_check_rx.v
Running PRESTO HDLC
Compiling source file /home/IC/Labs/SYSTEM/rtl/stop_check_rx.v
Presto compilation completed successfully.
1
analyze -format $file_format strt_check_rx.v
Running PRESTO HDLC
Compiling source file /home/IC/Labs/SYSTEM/rtl/strt_check_rx.v
Presto compilation completed successfully.
1
analyze -format $file_format sys_ctrl.v
Running PRESTO HDLC
Compiling source file /home/IC/Labs/SYSTEM/rtl/sys_ctrl.v
Presto compilation completed successfully.
1
analyze -format $file_format SYS_TOP.v
Running PRESTO HDLC
Compiling source file /home/IC/Labs/SYSTEM/rtl/SYS_TOP.v
Presto compilation completed successfully.
1
analyze -format $file_format UART.v
Running PRESTO HDLC
Compiling source file /home/IC/Labs/SYSTEM/rtl/UART.v
Presto compilation completed successfully.
1
analyze -format $file_format uart_fsm.v
Running PRESTO HDLC
Compiling source file /home/IC/Labs/SYSTEM/rtl/uart_fsm.v
Presto compilation completed successfully.
1
analyze -format $file_format uart_mux.v
Running PRESTO HDLC
Compiling source file /home/IC/Labs/SYSTEM/rtl/uart_mux.v
Presto compilation completed successfully.
1
analyze -format $file_format uart_rx_fsm.v
Running PRESTO HDLC
Compiling source file /home/IC/Labs/SYSTEM/rtl/uart_rx_fsm.v
Presto compilation completed successfully.
1
analyze -format $file_format uart_rx_top.v
Running PRESTO HDLC
Compiling source file /home/IC/Labs/SYSTEM/rtl/uart_rx_top.v
Presto compilation completed successfully.
1
analyze -format $file_format uart_top.v
Running PRESTO HDLC
Compiling source file /home/IC/Labs/SYSTEM/rtl/uart_top.v
Presto compilation completed successfully.
1
analyze -format $file_format Async_fifo.v
Running PRESTO HDLC
Compiling source file /home/IC/Labs/SYSTEM/rtl/Async_fifo.v
Presto compilation completed successfully.
1
analyze -format $file_format fifo_mem.v
Running PRESTO HDLC
Compiling source file /home/IC/Labs/SYSTEM/rtl/fifo_mem.v
Presto compilation completed successfully.
1
analyze -format $file_format fifo_rd.v
Running PRESTO HDLC
Compiling source file /home/IC/Labs/SYSTEM/rtl/fifo_rd.v
Presto compilation completed successfully.
1
analyze -format $file_format fifo_wr.v
Running PRESTO HDLC
Compiling source file /home/IC/Labs/SYSTEM/rtl/fifo_wr.v
Presto compilation completed successfully.
1
elaborate -lib WORK SYS_TOP
Loading db file '/opt/Synopsys/Synplify2015/libraries/syn/gtech.db'
Loading db file '/opt/Synopsys/Synplify2015/libraries/syn/standard.sldb'
  Loading link library 'scmetro_tsmc_cl013g_rvt_ss_1p08v_125c'
  Loading link library 'scmetro_tsmc_cl013g_rvt_tt_1p2v_25c'
  Loading link library 'scmetro_tsmc_cl013g_rvt_ff_1p32v_m40c'
  Loading link library 'gtech'
Running PRESTO HDLC
Presto compilation completed successfully.
Elaborated 1 design.
Current design is now 'SYS_TOP'.
Information: Building the design 'RST_SYNC' instantiated from design 'SYS_TOP' with
	the parameters "NUM_STAGES=2". (HDL-193)

Inferred memory devices in process
	in routine RST_SYNC_NUM_STAGES2 line 20 in file
		'/home/IC/Labs/SYSTEM/rtl/RST_SYNC.v'.
===============================================================================
|    Register Name    |   Type    | Width | Bus | MB | AR | AS | SR | SS | ST |
===============================================================================
|    sync_reg_reg     | Flip-flop |   2   |  Y  | N  | Y  | N  | N  | N  | N  |
===============================================================================
Presto compilation completed successfully.
Information: Building the design 'DATA_SYNC' instantiated from design 'SYS_TOP' with
	the parameters "NUM_STAGES=2,BUS_WIDTH=8". (HDL-193)

Inferred memory devices in process
	in routine DATA_SYNC_NUM_STAGES2_BUS_WIDTH8 line 30 in file
		'/home/IC/Labs/SYSTEM/rtl/DATA_SYNC.v'.
===============================================================================
|    Register Name    |   Type    | Width | Bus | MB | AR | AS | SR | SS | ST |
===============================================================================
|    sync_reg_reg     | Flip-flop |   2   |  Y  | N  | Y  | N  | N  | N  | N  |
===============================================================================

Inferred memory devices in process
	in routine DATA_SYNC_NUM_STAGES2_BUS_WIDTH8 line 45 in file
		'/home/IC/Labs/SYSTEM/rtl/DATA_SYNC.v'.
===============================================================================
|    Register Name    |   Type    | Width | Bus | MB | AR | AS | SR | SS | ST |
===============================================================================
|   enable_flop_reg   | Flip-flop |   1   |  N  | N  | Y  | N  | N  | N  | N  |
===============================================================================

Inferred memory devices in process
	in routine DATA_SYNC_NUM_STAGES2_BUS_WIDTH8 line 68 in file
		'/home/IC/Labs/SYSTEM/rtl/DATA_SYNC.v'.
===============================================================================
|    Register Name    |   Type    | Width | Bus | MB | AR | AS | SR | SS | ST |
===============================================================================
|    sync_bus_reg     | Flip-flop |   8   |  Y  | N  | Y  | N  | N  | N  | N  |
===============================================================================

Inferred memory devices in process
	in routine DATA_SYNC_NUM_STAGES2_BUS_WIDTH8 line 82 in file
		'/home/IC/Labs/SYSTEM/rtl/DATA_SYNC.v'.
===============================================================================
|    Register Name    |   Type    | Width | Bus | MB | AR | AS | SR | SS | ST |
===============================================================================
| enable_pulse_d_reg  | Flip-flop |   1   |  N  | N  | Y  | N  | N  | N  | N  |
===============================================================================
Presto compilation completed successfully.
Information: Building the design 'Async_fifo' instantiated from design 'SYS_TOP' with
	the parameters "D_SIZE=8,P_SIZE=4,F_DEPTH=8". (HDL-193)
Presto compilation completed successfully.
Information: Building the design 'PULSE_GEN'. (HDL-193)

Inferred memory devices in process
	in routine PULSE_GEN line 19 in file
		'/home/IC/Labs/SYSTEM/rtl/PULSE_GEN.v'.
===============================================================================
|    Register Name    |   Type    | Width | Bus | MB | AR | AS | SR | SS | ST |
===============================================================================
|    rcv_flop_reg     | Flip-flop |   1   |  N  | N  | Y  | N  | N  | N  | N  |
|    pls_flop_reg     | Flip-flop |   1   |  N  | N  | Y  | N  | N  | N  | N  |
===============================================================================
Presto compilation completed successfully.
Information: Building the design 'ClkDiv'. (HDL-193)

Inferred memory devices in process
	in routine ClkDiv line 27 in file
		'/home/IC/Labs/SYSTEM/rtl/ClkDiv.v'.
===============================================================================
|    Register Name    |   Type    | Width | Bus | MB | AR | AS | SR | SS | ST |
===============================================================================
|  odd_edge_tog_reg   | Flip-flop |   1   |  N  | N  | N  | Y  | N  | N  | N  |
|     div_clk_reg     | Flip-flop |   1   |  N  | N  | Y  | N  | N  | N  | N  |
|      count_reg      | Flip-flop |   7   |  Y  | N  | Y  | N  | N  | N  | N  |
===============================================================================
Presto compilation completed successfully.
Information: Building the design 'CLKDIV_MUX'. (HDL-193)

Statistics for case statements in always block at line 8 in file
	'/home/IC/Labs/SYSTEM/rtl/CLKDIV_MUX.v'
===============================================
|           Line           |  full/ parallel  |
===============================================
|            10            |    auto/auto     |
===============================================
Presto compilation completed successfully.
Information: Building the design 'UART' instantiated from design 'SYS_TOP' with
	the parameters "DATA_WIDTH=8". (HDL-193)
Presto compilation completed successfully.
Information: Building the design 'sys_ctrl'. (HDL-193)

Statistics for case statements in always block at line 58 in file
	'/home/IC/Labs/SYSTEM/rtl/sys_ctrl.v'
===============================================
|           Line           |  full/ parallel  |
===============================================
|            60            |    auto/auto     |
===============================================

Statistics for case statements in always block at line 124 in file
	'/home/IC/Labs/SYSTEM/rtl/sys_ctrl.v'
===============================================
|           Line           |  full/ parallel  |
===============================================
|           138            |    auto/auto     |
===============================================

Inferred memory devices in process
	in routine sys_ctrl line 50 in file
		'/home/IC/Labs/SYSTEM/rtl/sys_ctrl.v'.
===============================================================================
|    Register Name    |   Type    | Width | Bus | MB | AR | AS | SR | SS | ST |
===============================================================================
|       cs_reg        | Flip-flop |   4   |  Y  | N  | Y  | N  | N  | N  | N  |
===============================================================================

Inferred memory devices in process
	in routine sys_ctrl line 343 in file
		'/home/IC/Labs/SYSTEM/rtl/sys_ctrl.v'.
===============================================================================
|    Register Name    |   Type    | Width | Bus | MB | AR | AS | SR | SS | ST |
===============================================================================
| addr_stored_reg_reg | Flip-flop |   4   |  Y  | N  | Y  | N  | N  | N  | N  |
===============================================================================
Presto compilation completed successfully.
Information: Building the design 'RegFile'. (HDL-193)

Inferred memory devices in process
	in routine RegFile line 24 in file
		'/home/IC/Labs/SYSTEM/rtl/RegFile.v'.
===============================================================================
|    Register Name    |   Type    | Width | Bus | MB | AR | AS | SR | SS | ST |
===============================================================================
|     regArr_reg      | Flip-flop |  125  |  Y  | N  | Y  | N  | N  | N  | N  |
|     regArr_reg      | Flip-flop |   3   |  Y  | N  | N  | Y  | N  | N  | N  |
|   RdData_VLD_reg    | Flip-flop |   1   |  N  | N  | Y  | N  | N  | N  | N  |
|     RdData_reg      | Flip-flop |   8   |  Y  | N  | Y  | N  | N  | N  | N  |
===============================================================================
Statistics for MUX_OPs
===========================================================
| block name/line  | Inputs | Outputs | # sel inputs | MB |
===========================================================
|    RegFile/46    |   16   |    8    |      4       | N  |
===========================================================
Presto compilation completed successfully.
Information: Building the design 'ALU'. (HDL-193)

Statistics for case statements in always block at line 34 in file
	'/home/IC/Labs/SYSTEM/rtl/ALU.v'
===============================================
|           Line           |  full/ parallel  |
===============================================
|            41            |    auto/auto     |
===============================================

Inferred memory devices in process
	in routine ALU line 20 in file
		'/home/IC/Labs/SYSTEM/rtl/ALU.v'.
===============================================================================
|    Register Name    |   Type    | Width | Bus | MB | AR | AS | SR | SS | ST |
===============================================================================
|     ALU_OUT_reg     | Flip-flop |  16   |  Y  | N  | Y  | N  | N  | N  | N  |
|    OUT_VALID_reg    | Flip-flop |   1   |  N  | N  | Y  | N  | N  | N  | N  |
===============================================================================
Presto compilation completed successfully.
Information: Building the design 'CLK_GATE'. (HDL-193)
Presto compilation completed successfully.
Information: Building the design 'fifo_mem' instantiated from design 'Async_fifo_D_SIZE8_P_SIZE4_F_DEPTH8' with
	the parameters "F_DEPTH=8,A_SIZE=3,D_SIZE=8,P_SIZE=4". (HDL-193)

Inferred memory devices in process
	in routine fifo_mem_A_SIZE3_D_SIZE8_F_DEPTH8_P_SIZE4 line 26 in file
		'/home/IC/Labs/SYSTEM/rtl/fifo_mem.v'.
===============================================================================
|    Register Name    |   Type    | Width | Bus | MB | AR | AS | SR | SS | ST |
===============================================================================
|    FIFO_MEM_reg     | Flip-flop |  64   |  Y  | N  | Y  | N  | N  | N  | N  |
===============================================================================
Statistics for MUX_OPs
=======================================================================================
|               block name/line                | Inputs | Outputs | # sel inputs | MB |
=======================================================================================
| fifo_mem_A_SIZE3_D_SIZE8_F_DEPTH8_P_SIZE4/38 |   8    |    8    |      3       | N  |
=======================================================================================
Presto compilation completed successfully.
Information: Building the design 'DF_Sync' instantiated from design 'Async_fifo_D_SIZE8_P_SIZE4_F_DEPTH8' with
	the parameters "DATA_SIZE=4". (HDL-193)

Inferred memory devices in process
	in routine DF_Sync_DATA_SIZE4 line 23 in file
		'/home/IC/Labs/SYSTEM/rtl/DF_Sync.v'.
===============================================================================
|    Register Name    |   Type    | Width | Bus | MB | AR | AS | SR | SS | ST |
===============================================================================
|    meta_flop_reg    | Flip-flop |   4   |  Y  | N  | Y  | N  | N  | N  | N  |
|     sync_op_reg     | Flip-flop |   4   |  Y  | N  | Y  | N  | N  | N  | N  |
===============================================================================
Presto compilation completed successfully.
Information: Building the design 'fifo_wr'. (HDL-193)

Inferred memory devices in process
	in routine fifo_wr line 31 in file
		'/home/IC/Labs/SYSTEM/rtl/fifo_wr.v'.
===============================================================================
|    Register Name    |   Type    | Width | Bus | MB | AR | AS | SR | SS | ST |
===============================================================================
|      w_ptr_reg      | Flip-flop |   4   |  Y  | N  | Y  | N  | N  | N  | N  |
===============================================================================

Inferred memory devices in process
	in routine fifo_wr line 46 in file
		'/home/IC/Labs/SYSTEM/rtl/fifo_wr.v'.
===============================================================================
|    Register Name    |   Type    | Width | Bus | MB | AR | AS | SR | SS | ST |
===============================================================================
|   gray_w_ptr_reg    | Flip-flop |   4   |  Y  | N  | Y  | N  | N  | N  | N  |
===============================================================================
Presto compilation completed successfully.
Information: Building the design 'fifo_rd'. (HDL-193)

Inferred memory devices in process
	in routine fifo_rd line 31 in file
		'/home/IC/Labs/SYSTEM/rtl/fifo_rd.v'.
===============================================================================
|    Register Name    |   Type    | Width | Bus | MB | AR | AS | SR | SS | ST |
===============================================================================
|     rd_ptr_reg      | Flip-flop |   4   |  Y  | N  | Y  | N  | N  | N  | N  |
===============================================================================

Inferred memory devices in process
	in routine fifo_rd line 46 in file
		'/home/IC/Labs/SYSTEM/rtl/fifo_rd.v'.
===============================================================================
|    Register Name    |   Type    | Width | Bus | MB | AR | AS | SR | SS | ST |
===============================================================================
|   gray_rd_ptr_reg   | Flip-flop |   4   |  Y  | N  | Y  | N  | N  | N  | N  |
===============================================================================
Presto compilation completed successfully.
Information: Building the design 'uart_top'. (HDL-193)
Presto compilation completed successfully.
Information: Building the design 'uart_rx_top'. (HDL-193)
Presto compilation completed successfully.
Information: Building the design 'uart_fsm'. (HDL-193)

Statistics for case statements in always block at line 303 in file
	'/home/IC/Labs/SYSTEM/rtl/uart_fsm.v'
===============================================
|           Line           |  full/ parallel  |
===============================================
|           307            |    auto/auto     |
===============================================

Statistics for case statements in always block at line 343 in file
	'/home/IC/Labs/SYSTEM/rtl/uart_fsm.v'
===============================================
|           Line           |  full/ parallel  |
===============================================
|           349            |    auto/auto     |
===============================================

Inferred memory devices in process
	in routine uart_fsm line 294 in file
		'/home/IC/Labs/SYSTEM/rtl/uart_fsm.v'.
===============================================================================
|    Register Name    |   Type    | Width | Bus | MB | AR | AS | SR | SS | ST |
===============================================================================
|       cs_reg        | Flip-flop |   3   |  Y  | N  | Y  | N  | N  | N  | N  |
===============================================================================
Presto compilation completed successfully.
Information: Building the design 'parity'. (HDL-193)

Inferred memory devices in process
	in routine parity line 16 in file
		'/home/IC/Labs/SYSTEM/rtl/parity_calc.v'.
===============================================================================
|    Register Name    |   Type    | Width | Bus | MB | AR | AS | SR | SS | ST |
===============================================================================
|     par_bit_reg     | Flip-flop |   1   |  N  | N  | Y  | N  | N  | N  | N  |
===============================================================================
Presto compilation completed successfully.
Information: Building the design 'serializer'. (HDL-193)

Inferred memory devices in process
	in routine serializer line 15 in file
		'/home/IC/Labs/SYSTEM/rtl/serializer.v'.
===============================================================================
|    Register Name    |   Type    | Width | Bus | MB | AR | AS | SR | SS | ST |
===============================================================================
|  temp_ser_data_reg  | Flip-flop |   8   |  Y  | N  | Y  | N  | N  | N  | N  |
|      count_reg      | Flip-flop |   3   |  Y  | N  | Y  | N  | N  | N  | N  |
|    ser_data_reg     | Flip-flop |   1   |  N  | N  | Y  | N  | N  | N  | N  |
|    ser_done_reg     | Flip-flop |   1   |  N  | N  | Y  | N  | N  | N  | N  |
===============================================================================
Statistics for MUX_OPs
===========================================================
| block name/line  | Inputs | Outputs | # sel inputs | MB |
===========================================================
|  serializer/34   |   8    |    1    |      3       | N  |
===========================================================
Presto compilation completed successfully.
Information: Building the design 'uart_mux'. (HDL-193)
Warning:  /home/IC/Labs/SYSTEM/rtl/uart_mux.v:17: DEFAULT branch of CASE statement cannot be reached. (ELAB-311)

Statistics for case statements in always block at line 16 in file
	'/home/IC/Labs/SYSTEM/rtl/uart_mux.v'
===============================================
|           Line           |  full/ parallel  |
===============================================
|            17            |    auto/auto     |
===============================================
Presto compilation completed successfully.
Information: Building the design 'uart_rx_fsm'. (HDL-193)

Statistics for case statements in always block at line 43 in file
	'/home/IC/Labs/SYSTEM/rtl/uart_rx_fsm.v'
===============================================
|           Line           |  full/ parallel  |
===============================================
|            46            |    auto/auto     |
===============================================

Statistics for case statements in always block at line 127 in file
	'/home/IC/Labs/SYSTEM/rtl/uart_rx_fsm.v'
===============================================
|           Line           |  full/ parallel  |
===============================================
|           139            |    auto/auto     |
===============================================

Inferred memory devices in process
	in routine uart_rx_fsm line 32 in file
		'/home/IC/Labs/SYSTEM/rtl/uart_rx_fsm.v'.
===============================================================================
|    Register Name    |   Type    | Width | Bus | MB | AR | AS | SR | SS | ST |
===============================================================================
|       cs_reg        | Flip-flop |   3   |  Y  | N  | Y  | N  | N  | N  | N  |
===============================================================================
Presto compilation completed successfully.
Information: Building the design 'parity_check'. (HDL-193)

Inferred memory devices in process
	in routine parity_check line 15 in file
		'/home/IC/Labs/SYSTEM/rtl/parity_check_rx.v'.
===============================================================================
|    Register Name    |   Type    | Width | Bus | MB | AR | AS | SR | SS | ST |
===============================================================================
|     par_err_reg     | Flip-flop |   1   |  N  | N  | Y  | N  | N  | N  | N  |
===============================================================================
Presto compilation completed successfully.
Information: Building the design 'start_check'. (HDL-193)

Inferred memory devices in process
	in routine start_check line 13 in file
		'/home/IC/Labs/SYSTEM/rtl/strt_check_rx.v'.
===============================================================================
|    Register Name    |   Type    | Width | Bus | MB | AR | AS | SR | SS | ST |
===============================================================================
|   strt_glitch_reg   | Flip-flop |   1   |  N  | N  | Y  | N  | N  | N  | N  |
===============================================================================
Presto compilation completed successfully.
Information: Building the design 'stop_check'. (HDL-193)

Inferred memory devices in process
	in routine stop_check line 11 in file
		'/home/IC/Labs/SYSTEM/rtl/stop_check_rx.v'.
===============================================================================
|    Register Name    |   Type    | Width | Bus | MB | AR | AS | SR | SS | ST |
===============================================================================
|     stp_err_reg     | Flip-flop |   1   |  N  | N  | Y  | N  | N  | N  | N  |
===============================================================================
Presto compilation completed successfully.
Information: Building the design 'Deserializer'. (HDL-193)

Inferred memory devices in process
	in routine Deserializer line 10 in file
		'/home/IC/Labs/SYSTEM/rtl/deserializer_rx.v'.
===============================================================================
|    Register Name    |   Type    | Width | Bus | MB | AR | AS | SR | SS | ST |
===============================================================================
|     p_data_reg      | Flip-flop |   8   |  Y  | N  | Y  | N  | N  | N  | N  |
===============================================================================
Presto compilation completed successfully.
Information: Building the design 'data_sampling'. (HDL-193)

Statistics for case statements in always block at line 24 in file
	'/home/IC/Labs/SYSTEM/rtl/data_sampling_rx.v'
===============================================
|           Line           |  full/ parallel  |
===============================================
|            32            |      no/no       |
===============================================

Inferred memory devices in process
	in routine data_sampling line 24 in file
		'/home/IC/Labs/SYSTEM/rtl/data_sampling_rx.v'.
===============================================================================
|    Register Name    |   Type    | Width | Bus | MB | AR | AS | SR | SS | ST |
===============================================================================
|     sample1_reg     | Flip-flop |   1   |  N  | N  | Y  | N  | N  | N  | N  |
|     sample3_reg     | Flip-flop |   1   |  N  | N  | Y  | N  | N  | N  | N  |
|     sample2_reg     | Flip-flop |   1   |  N  | N  | Y  | N  | N  | N  | N  |
===============================================================================
Presto compilation completed successfully.
Information: Building the design 'edge_bit_counter'. (HDL-193)

Inferred memory devices in process
	in routine edge_bit_counter line 10 in file
		'/home/IC/Labs/SYSTEM/rtl/edge_bit_counter.v'.
===============================================================================
|    Register Name    |   Type    | Width | Bus | MB | AR | AS | SR | SS | ST |
===============================================================================
|    edge_cnt_reg     | Flip-flop |   6   |  Y  | N  | Y  | N  | N  | N  | N  |
|     bit_cnt_reg     | Flip-flop |   4   |  Y  | N  | Y  | N  | N  | N  | N  |
===============================================================================
Presto compilation completed successfully.
1
###################### Defining toplevel ###################################
current_design $top_module
Current design is 'SYS_TOP'.
{SYS_TOP}
#################### Liniking All The Design Parts #########################
puts "###############################################"
###############################################
puts "######## Liniking All The Design Parts ########"
######## Liniking All The Design Parts ########
puts "###############################################"
###############################################
link 

  Linking design 'SYS_TOP'
  Using the following designs and libraries:
  --------------------------------------------------------------------------
  * (29 designs)              /home/IC/Labs/SYSTEM/syn/SYS_TOP.db, etc
  scmetro_tsmc_cl013g_rvt_ss_1p08v_125c (library) /home/IC/Labs/SYSTEM/std_cells/scmetro_tsmc_cl013g_rvt_ss_1p08v_125c.db
  scmetro_tsmc_cl013g_rvt_tt_1p2v_25c (library) /home/IC/Labs/SYSTEM/std_cells/scmetro_tsmc_cl013g_rvt_tt_1p2v_25c.db
  scmetro_tsmc_cl013g_rvt_ff_1p32v_m40c (library) /home/IC/Labs/SYSTEM/std_cells/scmetro_tsmc_cl013g_rvt_ff_1p32v_m40c.db

1
#################### Liniking All The Design Parts #########################
puts "###############################################"
###############################################
puts "######## checking design consistency ##########"
######## checking design consistency ##########
puts "###############################################"
###############################################
check_design
 
****************************************
check_design summary:
Version:     K-2015.06
Date:        Wed Oct  8 06:38:36 2025
****************************************

                   Name                                            Total
--------------------------------------------------------------------------------
Inputs/Outputs                                                     24
    Unconnected ports (LINT-28)                                    15
    Shorted outputs (LINT-31)                                       4
    Constant outputs (LINT-52)                                      5

Cells                                                              23
    Cells do not drive (LINT-1)                                    17
    Hier pins without driver and load (LINT-60)                     6

Nets                                                                1
    Unloaded nets (LINT-2)                                          1
--------------------------------------------------------------------------------

Warning: In design 'ClkDiv', cell 'C120' does not drive any nets. (LINT-1)
Warning: In design 'ALU', cell 'C342' does not drive any nets. (LINT-1)
Warning: In design 'ALU', cell 'C343' does not drive any nets. (LINT-1)
Warning: In design 'ALU', cell 'C344' does not drive any nets. (LINT-1)
Warning: In design 'ALU', cell 'C345' does not drive any nets. (LINT-1)
Warning: In design 'ALU', cell 'C370' does not drive any nets. (LINT-1)
Warning: In design 'ALU', cell 'C372' does not drive any nets. (LINT-1)
Warning: In design 'ALU', cell 'C374' does not drive any nets. (LINT-1)
Warning: In design 'fifo_wr', cell 'C62' does not drive any nets. (LINT-1)
Warning: In design 'fifo_rd', cell 'C59' does not drive any nets. (LINT-1)
Warning: In design 'serializer', cell 'C131' does not drive any nets. (LINT-1)
Warning: In design 'uart_rx_fsm', cell 'B_29' does not drive any nets. (LINT-1)
Warning: In design 'uart_rx_fsm', cell 'B_30' does not drive any nets. (LINT-1)
Warning: In design 'uart_rx_fsm', cell 'B_31' does not drive any nets. (LINT-1)
Warning: In design 'Deserializer', cell 'B_0' does not drive any nets. (LINT-1)
Warning: In design 'data_sampling', cell 'C65' does not drive any nets. (LINT-1)
Warning: In design 'edge_bit_counter', cell 'C83' does not drive any nets. (LINT-1)
Warning: In design 'SYS_TOP', net 'FIFO_FULL' driven by pin 'U0_UART_FIFO/o_full' has no loads. (LINT-2)
Warning: In design 'parity_check', port 'prescale[5]' is not connected to any nets. (LINT-28)
Warning: In design 'parity_check', port 'prescale[4]' is not connected to any nets. (LINT-28)
Warning: In design 'parity_check', port 'prescale[3]' is not connected to any nets. (LINT-28)
Warning: In design 'parity_check', port 'prescale[2]' is not connected to any nets. (LINT-28)
Warning: In design 'parity_check', port 'prescale[1]' is not connected to any nets. (LINT-28)
Warning: In design 'parity_check', port 'prescale[0]' is not connected to any nets. (LINT-28)
Warning: In design 'stop_check', port 'p_data[7]' is not connected to any nets. (LINT-28)
Warning: In design 'stop_check', port 'p_data[6]' is not connected to any nets. (LINT-28)
Warning: In design 'stop_check', port 'p_data[5]' is not connected to any nets. (LINT-28)
Warning: In design 'stop_check', port 'p_data[4]' is not connected to any nets. (LINT-28)
Warning: In design 'stop_check', port 'p_data[3]' is not connected to any nets. (LINT-28)
Warning: In design 'stop_check', port 'p_data[2]' is not connected to any nets. (LINT-28)
Warning: In design 'stop_check', port 'p_data[1]' is not connected to any nets. (LINT-28)
Warning: In design 'stop_check', port 'p_data[0]' is not connected to any nets. (LINT-28)
Warning: In design 'data_sampling', port 'prescale[0]' is not connected to any nets. (LINT-28)
Warning: In design 'CLKDIV_MUX', output port 'OUT[7]' is connected directly to output port 'OUT[4]'. (LINT-31)
Warning: In design 'CLKDIV_MUX', output port 'OUT[7]' is connected directly to output port 'OUT[5]'. (LINT-31)
Warning: In design 'CLKDIV_MUX', output port 'OUT[7]' is connected directly to output port 'OUT[6]'. (LINT-31)
Warning: In design 'uart_rx_fsm', output port 'data_samp_en' is connected directly to output port 'enable'. (LINT-31)
Warning: In design 'CLKDIV_MUX', output port 'OUT[7]' is connected directly to 'logic 0'. (LINT-52)
Warning: In design 'CLKDIV_MUX', output port 'OUT[6]' is connected directly to 'logic 0'. (LINT-52)
Warning: In design 'CLKDIV_MUX', output port 'OUT[5]' is connected directly to 'logic 0'. (LINT-52)
Warning: In design 'CLKDIV_MUX', output port 'OUT[4]' is connected directly to 'logic 0'. (LINT-52)
Warning: In design 'sys_ctrl', output port 'clk_div_en' is connected directly to 'logic 1'. (LINT-52)
Warning: In design 'uart_rx_top', input pin 'prescale[5]' of hierarchical cell 'parity_check_inst' has no internal loads and is not connected to any nets. (LINT-60)
Warning: In design 'uart_rx_top', input pin 'prescale[4]' of hierarchical cell 'parity_check_inst' has no internal loads and is not connected to any nets. (LINT-60)
Warning: In design 'uart_rx_top', input pin 'prescale[3]' of hierarchical cell 'parity_check_inst' has no internal loads and is not connected to any nets. (LINT-60)
Warning: In design 'uart_rx_top', input pin 'prescale[2]' of hierarchical cell 'parity_check_inst' has no internal loads and is not connected to any nets. (LINT-60)
Warning: In design 'uart_rx_top', input pin 'prescale[1]' of hierarchical cell 'parity_check_inst' has no internal loads and is not connected to any nets. (LINT-60)
Warning: In design 'uart_rx_top', input pin 'prescale[0]' of hierarchical cell 'parity_check_inst' has no internal loads and is not connected to any nets. (LINT-60)
1
#################### Define Design Constraints #########################
puts "###############################################"
###############################################
puts "############ Design Constraints #### ##########"
############ Design Constraints #### ##########
puts "###############################################"
###############################################
source -echo ./cons.tcl
####################################################################################
# Constraints
# ----------------------------------------------------------------------------
#
# 0. Design Compiler variables
#
# 1. Master Clock Definitions
#
# 2. Generated Clock Definitions
#
# 3. Clock Uncertainties
#
# 4. Clock Latencies 
#
# 5. Clock Relationships
#
# 6. #set input/output delay on ports
#
# 7. Driving cells
#
# 8. Output load
####################################################################################
#########################################################
#### Section 0 : DC Variables ####
#########################################################
#################################################################################### 
# Prevent assign statements in the generated netlist (must be applied before compile command)
set_fix_multiple_port_nets -all -buffer_constants -feedthroughs
#################################################################################### 
#########################################################
#### Section 1 : Clock Definition ####
#########################################################
#################################################################################### 
# 1. Master Clock Definitions 
# 2. Generated Clock Definitions
# 3. Clock Latencies
# 4. Clock Uncertainties
# 4. Clock Transitions
####################################################################################
set CLK_NAME CLK
set CLK_PER 8680.55
set CLK_SETUP_SKEW 0.25
set CLK_HOLD_SKEW 0.05
set CLK_LAT 0
set CLK_RISE 0.1
set CLK_FALL 0.1
create_clock -name $CLK_NAME -period $CLK_PER -waveform "0 [expr $CLK_PER/2]" [get_ports REF_CLK]
set_clock_uncertainty -setup $CLK_SETUP_SKEW [get_clocks $CLK_NAME]
set_clock_uncertainty -hold $CLK_HOLD_SKEW  [get_clocks $CLK_NAME]
set_clock_transition -rise $CLK_RISE  [get_clocks $CLK_NAME]
set_clock_transition -fall $CLK_FALL  [get_clocks $CLK_NAME]
set_clock_latency $CLK_LAT [get_clocks $CLK_NAME]
set_dont_touch_network CLK
#### Section 2 : Clock Definition2 ####
#########################################################
#################################################################################### 
# 1. Master Clock Definitions 
# 2. Generated Clock Definitions
# 3. Clock Latencies
# 4. Clock Uncertainties
# 4. Clock Transitions
####################################################################################
set CLK_NAME CLK2
set CLK_PER 8680.55
set CLK_SETUP_SKEW 0.25
set CLK_HOLD_SKEW 0.05
set CLK_LAT 0
set CLK_RISE 0.1
set CLK_FALL 0.1
create_clock -name $CLK_NAME -period $CLK_PER -waveform "0 [expr $CLK_PER/2]" [get_ports UART_CLK]
set_clock_uncertainty -setup $CLK_SETUP_SKEW [get_clocks $CLK_NAME]
set_clock_uncertainty -hold $CLK_HOLD_SKEW  [get_clocks $CLK_NAME]
set_clock_transition -rise $CLK_RISE  [get_clocks $CLK_NAME]
set_clock_transition -fall $CLK_FALL  [get_clocks $CLK_NAME]
set_clock_latency $CLK_LAT [get_clocks $CLK_NAME]
set_dont_touch_network CLK2
####################################################################################
#########################################################
#### Section 2 : Clocks Relationships ####
#########################################################
####################################################################################
####################################################################################
#########################################################
#### Section 3 : #set input/output delay on ports ####
#########################################################
####################################################################################
set in_delay  [expr 0.3*$CLK_PER]
set out_delay [expr 0.3*$CLK_PER]
#Constrain Input Paths
set_input_delay $in_delay -clock $CLK_NAME [get_port UART_RX_IN]
#Constrain Output Paths
set_output_delay $out_delay -clock $CLK_NAME [get_port UART_TX_O]
set_output_delay $out_delay -clock $CLK_NAME [get_port parity_error]
set_output_delay $out_delay -clock $CLK_NAME [get_port framing_error]
####################################################################################
#########################################################
#### Section 4 : Driving cells ####
#########################################################
####################################################################################
set_driving_cell -library scmetro_tsmc_cl013g_rvt_ss_1p08v_125c -lib_cell BUFX2M -pin Y [get_port UART_RX_IN]
Warning: Design rule attributes from the driving cell will be
	set on the port. (UID-401)
####################################################################################
#########################################################
#### Section 5 : Output load ####
#########################################################
####################################################################################
set_load 0.5  [get_port  UART_TX_O]
set_load 0.5  [get_port parity_error]
set_load 0.5  [get_port framing_error]
####################################################################################
#########################################################
#### Section 6 : Operating Condition ####
#########################################################
####################################################################################
# Define the Worst Library for Max(#setup) analysis
# Define the Best Library for Min(hold) analysis
set_operating_conditions -min_library "scmetro_tsmc_cl013g_rvt_ff_1p32v_m40c" -min "scmetro_tsmc_cl013g_rvt_ff_1p32v_m40c" -max_library "scmetro_tsmc_cl013g_rvt_ss_1p08v_125c" -max "scmetro_tsmc_cl013g_rvt_ss_1p08v_125c"
Using operating conditions 'scmetro_tsmc_cl013g_rvt_ss_1p08v_125c' found in library 'scmetro_tsmc_cl013g_rvt_ss_1p08v_125c'.
Using operating conditions 'scmetro_tsmc_cl013g_rvt_ff_1p32v_m40c' found in library 'scmetro_tsmc_cl013g_rvt_ff_1p32v_m40c'.
####################################################################################
#########################################################
#### Section 7 : wireload Model ####
#########################################################
####################################################################################
set_wire_load_model -name tsmc13_wl30 -library scmetro_tsmc_cl013g_rvt_ss_1p08v_125c
####################################################################################
###################### Mapping and optimization ########################
puts "###############################################"
###############################################
puts "########## Mapping & Optimization #############"
########## Mapping & Optimization #############
puts "###############################################"
###############################################
if {$flattened == 0} {
compile 
} else {
compile -ungroup_all 
}
Information: Evaluating DesignWare library utilization. (UISN-27)

============================================================================
| DesignWare Building Block Library  |         Version         | Available |
============================================================================
| Basic DW Building Blocks           | K-2015.06-DWBB_201506.0 |     *     |
| Licensed DW Building Blocks        |                         |           |
============================================================================


Information: There are 48 potential problems in your design. Please run 'check_design' for more information. (LINT-99)


Warning: Operating condition scmetro_tsmc_cl013g_rvt_ss_1p08v_125c set on design SYS_TOP has different process,
voltage and temperatures parameters than the parameters at which target library 
scmetro_tsmc_cl013g_rvt_tt_1p2v_25c is characterized. Delays may be inaccurate as a result. (OPT-998)

  Beginning Pass 1 Mapping
  ------------------------
  Processing 'CLK_GATE'
  Processing 'ALU'
  Processing 'RegFile'
  Processing 'sys_ctrl'
  Processing 'edge_bit_counter'
  Processing 'data_sampling'
  Processing 'Deserializer'
  Processing 'stop_check'
  Processing 'start_check'
  Processing 'parity_check'
  Processing 'uart_rx_fsm'
  Processing 'uart_rx_top'
  Processing 'uart_mux'
  Processing 'serializer'
  Processing 'parity'
  Processing 'uart_fsm'
  Processing 'uart_top'
  Processing 'UART_DATA_WIDTH8'
  Processing 'ClkDiv_0'
  Processing 'CLKDIV_MUX'
  Processing 'PULSE_GEN'
  Processing 'DF_Sync_DATA_SIZE4_0'
  Processing 'fifo_rd'
  Processing 'fifo_wr'
  Processing 'fifo_mem_A_SIZE3_D_SIZE8_F_DEPTH8_P_SIZE4'
  Processing 'Async_fifo_D_SIZE8_P_SIZE4_F_DEPTH8'
  Processing 'DATA_SYNC_NUM_STAGES2_BUS_WIDTH8'
  Processing 'RST_SYNC_NUM_STAGES2_0'
  Processing 'SYS_TOP'

  Updating timing information
Information: Updating design information... (UID-85)

  Beginning Implementation Selection
  ----------------------------------
  Processing 'ALU_DW_div_uns_0'
  Processing 'ALU_DW01_sub_0'
  Processing 'ALU_DW01_add_0'
  Processing 'ALU_DW01_cmp6_0'
  Processing 'edge_bit_counter_DW01_cmp6_0'
  Processing 'edge_bit_counter_DW01_dec_0'
  Processing 'edge_bit_counter_DW01_inc_0'
  Processing 'data_sampling_DW01_cmp6_0'
  Processing 'data_sampling_DW01_sub_0'
  Processing 'data_sampling_DW01_cmp6_1'
  Processing 'data_sampling_DW01_cmp6_2'
  Processing 'data_sampling_DW01_dec_0'
  Processing 'Deserializer_DW01_cmp6_0'
  Processing 'Deserializer_DW01_sub_0'
  Processing 'uart_rx_fsm_DW01_cmp6_0'
  Processing 'uart_rx_fsm_DW01_dec_0'
  Processing 'uart_rx_fsm_DW01_cmp2_0'
  Processing 'uart_rx_fsm_DW01_cmp2_1'
  Processing 'uart_rx_fsm_DW01_cmp2_2'
  Processing 'uart_rx_fsm_DW01_cmp2_3'
  Processing 'uart_rx_fsm_DW01_cmp2_4'
  Processing 'ClkDiv_1_DW01_inc_0'
  Processing 'ClkDiv_1_DW01_cmp6_0'
  Processing 'ClkDiv_1_DW01_cmp6_1'
  Processing 'ClkDiv_1_DW01_dec_0'
  Processing 'ClkDiv_0_DW01_inc_0'
  Processing 'ClkDiv_0_DW01_cmp6_0'
  Processing 'ClkDiv_0_DW01_cmp6_1'
  Processing 'ClkDiv_0_DW01_dec_0'
  Processing 'ALU_DW02_mult_0'
  Processing 'ALU_DW01_add_1'

  Beginning Mapping Optimizations  (Medium effort)
  -------------------------------
  Mapping Optimization (Phase 1)

                                  TOTAL                                      
   ELAPSED            WORST NEG   SETUP    DESIGN                            
    TIME      AREA      SLACK     COST    RULE COST         ENDPOINT         
  --------- --------- --------- --------- --------- -------------------------
    0:00:05  761705.3      0.00       0.0      90.1                          
    0:00:05  761705.3      0.00       0.0      90.1                          
    0:00:05  761705.3      0.00       0.0      90.1                          
    0:00:05  761705.3      0.00       0.0      90.1                          
    0:00:05  761705.3      0.00       0.0      90.1                          
    0:00:06  738285.8      0.00       0.0      65.8                          
    0:00:06  738165.8      0.00       0.0      65.3                          
    0:00:06  738165.8      0.00       0.0      35.1                          
    0:00:06  738165.8      0.00       0.0      35.1                          
    0:00:06  738165.8      0.00       0.0      35.1                          
    0:00:06  738147.0      0.00       0.0      35.1                          
    0:00:06  738147.0      0.00       0.0      35.1                          
    0:00:07  739410.5      0.00       0.0      19.6                          
    0:00:07  740034.0      0.00       0.0       9.7                          
    0:00:07  740327.0      0.00       0.0       4.4                          
    0:00:07  740752.9      0.00       0.0       2.0                          
    0:00:07  742056.4      0.00       0.0       0.5                          
    0:00:07  742198.8      0.00       0.0       0.0                          
    0:00:07  742488.2      0.00       0.0       0.0                          
    0:00:07  742488.2      0.00       0.0       0.0                          
    0:00:07  742488.2      0.00       0.0       0.0                          
    0:00:07  742488.2      0.00       0.0       0.0                          



  Beginning Delay Optimization Phase
  ----------------------------------

                                  TOTAL                                      
   ELAPSED            WORST NEG   SETUP    DESIGN                            
    TIME      AREA      SLACK     COST    RULE COST         ENDPOINT         
  --------- --------- --------- --------- --------- -------------------------
    0:00:07  742488.2      0.00       0.0       0.0                          
    0:00:07  742488.2      0.00       0.0       0.0                          
    0:00:07  741383.5      0.00       0.0      52.4                          


  Beginning Design Rule Fixing  (max_transition)  (max_capacitance)
  ----------------------------

                                  TOTAL                                      
   ELAPSED            WORST NEG   SETUP    DESIGN                            
    TIME      AREA      SLACK     COST    RULE COST         ENDPOINT         
  --------- --------- --------- --------- --------- -------------------------
    0:00:07  741383.5      0.00       0.0      52.4                          
    0:00:08  744628.2      0.00       0.0      14.8 U0_UART/U0_UART_RX/uart_rx_fsm_inst/cs[2]
    0:00:08  748255.3      0.00       0.0       6.6 U0_UART/U0_UART_RX/deserializer_inst/p_data[4]
    0:00:08  749189.4      0.00       0.0       0.0                          


  Beginning Area-Recovery Phase  (cleanup)
  -----------------------------

                                  TOTAL                                      
   ELAPSED            WORST NEG   SETUP    DESIGN                            
    TIME      AREA      SLACK     COST    RULE COST         ENDPOINT         
  --------- --------- --------- --------- --------- -------------------------
    0:00:08  749189.4      0.00       0.0       0.0                          
    0:00:08  749189.4      0.00       0.0       0.0                          
    0:00:08  742991.7      0.00       0.0       0.0                          
    0:00:08  741264.7      0.00       0.0       0.0                          
    0:00:08  740684.7      0.00       0.0       0.0                          
    0:00:08  740395.2      0.00       0.0       0.0                          
    0:00:08  740101.1      0.00       0.0       0.0                          
    0:00:08  740101.1      0.00       0.0       0.0                          
    0:00:08  740101.1      0.00       0.0       0.0                          
    0:00:08  740008.2      0.00       0.0       0.0                          
    0:00:08  740008.2      0.00       0.0       0.0                          
    0:00:08  740008.2      0.00       0.0       0.0                          
    0:00:08  740008.2      0.00       0.0       0.0                          
    0:00:08  740008.2      0.00       0.0       0.0                          
    0:00:08  740008.2      0.00       0.0       0.0                          
    0:00:08  740025.8      0.00       0.0       0.0                          
Loading db file '/home/IC/Labs/SYSTEM/std_cells/scmetro_tsmc_cl013g_rvt_ss_1p08v_125c.db'
Loading db file '/home/IC/Labs/SYSTEM/std_cells/scmetro_tsmc_cl013g_rvt_tt_1p2v_25c.db'
Loading db file '/home/IC/Labs/SYSTEM/std_cells/scmetro_tsmc_cl013g_rvt_ff_1p32v_m40c.db'


Note: Symbol # after min delay cost means estimated hold TNS across all active scenarios 


  Optimization Complete
  ---------------------
1
##### closee formality setup files####
set_svf -off
1
#############################################################################
# Write out Design after initial compile
#############################################################################
#Avoid Writing assign statements in the netlist
change_name -hier -rule verilog
Warning: The specified replacement character (_) is conflicting with the specified allowed or restricted character.   (UCN-4)
1
if {$flattened == 0} {
write_file -format verilog -hierarchy -output System_mapped_hierarchy.v
} else {
write_file -format verilog -hierarchy -output System_mapped_flattened.v
}
Writing verilog file '/home/IC/Labs/SYSTEM/syn/System_mapped_hierarchy.v'.
1
####################### reporting ##########################################
if {$flattened == 0} {
report_area -hierarchy > area_hierarchy.rpt
} else {
report_area -hierarchy > area_flattened.rpt
}
###################### Mapping and optimization ########################
puts "###############################################"
###############################################
puts "########## Mapping & Optimization #############"
########## Mapping & Optimization #############
puts "###############################################"
###############################################
compile -map_effort high 

Information: There are 88 potential problems in your design. Please run 'check_design' for more information. (LINT-99)


Warning: Operating condition scmetro_tsmc_cl013g_rvt_ss_1p08v_125c set on design SYS_TOP has different process,
voltage and temperatures parameters than the parameters at which target library 
scmetro_tsmc_cl013g_rvt_tt_1p2v_25c is characterized. Delays may be inaccurate as a result. (OPT-998)

  Beginning Pass 1 Mapping
  ------------------------
  Processing 'CLK_GATE'
  Processing 'ALU_DW01_add_1'
  Processing 'ALU_DW02_mult_0'
  Processing 'ALU_DW01_add_0'
  Processing 'ALU_DW01_sub_0'
  Processing 'ALU_DW_div_uns_0'
  Processing 'ALU'
  Processing 'RegFile'
  Processing 'sys_ctrl'
  Processing 'edge_bit_counter'
  Processing 'data_sampling'
  Processing 'Deserializer'
  Processing 'stop_check'
  Processing 'start_check'
  Processing 'parity_check'
  Processing 'uart_rx_fsm'
  Processing 'uart_rx_top'
  Processing 'uart_mux'
  Processing 'serializer'
  Processing 'parity'
  Processing 'uart_fsm'
  Processing 'uart_top'
  Processing 'UART_DATA_WIDTH8'
  Processing 'ClkDiv_1_DW01_inc_0'
  Processing 'ClkDiv_1'
  Processing 'CLKDIV_MUX'
  Processing 'ClkDiv_0_DW01_inc_0'
  Processing 'ClkDiv_0'
  Processing 'PULSE_GEN'
  Processing 'DF_Sync_DATA_SIZE4_1'
  Processing 'fifo_rd'
  Processing 'fifo_wr'
  Processing 'DF_Sync_DATA_SIZE4_0'
  Processing 'fifo_mem_A_SIZE3_D_SIZE8_F_DEPTH8_P_SIZE4'
  Processing 'Async_fifo_D_SIZE8_P_SIZE4_F_DEPTH8'
  Processing 'DATA_SYNC_NUM_STAGES2_BUS_WIDTH8'
  Processing 'RST_SYNC_NUM_STAGES2_1'
  Processing 'RST_SYNC_NUM_STAGES2_0'
  Processing 'SYS_TOP'

  Updating timing information
Information: Updating design information... (UID-85)

  Beginning Implementation Selection
  ----------------------------------

  Beginning Mapping Optimizations  (High effort)
  -------------------------------

                                  TOTAL                                      
   ELAPSED            WORST NEG   SETUP    DESIGN                            
    TIME      AREA      SLACK     COST    RULE COST         ENDPOINT         
  --------- --------- --------- --------- --------- -------------------------
    0:00:03  788587.6      0.00       0.0      21.2                          
    0:00:03  788587.6      0.00       0.0      21.2                          
    0:00:03  788587.6      0.00       0.0      21.2                          
    0:00:03  788587.6      0.00       0.0      21.2                          
    0:00:03  788587.6      0.00       0.0      21.2                          
    0:00:04  761427.0      0.00       0.0      13.0                          
    0:00:04  760967.0      0.00       0.0      12.8                          
    0:00:04  760967.0      0.00       0.0      12.8                          
    0:00:04  760967.0      0.00       0.0      12.8                          
    0:00:04  760948.2      0.00       0.0      12.8                          
    0:00:04  760948.2      0.00       0.0      12.8                          
    0:00:04  762616.4      0.00       0.0       2.0                          
    0:00:04  763044.7      0.00       0.0       0.5                          
    0:00:04  763181.1      0.00       0.0       0.4                          
    0:00:04  763181.1      0.00       0.0       0.4                          
    0:00:04  763181.1      0.00       0.0       0.4                          
    0:00:04  763181.1      0.00       0.0       0.4                          



  Beginning Delay Optimization Phase
  ----------------------------------

                                  TOTAL                                      
   ELAPSED            WORST NEG   SETUP    DESIGN                            
    TIME      AREA      SLACK     COST    RULE COST         ENDPOINT         
  --------- --------- --------- --------- --------- -------------------------
    0:00:04  763181.1      0.00       0.0       0.4                          
    0:00:04  763181.1      0.00       0.0       0.4                          
    0:00:05  748215.1      0.00       0.0      65.4                          


  Beginning Design Rule Fixing  (max_transition)  (max_capacitance)
  ----------------------------

                                  TOTAL                                      
   ELAPSED            WORST NEG   SETUP    DESIGN                            
    TIME      AREA      SLACK     COST    RULE COST         ENDPOINT         
  --------- --------- --------- --------- --------- -------------------------
    0:00:05  748215.1      0.00       0.0      65.4                          
    0:00:05  750608.1      0.00       0.0      10.0 U0_UART/U0_UART_TX/serializer_int/N2
    0:00:06  751925.7      0.00       0.0       0.0                          


  Beginning Area-Recovery Phase  (cleanup)
  -----------------------------

                                  TOTAL                                      
   ELAPSED            WORST NEG   SETUP    DESIGN                            
    TIME      AREA      SLACK     COST    RULE COST         ENDPOINT         
  --------- --------- --------- --------- --------- -------------------------
    0:00:06  751925.7      0.00       0.0       0.0                          
    0:00:06  751925.7      0.00       0.0       0.0                          
    0:00:06  750337.5      0.00       0.0       0.0                          
    0:00:06  749618.7      0.00       0.0       0.0                          
    0:00:06  749185.7      0.00       0.0       0.0                          
    0:00:06  749042.2      0.00       0.0       0.0                          
    0:00:06  748898.6      0.00       0.0       0.0                          
    0:00:06  748898.6      0.00       0.0       0.0                          
    0:00:06  748898.6      0.00       0.0       0.0                          
    0:00:06  748806.9      0.00       0.0       0.0                          
    0:00:06  748806.9      0.00       0.0       0.0                          
    0:00:06  748806.9      0.00       0.0       0.0                          
    0:00:06  748806.9      0.00       0.0       0.0                          
    0:00:06  748806.9      0.00       0.0       0.0                          
    0:00:06  748806.9      0.00       0.0       0.0                          
    0:00:06  748824.5      0.00       0.0       0.0                          
Loading db file '/home/IC/Labs/SYSTEM/std_cells/scmetro_tsmc_cl013g_rvt_ss_1p08v_125c.db'
Loading db file '/home/IC/Labs/SYSTEM/std_cells/scmetro_tsmc_cl013g_rvt_tt_1p2v_25c.db'
Loading db file '/home/IC/Labs/SYSTEM/std_cells/scmetro_tsmc_cl013g_rvt_ff_1p32v_m40c.db'


Note: Symbol # after min delay cost means estimated hold TNS across all active scenarios 


  Optimization Complete
  ---------------------
1
#############################################################################
# Write out Design after initial compile
#############################################################################
write_file -format verilog -hierarchy -output System_Top.v
Writing verilog file '/home/IC/Labs/SYSTEM/syn/System_Top.v'.
Warning: Verilog writer has added 4 nets to module SYS_TOP using SYNOPSYS_UNCONNECTED_ as prefix.  Please use the change_names command to make the correct changes before invoking the verilog writer.  (VO-11)
1
write_file -format ddc -hierarchy -output System_Top.ddc
Writing ddc file 'System_Top.ddc'.
1
write_sdc  -nosplit System_Top.sdc
1
write_sdf           System_Top.sdf
Information: Annotated 'cell' delays are assumed to include load delay. (UID-282)
Information: Writing timing information to file '/home/IC/Labs/SYSTEM/syn/System_Top.sdf'. (WT-3)
Information: Updating design information... (UID-85)
1
################# reporting #######################
report_area -hierarchy > area.rpt
report_power -hierarchy > power.rpt
report_timing -max_paths 100 -delay_type min > hold.rpt
report_timing -max_paths 100 -delay_type max > setup.rpt
report_clock -attributes > clocks.rpt
report_constraint -all_violators > constraints.rpt
################# starting graphical user interface #######################
#gui_start
#exit
dc_shell> 